<?xml version="1.0" encoding="UTF-8"?>
<coverage generated="1606732715637" clover="3.2.0">
  <project timestamp="1606732715638" name="All files">
    <metrics statements="6304" coveredstatements="5449" conditionals="2036" coveredconditionals="1681" methods="1570" coveredmethods="1296" elements="9910" coveredelements="8426" complexity="0" loc="6304" ncloc="6304" packages="105" files="366" classes="366"/>
    <package name="app">
      <metrics statements="16" coveredstatements="0" conditionals="0" coveredconditionals="0" methods="4" coveredmethods="0"/>
      <file name="app.ts" path="/home/travis/build/MaibornWolff/codecharta/visualization/app/app.ts">
        <metrics statements="16" coveredstatements="0" conditionals="0" coveredconditionals="0" methods="4" coveredmethods="0"/>
        <line num="1" count="0" type="stmt"/>
        <line num="2" count="0" type="stmt"/>
        <line num="3" count="0" type="stmt"/>
        <line num="4" count="0" type="stmt"/>
        <line num="5" count="0" type="stmt"/>
        <line num="6" count="0" type="stmt"/>
        <line num="7" count="0" type="stmt"/>
        <line num="8" count="0" type="stmt"/>
        <line num="10" count="0" type="stmt"/>
        <line num="12" count="0" type="stmt"/>
        <line num="17" count="0" type="stmt"/>
        <line num="18" count="0" type="stmt"/>
        <line num="25" count="0" type="stmt"/>
        <line num="28" count="0" type="stmt"/>
        <line num="33" count="0" type="stmt"/>
        <line num="34" count="0" type="stmt"/>
      </file>
    </package>
    <package name="app.codeCharta">
      <metrics statements="155" coveredstatements="148" conditionals="60" coveredconditionals="49" methods="25" coveredmethods="25"/>
      <file name="codeCharta.api.model.ts" path="/home/travis/build/MaibornWolff/codecharta/visualization/app/codeCharta/codeCharta.api.model.ts">
        <metrics statements="8" coveredstatements="8" conditionals="4" coveredconditionals="4" methods="2" coveredmethods="2"/>
        <line num="19" count="142" type="cond" truecount="2" falsecount="0"/>
        <line num="20" count="142" type="stmt"/>
        <line num="21" count="142" type="stmt"/>
        <line num="24" count="142" type="cond" truecount="2" falsecount="0"/>
        <line num="25" count="142" type="stmt"/>
        <line num="26" count="142" type="stmt"/>
        <line num="27" count="142" type="stmt"/>
        <line num="28" count="142" type="stmt"/>
      </file>
      <file name="codeCharta.component.ts" path="/home/travis/build/MaibornWolff/codecharta/visualization/app/codeCharta/codeCharta.component.ts">
        <metrics statements="44" coveredstatements="40" conditionals="14" coveredconditionals="6" methods="4" coveredmethods="4"/>
        <line num="1" count="108" type="stmt"/>
        <line num="3" count="108" type="stmt"/>
        <line num="9" count="108" type="stmt"/>
        <line num="10" count="108" type="stmt"/>
        <line num="11" count="108" type="stmt"/>
        <line num="12" count="108" type="stmt"/>
        <line num="13" count="108" type="stmt"/>
        <line num="14" count="108" type="stmt"/>
        <line num="15" count="108" type="stmt"/>
        <line num="19" count="10" type="stmt"/>
        <line num="29" count="10" type="stmt"/>
        <line num="30" count="10" type="stmt"/>
        <line num="31" count="10" type="stmt"/>
        <line num="32" count="10" type="stmt"/>
        <line num="33" count="10" type="stmt"/>
        <line num="35" count="10" type="stmt"/>
        <line num="37" count="10" type="stmt"/>
        <line num="38" count="10" type="stmt"/>
        <line num="39" count="10" type="stmt"/>
        <line num="40" count="10" type="stmt"/>
        <line num="44" count="13" type="stmt"/>
        <line num="45" count="13" type="stmt"/>
        <line num="46" count="3" type="stmt"/>
        <line num="47" count="3" type="stmt"/>
        <line num="49" count="12" type="stmt"/>
        <line num="54" count="10" type="cond" truecount="2" falsecount="0"/>
        <line num="55" count="8" type="stmt"/>
        <line num="56" count="8" type="stmt"/>
        <line num="57" count="8" type="cond" truecount="1" falsecount="1"/>
        <line num="58" count="8" type="stmt"/>
        <line num="59" count="0" type="cond" truecount="0" falsecount="4"/>
        <line num="60" count="0" type="stmt"/>
        <line num="62" count="8" type="stmt"/>
        <line num="64" count="10" type="stmt"/>
        <line num="71" count="13" type="stmt"/>
        <line num="72" count="13" type="stmt"/>
        <line num="76" count="3" type="stmt"/>
        <line num="77" count="3" type="stmt"/>
        <line num="79" count="3" type="cond" truecount="2" falsecount="2"/>
        <line num="80" count="0" type="stmt"/>
        <line num="81" count="3" type="cond" truecount="1" falsecount="1"/>
        <line num="82" count="0" type="stmt"/>
        <line num="84" count="3" type="stmt"/>
        <line num="89" count="108" type="stmt"/>
      </file>
      <file name="codeCharta.model.ts" path="/home/travis/build/MaibornWolff/codecharta/visualization/app/codeCharta/codeCharta.model.ts">
        <metrics statements="42" coveredstatements="42" conditionals="26" coveredconditionals="26" methods="9" coveredmethods="9"/>
        <line num="14" count="150" type="cond" truecount="2" falsecount="0"/>
        <line num="15" count="150" type="stmt"/>
        <line num="16" count="150" type="stmt"/>
        <line num="17" count="150" type="stmt"/>
        <line num="18" count="150" type="stmt"/>
        <line num="55" count="150" type="cond" truecount="2" falsecount="0"/>
        <line num="56" count="150" type="stmt"/>
        <line num="57" count="150" type="stmt"/>
        <line num="60" count="150" type="cond" truecount="2" falsecount="0"/>
        <line num="61" count="150" type="stmt"/>
        <line num="62" count="150" type="stmt"/>
        <line num="162" count="150" type="cond" truecount="2" falsecount="0"/>
        <line num="163" count="150" type="stmt"/>
        <line num="164" count="150" type="stmt"/>
        <line num="174" count="150" type="cond" truecount="2" falsecount="0"/>
        <line num="175" count="150" type="stmt"/>
        <line num="176" count="150" type="stmt"/>
        <line num="177" count="150" type="stmt"/>
        <line num="178" count="150" type="stmt"/>
        <line num="191" count="150" type="cond" truecount="2" falsecount="0"/>
        <line num="192" count="150" type="stmt"/>
        <line num="193" count="150" type="stmt"/>
        <line num="297" count="176" type="stmt"/>
        <line num="298" count="176" type="cond" truecount="2" falsecount="0"/>
        <line num="299" count="1" type="stmt"/>
        <line num="304" count="175" type="cond" truecount="2" falsecount="0"/>
        <line num="305" count="1" type="stmt"/>
        <line num="310" count="174" type="stmt"/>
        <line num="314" count="127" type="stmt"/>
        <line num="315" count="127" type="cond" truecount="4" falsecount="0"/>
        <line num="316" count="119" type="stmt"/>
        <line num="321" count="8" type="cond" truecount="2" falsecount="0"/>
        <line num="322" count="1" type="stmt"/>
        <line num="324" count="7" type="cond" truecount="2" falsecount="0"/>
        <line num="325" count="1" type="stmt"/>
        <line num="328" count="6" type="stmt"/>
        <line num="340" count="150" type="cond" truecount="2" falsecount="0"/>
        <line num="341" count="150" type="stmt"/>
        <line num="342" count="150" type="stmt"/>
        <line num="343" count="150" type="stmt"/>
        <line num="344" count="150" type="stmt"/>
        <line num="345" count="150" type="stmt"/>
      </file>
      <file name="codeCharta.module.ts" path="/home/travis/build/MaibornWolff/codecharta/visualization/app/codeCharta/codeCharta.module.ts">
        <metrics statements="9" coveredstatements="9" conditionals="0" coveredconditionals="0" methods="0" coveredmethods="0"/>
        <line num="3" count="108" type="stmt"/>
        <line num="4" count="108" type="stmt"/>
        <line num="6" count="108" type="stmt"/>
        <line num="7" count="108" type="stmt"/>
        <line num="9" count="108" type="stmt"/>
        <line num="10" count="108" type="stmt"/>
        <line num="11" count="108" type="stmt"/>
        <line num="13" count="108" type="stmt"/>
        <line num="15" count="108" type="stmt"/>
      </file>
      <file name="codeCharta.mouseEvent.service.ts" path="/home/travis/build/MaibornWolff/codecharta/visualization/app/codeCharta/codeCharta.mouseEvent.service.ts">
        <metrics statements="12" coveredstatements="12" conditionals="8" coveredconditionals="8" methods="4" coveredmethods="4"/>
        <line num="2" count="108" type="stmt"/>
        <line num="3" count="108" type="stmt"/>
        <line num="4" count="108" type="stmt"/>
        <line num="7" count="21" type="stmt"/>
        <line num="13" count="9" type="cond" truecount="2" falsecount="0"/>
        <line num="14" count="6" type="stmt"/>
        <line num="17" count="9" type="cond" truecount="2" falsecount="0"/>
        <line num="18" count="5" type="stmt"/>
        <line num="23" count="6" type="cond" truecount="2" falsecount="0"/>
        <line num="24" count="4" type="stmt"/>
        <line num="29" count="5" type="cond" truecount="2" falsecount="0"/>
        <line num="30" count="3" type="stmt"/>
      </file>
      <file name="codeCharta.service.ts" path="/home/travis/build/MaibornWolff/codecharta/visualization/app/codeCharta/codeCharta.service.ts">
        <metrics statements="40" coveredstatements="37" conditionals="8" coveredconditionals="5" methods="6" coveredmethods="6"/>
        <line num="1" count="142" type="stmt"/>
        <line num="3" count="142" type="stmt"/>
        <line num="5" count="142" type="stmt"/>
        <line num="6" count="142" type="stmt"/>
        <line num="8" count="142" type="stmt"/>
        <line num="9" count="142" type="stmt"/>
        <line num="10" count="142" type="stmt"/>
        <line num="11" count="142" type="stmt"/>
        <line num="12" count="142" type="stmt"/>
        <line num="15" count="142" type="stmt"/>
        <line num="16" count="142" type="stmt"/>
        <line num="17" count="142" type="stmt"/>
        <line num="18" count="22" type="stmt"/>
        <line num="20" count="22" type="stmt"/>
        <line num="23" count="12" type="stmt"/>
        <line num="24" count="12" type="stmt"/>
        <line num="25" count="12" type="stmt"/>
        <line num="26" count="7" type="stmt"/>
        <line num="28" count="5" type="cond" truecount="1" falsecount="1"/>
        <line num="29" count="5" type="stmt"/>
        <line num="30" count="5" type="stmt"/>
        <line num="31" count="5" type="stmt"/>
        <line num="32" count="5" type="stmt"/>
        <line num="35" count="0" type="cond" truecount="0" falsecount="2"/>
        <line num="36" count="0" type="stmt"/>
        <line num="37" count="0" type="stmt"/>
        <line num="42" count="12" type="cond" truecount="2" falsecount="0"/>
        <line num="43" count="7" type="stmt"/>
        <line num="44" count="7" type="stmt"/>
        <line num="45" count="7" type="stmt"/>
        <line num="46" count="7" type="stmt"/>
        <line num="47" count="7" type="stmt"/>
        <line num="52" count="7" type="stmt"/>
        <line num="53" count="7" type="stmt"/>
        <line num="54" count="7" type="stmt"/>
        <line num="58" count="7" type="stmt"/>
        <line num="59" count="7" type="stmt"/>
        <line num="60" count="7" type="stmt"/>
        <line num="62" count="9" type="cond" truecount="2" falsecount="0"/>
        <line num="63" count="1" type="stmt"/>
      </file>
    </package>
    <package name="app.codeCharta.model.customConfig">
      <metrics statements="4" coveredstatements="4" conditionals="2" coveredconditionals="2" methods="1" coveredmethods="1"/>
      <file name="customConfig.api.model.ts" path="/home/travis/build/MaibornWolff/codecharta/visualization/app/codeCharta/model/customConfig/customConfig.api.model.ts">
        <metrics statements="4" coveredstatements="4" conditionals="2" coveredconditionals="2" methods="1" coveredmethods="1"/>
        <line num="3" count="142" type="cond" truecount="2" falsecount="0"/>
        <line num="4" count="142" type="stmt"/>
        <line num="5" count="142" type="stmt"/>
        <line num="6" count="142" type="stmt"/>
      </file>
    </package>
    <package name="app.codeCharta.model.files">
      <metrics statements="16" coveredstatements="16" conditionals="6" coveredconditionals="6" methods="17" coveredmethods="17"/>
      <file name="files.helper.ts" path="/home/travis/build/MaibornWolff/codecharta/visualization/app/codeCharta/model/files/files.helper.ts">
        <metrics statements="10" coveredstatements="10" conditionals="4" coveredconditionals="4" methods="16" coveredmethods="16"/>
        <line num="1" count="142" type="stmt"/>
        <line num="4" count="16" type="stmt"/>
        <line num="8" count="423" type="stmt"/>
        <line num="12" count="4" type="stmt"/>
        <line num="13" count="3" type="cond" truecount="2" falsecount="0"/>
        <line num="17" count="3" type="stmt"/>
        <line num="21" count="135" type="stmt"/>
        <line num="25" count="37" type="stmt"/>
        <line num="29" count="88" type="cond" truecount="2" falsecount="0"/>
        <line num="33" count="28" type="stmt"/>
      </file>
      <file name="files.ts" path="/home/travis/build/MaibornWolff/codecharta/visualization/app/codeCharta/model/files/files.ts">
        <metrics statements="6" coveredstatements="6" conditionals="2" coveredconditionals="2" methods="1" coveredmethods="1"/>
        <line num="8" count="145" type="cond" truecount="2" falsecount="0"/>
        <line num="9" count="145" type="stmt"/>
        <line num="10" count="145" type="stmt"/>
        <line num="11" count="145" type="stmt"/>
        <line num="12" count="145" type="stmt"/>
        <line num="13" count="145" type="stmt"/>
      </file>
    </package>
    <package name="app.codeCharta.ressources.fixed-folders">
      <metrics statements="3" coveredstatements="3" conditionals="0" coveredconditionals="0" methods="0" coveredmethods="0"/>
      <file name="fixed-folders-example.ts" path="/home/travis/build/MaibornWolff/codecharta/visualization/app/codeCharta/ressources/fixed-folders/fixed-folders-example.ts">
        <metrics statements="3" coveredstatements="3" conditionals="0" coveredconditionals="0" methods="0" coveredmethods="0"/>
        <line num="1" count="2" type="stmt"/>
        <line num="4" count="2" type="stmt"/>
        <line num="141" count="2" type="stmt"/>
      </file>
    </package>
    <package name="app.codeCharta.state">
      <metrics statements="145" coveredstatements="144" conditionals="15" coveredconditionals="15" methods="13" coveredmethods="12"/>
      <file name="injector.service.ts" path="/home/travis/build/MaibornWolff/codecharta/visualization/app/codeCharta/state/injector.service.ts">
        <metrics statements="49" coveredstatements="49" conditionals="0" coveredconditionals="0" methods="1" coveredmethods="1"/>
        <line num="59" count="8" type="stmt"/>
        <line num="60" count="8" type="stmt"/>
        <line num="61" count="8" type="stmt"/>
        <line num="62" count="8" type="stmt"/>
        <line num="63" count="8" type="stmt"/>
        <line num="64" count="8" type="stmt"/>
        <line num="65" count="8" type="stmt"/>
        <line num="66" count="8" type="stmt"/>
        <line num="67" count="8" type="stmt"/>
        <line num="68" count="8" type="stmt"/>
        <line num="69" count="8" type="stmt"/>
        <line num="70" count="8" type="stmt"/>
        <line num="71" count="8" type="stmt"/>
        <line num="72" count="8" type="stmt"/>
        <line num="73" count="8" type="stmt"/>
        <line num="74" count="8" type="stmt"/>
        <line num="75" count="8" type="stmt"/>
        <line num="76" count="8" type="stmt"/>
        <line num="77" count="8" type="stmt"/>
        <line num="78" count="8" type="stmt"/>
        <line num="79" count="8" type="stmt"/>
        <line num="80" count="8" type="stmt"/>
        <line num="81" count="8" type="stmt"/>
        <line num="82" count="8" type="stmt"/>
        <line num="83" count="8" type="stmt"/>
        <line num="84" count="8" type="stmt"/>
        <line num="85" count="8" type="stmt"/>
        <line num="86" count="8" type="stmt"/>
        <line num="87" count="8" type="stmt"/>
        <line num="88" count="8" type="stmt"/>
        <line num="89" count="8" type="stmt"/>
        <line num="90" count="8" type="stmt"/>
        <line num="91" count="8" type="stmt"/>
        <line num="92" count="8" type="stmt"/>
        <line num="93" count="8" type="stmt"/>
        <line num="94" count="8" type="stmt"/>
        <line num="95" count="8" type="stmt"/>
        <line num="96" count="8" type="stmt"/>
        <line num="97" count="8" type="stmt"/>
        <line num="98" count="8" type="stmt"/>
        <line num="99" count="8" type="stmt"/>
        <line num="100" count="8" type="stmt"/>
        <line num="101" count="8" type="stmt"/>
        <line num="102" count="8" type="stmt"/>
        <line num="103" count="8" type="stmt"/>
        <line num="104" count="8" type="stmt"/>
        <line num="105" count="8" type="stmt"/>
        <line num="106" count="8" type="stmt"/>
        <line num="107" count="8" type="stmt"/>
      </file>
      <file name="nodeSearch.service.ts" path="/home/travis/build/MaibornWolff/codecharta/visualization/app/codeCharta/state/nodeSearch.service.ts">
        <metrics statements="15" coveredstatements="14" conditionals="0" coveredconditionals="0" methods="6" coveredmethods="5"/>
        <line num="3" count="108" type="stmt"/>
        <line num="6" count="108" type="stmt"/>
        <line num="7" count="108" type="stmt"/>
        <line num="14" count="108" type="stmt"/>
        <line num="16" count="17" type="stmt"/>
        <line num="20" count="17" type="stmt"/>
        <line num="21" count="17" type="stmt"/>
        <line num="22" count="17" type="stmt"/>
        <line num="24" count="17" type="stmt"/>
        <line num="28" count="14" type="stmt"/>
        <line num="29" count="14" type="stmt"/>
        <line num="30" count="29" type="stmt"/>
        <line num="34" count="14" type="stmt"/>
        <line num="38" count="1" type="stmt"/>
        <line num="39" count="0" type="stmt"/>
      </file>
      <file name="state.module.ts" path="/home/travis/build/MaibornWolff/codecharta/visualization/app/codeCharta/state/state.module.ts">
        <metrics statements="55" coveredstatements="55" conditionals="0" coveredconditionals="0" methods="0" coveredmethods="0"/>
        <line num="1" count="108" type="stmt"/>
        <line num="3" count="108" type="stmt"/>
        <line num="4" count="108" type="stmt"/>
        <line num="5" count="108" type="stmt"/>
        <line num="6" count="108" type="stmt"/>
        <line num="7" count="108" type="stmt"/>
        <line num="8" count="108" type="stmt"/>
        <line num="9" count="108" type="stmt"/>
        <line num="10" count="108" type="stmt"/>
        <line num="11" count="108" type="stmt"/>
        <line num="12" count="108" type="stmt"/>
        <line num="13" count="108" type="stmt"/>
        <line num="14" count="108" type="stmt"/>
        <line num="15" count="108" type="stmt"/>
        <line num="16" count="108" type="stmt"/>
        <line num="17" count="108" type="stmt"/>
        <line num="18" count="108" type="stmt"/>
        <line num="19" count="108" type="stmt"/>
        <line num="20" count="108" type="stmt"/>
        <line num="21" count="108" type="stmt"/>
        <line num="22" count="108" type="stmt"/>
        <line num="23" count="108" type="stmt"/>
        <line num="24" count="108" type="stmt"/>
        <line num="25" count="108" type="stmt"/>
        <line num="26" count="108" type="stmt"/>
        <line num="27" count="108" type="stmt"/>
        <line num="28" count="108" type="stmt"/>
        <line num="29" count="108" type="stmt"/>
        <line num="30" count="108" type="stmt"/>
        <line num="31" count="108" type="stmt"/>
        <line num="32" count="108" type="stmt"/>
        <line num="33" count="108" type="stmt"/>
        <line num="34" count="108" type="stmt"/>
        <line num="35" count="108" type="stmt"/>
        <line num="36" count="108" type="stmt"/>
        <line num="37" count="108" type="stmt"/>
        <line num="38" count="108" type="stmt"/>
        <line num="39" count="108" type="stmt"/>
        <line num="40" count="108" type="stmt"/>
        <line num="41" count="108" type="stmt"/>
        <line num="42" count="108" type="stmt"/>
        <line num="43" count="108" type="stmt"/>
        <line num="44" count="108" type="stmt"/>
        <line num="45" count="108" type="stmt"/>
        <line num="46" count="108" type="stmt"/>
        <line num="47" count="108" type="stmt"/>
        <line num="48" count="108" type="stmt"/>
        <line num="49" count="108" type="stmt"/>
        <line num="50" count="108" type="stmt"/>
        <line num="51" count="108" type="stmt"/>
        <line num="52" count="108" type="stmt"/>
        <line num="53" count="108" type="stmt"/>
        <line num="54" count="108" type="stmt"/>
        <line num="55" count="108" type="stmt"/>
        <line num="57" count="108" type="stmt"/>
      </file>
      <file name="store.service.ts" path="/home/travis/build/MaibornWolff/codecharta/visualization/app/codeCharta/state/store.service.ts">
        <metrics statements="26" coveredstatements="26" conditionals="15" coveredconditionals="15" methods="6" coveredmethods="6"/>
        <line num="1" count="142" type="stmt"/>
        <line num="2" count="142" type="stmt"/>
        <line num="4" count="142" type="stmt"/>
        <line num="5" count="142" type="stmt"/>
        <line num="6" count="142" type="stmt"/>
        <line num="8" count="142" type="stmt"/>
        <line num="9" count="142" type="stmt"/>
        <line num="10" count="142" type="stmt"/>
        <line num="11" count="142" type="stmt"/>
        <line num="12" count="142" type="stmt"/>
        <line num="13" count="142" type="stmt"/>
        <line num="14" count="142" type="stmt"/>
        <line num="15" count="142" type="stmt"/>
        <line num="26" count="142" type="stmt"/>
        <line num="30" count="832" type="stmt"/>
        <line num="31" count="832" type="stmt"/>
        <line num="35" count="1564" type="cond" truecount="2" falsecount="0"/>
        <line num="49" count="745" type="stmt"/>
        <line num="52" count="1564" type="stmt"/>
        <line num="53" count="2784" type="stmt"/>
        <line num="54" count="2782" type="cond" truecount="2" falsecount="0"/>
        <line num="55" count="2777" type="stmt"/>
        <line num="61" count="2256" type="stmt"/>
        <line num="65" count="2777" type="stmt"/>
        <line num="69" count="884" type="stmt"/>
        <line num="70" count="13840" type="stmt"/>
      </file>
    </package>
    <package name="app.codeCharta.state.store">
      <metrics statements="65" coveredstatements="62" conditionals="31" coveredconditionals="28" methods="3" coveredmethods="3"/>
      <file name="state.actions.ts" path="/home/travis/build/MaibornWolff/codecharta/visualization/app/codeCharta/state/store/state.actions.ts">
        <metrics statements="11" coveredstatements="11" conditionals="3" coveredconditionals="3" methods="2" coveredmethods="2"/>
        <line num="4" count="143" type="stmt"/>
        <line num="5" count="143" type="stmt"/>
        <line num="6" count="143" type="stmt"/>
        <line num="7" count="143" type="stmt"/>
        <line num="8" count="143" type="stmt"/>
        <line num="9" count="143" type="stmt"/>
        <line num="10" count="143" type="stmt"/>
        <line num="12" count="143" type="cond" truecount="2" falsecount="0"/>
        <line num="13" count="143" type="stmt"/>
        <line num="24" count="29" type="stmt"/>
        <line num="30" count="143" type="stmt"/>
      </file>
      <file name="state.reducer.ts" path="/home/travis/build/MaibornWolff/codecharta/visualization/app/codeCharta/state/store/state.reducer.ts">
        <metrics statements="10" coveredstatements="10" conditionals="0" coveredconditionals="0" methods="0" coveredmethods="0"/>
        <line num="2" count="142" type="stmt"/>
        <line num="3" count="142" type="stmt"/>
        <line num="4" count="142" type="stmt"/>
        <line num="5" count="142" type="stmt"/>
        <line num="6" count="142" type="stmt"/>
        <line num="7" count="142" type="stmt"/>
        <line num="8" count="142" type="stmt"/>
        <line num="9" count="142" type="stmt"/>
        <line num="11" count="142" type="stmt"/>
        <line num="22" count="142" type="stmt"/>
      </file>
      <file name="state.splitter.ts" path="/home/travis/build/MaibornWolff/codecharta/visualization/app/codeCharta/state/store/state.splitter.ts">
        <metrics statements="44" coveredstatements="41" conditionals="28" coveredconditionals="25" methods="1" coveredmethods="1"/>
        <line num="2" count="143" type="stmt"/>
        <line num="5" count="143" type="stmt"/>
        <line num="6" count="143" type="stmt"/>
        <line num="7" count="143" type="stmt"/>
        <line num="8" count="143" type="stmt"/>
        <line num="9" count="143" type="stmt"/>
        <line num="10" count="143" type="stmt"/>
        <line num="13" count="143" type="stmt"/>
        <line num="14" count="143" type="stmt"/>
        <line num="15" count="143" type="stmt"/>
        <line num="16" count="143" type="stmt"/>
        <line num="17" count="143" type="stmt"/>
        <line num="18" count="143" type="stmt"/>
        <line num="19" count="143" type="stmt"/>
        <line num="23" count="1570" type="cond" truecount="1" falsecount="1"/>
        <line num="24" count="0" type="stmt"/>
        <line num="27" count="1570" type="cond" truecount="1" falsecount="1"/>
        <line num="28" count="0" type="stmt"/>
        <line num="31" count="1570" type="cond" truecount="2" falsecount="0"/>
        <line num="32" count="15" type="stmt"/>
        <line num="35" count="1555" type="cond" truecount="2" falsecount="0"/>
        <line num="36" count="1" type="stmt"/>
        <line num="39" count="1554" type="cond" truecount="2" falsecount="0"/>
        <line num="40" count="13" type="stmt"/>
        <line num="43" count="1541" type="cond" truecount="1" falsecount="1"/>
        <line num="44" count="0" type="stmt"/>
        <line num="47" count="1541" type="cond" truecount="2" falsecount="0"/>
        <line num="48" count="25" type="stmt"/>
        <line num="51" count="25" type="cond" truecount="2" falsecount="0"/>
        <line num="52" count="17" type="stmt"/>
        <line num="55" count="25" type="cond" truecount="2" falsecount="0"/>
        <line num="56" count="17" type="stmt"/>
        <line num="59" count="25" type="cond" truecount="2" falsecount="0"/>
        <line num="60" count="22" type="stmt"/>
        <line num="63" count="25" type="cond" truecount="2" falsecount="0"/>
        <line num="64" count="18" type="stmt"/>
        <line num="67" count="25" type="cond" truecount="2" falsecount="0"/>
        <line num="68" count="22" type="stmt"/>
        <line num="71" count="25" type="cond" truecount="2" falsecount="0"/>
        <line num="72" count="17" type="stmt"/>
        <line num="75" count="25" type="cond" truecount="2" falsecount="0"/>
        <line num="76" count="17" type="stmt"/>
        <line num="78" count="25" type="stmt"/>
        <line num="81" count="1516" type="stmt"/>
      </file>
    </package>
    <package name="app.codeCharta.state.store.appSettings">
      <metrics statements="139" coveredstatements="139" conditionals="55" coveredconditionals="55" methods="3" coveredmethods="3"/>
      <file name="appSettings.actions.ts" path="/home/travis/build/MaibornWolff/codecharta/visualization/app/codeCharta/state/store/appSettings/appSettings.actions.ts">
        <metrics statements="30" coveredstatements="30" conditionals="3" coveredconditionals="3" methods="2" coveredmethods="2"/>
        <line num="4" count="143" type="stmt"/>
        <line num="5" count="143" type="stmt"/>
        <line num="6" count="143" type="stmt"/>
        <line num="7" count="143" type="stmt"/>
        <line num="8" count="143" type="stmt"/>
        <line num="9" count="143" type="stmt"/>
        <line num="10" count="143" type="stmt"/>
        <line num="11" count="143" type="stmt"/>
        <line num="12" count="143" type="stmt"/>
        <line num="13" count="143" type="stmt"/>
        <line num="14" count="143" type="stmt"/>
        <line num="15" count="143" type="stmt"/>
        <line num="16" count="143" type="stmt"/>
        <line num="17" count="143" type="stmt"/>
        <line num="18" count="143" type="stmt"/>
        <line num="19" count="143" type="stmt"/>
        <line num="20" count="143" type="stmt"/>
        <line num="21" count="143" type="stmt"/>
        <line num="22" count="143" type="stmt"/>
        <line num="23" count="143" type="stmt"/>
        <line num="24" count="143" type="stmt"/>
        <line num="25" count="143" type="stmt"/>
        <line num="26" count="143" type="stmt"/>
        <line num="27" count="143" type="stmt"/>
        <line num="28" count="143" type="stmt"/>
        <line num="29" count="143" type="stmt"/>
        <line num="31" count="143" type="cond" truecount="2" falsecount="0"/>
        <line num="32" count="143" type="stmt"/>
        <line num="43" count="15" type="stmt"/>
        <line num="49" count="143" type="stmt"/>
      </file>
      <file name="appSettings.reducer.ts" path="/home/travis/build/MaibornWolff/codecharta/visualization/app/codeCharta/state/store/appSettings/appSettings.reducer.ts">
        <metrics statements="29" coveredstatements="29" conditionals="0" coveredconditionals="0" methods="0" coveredmethods="0"/>
        <line num="2" count="142" type="stmt"/>
        <line num="3" count="142" type="stmt"/>
        <line num="4" count="142" type="stmt"/>
        <line num="5" count="142" type="stmt"/>
        <line num="6" count="142" type="stmt"/>
        <line num="7" count="142" type="stmt"/>
        <line num="8" count="142" type="stmt"/>
        <line num="9" count="142" type="stmt"/>
        <line num="10" count="142" type="stmt"/>
        <line num="11" count="142" type="stmt"/>
        <line num="12" count="142" type="stmt"/>
        <line num="13" count="142" type="stmt"/>
        <line num="14" count="142" type="stmt"/>
        <line num="15" count="142" type="stmt"/>
        <line num="16" count="142" type="stmt"/>
        <line num="17" count="142" type="stmt"/>
        <line num="18" count="142" type="stmt"/>
        <line num="19" count="142" type="stmt"/>
        <line num="20" count="142" type="stmt"/>
        <line num="21" count="142" type="stmt"/>
        <line num="22" count="142" type="stmt"/>
        <line num="23" count="142" type="stmt"/>
        <line num="24" count="142" type="stmt"/>
        <line num="25" count="142" type="stmt"/>
        <line num="26" count="142" type="stmt"/>
        <line num="27" count="142" type="stmt"/>
        <line num="28" count="142" type="stmt"/>
        <line num="30" count="142" type="stmt"/>
        <line num="60" count="142" type="stmt"/>
      </file>
      <file name="appSettings.splitter.ts" path="/home/travis/build/MaibornWolff/codecharta/visualization/app/codeCharta/state/store/appSettings/appSettings.splitter.ts">
        <metrics statements="80" coveredstatements="80" conditionals="52" coveredconditionals="52" methods="1" coveredmethods="1"/>
        <line num="5" count="143" type="stmt"/>
        <line num="6" count="143" type="stmt"/>
        <line num="7" count="143" type="stmt"/>
        <line num="8" count="143" type="stmt"/>
        <line num="9" count="143" type="stmt"/>
        <line num="10" count="143" type="stmt"/>
        <line num="11" count="143" type="stmt"/>
        <line num="12" count="143" type="stmt"/>
        <line num="13" count="143" type="stmt"/>
        <line num="14" count="143" type="stmt"/>
        <line num="15" count="143" type="stmt"/>
        <line num="16" count="143" type="stmt"/>
        <line num="17" count="143" type="stmt"/>
        <line num="18" count="143" type="stmt"/>
        <line num="19" count="143" type="stmt"/>
        <line num="20" count="143" type="stmt"/>
        <line num="21" count="143" type="stmt"/>
        <line num="22" count="143" type="stmt"/>
        <line num="23" count="143" type="stmt"/>
        <line num="24" count="143" type="stmt"/>
        <line num="25" count="143" type="stmt"/>
        <line num="26" count="143" type="stmt"/>
        <line num="27" count="143" type="stmt"/>
        <line num="28" count="143" type="stmt"/>
        <line num="29" count="143" type="stmt"/>
        <line num="30" count="143" type="stmt"/>
        <line num="33" count="35" type="stmt"/>
        <line num="36" count="35" type="cond" truecount="2" falsecount="0"/>
        <line num="37" count="29" type="stmt"/>
        <line num="40" count="35" type="cond" truecount="2" falsecount="0"/>
        <line num="41" count="29" type="stmt"/>
        <line num="44" count="35" type="cond" truecount="2" falsecount="0"/>
        <line num="45" count="29" type="stmt"/>
        <line num="48" count="35" type="cond" truecount="2" falsecount="0"/>
        <line num="49" count="29" type="stmt"/>
        <line num="52" count="35" type="cond" truecount="2" falsecount="0"/>
        <line num="53" count="29" type="stmt"/>
        <line num="56" count="35" type="cond" truecount="2" falsecount="0"/>
        <line num="57" count="29" type="stmt"/>
        <line num="60" count="35" type="cond" truecount="2" falsecount="0"/>
        <line num="61" count="29" type="stmt"/>
        <line num="64" count="35" type="cond" truecount="2" falsecount="0"/>
        <line num="65" count="29" type="stmt"/>
        <line num="68" count="35" type="cond" truecount="2" falsecount="0"/>
        <line num="69" count="29" type="stmt"/>
        <line num="72" count="35" type="cond" truecount="2" falsecount="0"/>
        <line num="73" count="29" type="stmt"/>
        <line num="76" count="35" type="cond" truecount="2" falsecount="0"/>
        <line num="77" count="29" type="stmt"/>
        <line num="80" count="35" type="cond" truecount="2" falsecount="0"/>
        <line num="81" count="29" type="stmt"/>
        <line num="84" count="35" type="cond" truecount="2" falsecount="0"/>
        <line num="85" count="29" type="stmt"/>
        <line num="88" count="35" type="cond" truecount="2" falsecount="0"/>
        <line num="89" count="29" type="stmt"/>
        <line num="92" count="35" type="cond" truecount="2" falsecount="0"/>
        <line num="93" count="29" type="stmt"/>
        <line num="96" count="35" type="cond" truecount="2" falsecount="0"/>
        <line num="97" count="29" type="stmt"/>
        <line num="100" count="35" type="cond" truecount="2" falsecount="0"/>
        <line num="101" count="29" type="stmt"/>
        <line num="104" count="35" type="cond" truecount="2" falsecount="0"/>
        <line num="105" count="31" type="stmt"/>
        <line num="108" count="35" type="cond" truecount="2" falsecount="0"/>
        <line num="109" count="31" type="stmt"/>
        <line num="112" count="35" type="cond" truecount="2" falsecount="0"/>
        <line num="113" count="30" type="stmt"/>
        <line num="116" count="35" type="cond" truecount="2" falsecount="0"/>
        <line num="117" count="31" type="stmt"/>
        <line num="120" count="35" type="cond" truecount="2" falsecount="0"/>
        <line num="121" count="30" type="stmt"/>
        <line num="124" count="35" type="cond" truecount="2" falsecount="0"/>
        <line num="125" count="29" type="stmt"/>
        <line num="128" count="35" type="cond" truecount="2" falsecount="0"/>
        <line num="129" count="29" type="stmt"/>
        <line num="132" count="35" type="cond" truecount="2" falsecount="0"/>
        <line num="133" count="29" type="stmt"/>
        <line num="136" count="35" type="cond" truecount="2" falsecount="0"/>
        <line num="137" count="29" type="stmt"/>
        <line num="140" count="35" type="stmt"/>
      </file>
    </package>
    <package name="app.codeCharta.state.store.appSettings.amountOfEdgePreviews">
      <metrics statements="22" coveredstatements="21" conditionals="8" coveredconditionals="8" methods="10" coveredmethods="9"/>
      <file name="amountOfEdgePreviews.actions.ts" path="/home/travis/build/MaibornWolff/codecharta/visualization/app/codeCharta/state/store/appSettings/amountOfEdgePreviews/amountOfEdgePreviews.actions.ts">
        <metrics statements="4" coveredstatements="4" conditionals="3" coveredconditionals="3" methods="2" coveredmethods="2"/>
        <line num="3" count="144" type="cond" truecount="2" falsecount="0"/>
        <line num="4" count="144" type="stmt"/>
        <line num="15" count="1439" type="stmt"/>
        <line num="21" count="144" type="stmt"/>
      </file>
      <file name="amountOfEdgePreviews.reducer.ts" path="/home/travis/build/MaibornWolff/codecharta/visualization/app/codeCharta/state/store/appSettings/amountOfEdgePreviews/amountOfEdgePreviews.reducer.ts">
        <metrics statements="4" coveredstatements="4" conditionals="3" coveredconditionals="3" methods="1" coveredmethods="1"/>
        <line num="1" count="143" type="stmt"/>
        <line num="4" count="4240" type="stmt"/>
        <line num="6" count="37" type="stmt"/>
        <line num="8" count="4203" type="stmt"/>
      </file>
      <file name="amountOfEdgePreviews.service.ts" path="/home/travis/build/MaibornWolff/codecharta/visualization/app/codeCharta/state/store/appSettings/amountOfEdgePreviews/amountOfEdgePreviews.service.ts">
        <metrics statements="12" coveredstatements="11" conditionals="2" coveredconditionals="2" methods="6" coveredmethods="5"/>
        <line num="1" count="108" type="stmt"/>
        <line num="3" count="108" type="stmt"/>
        <line num="4" count="108" type="stmt"/>
        <line num="11" count="108" type="stmt"/>
        <line num="13" count="12" type="stmt"/>
        <line num="14" count="12" type="stmt"/>
        <line num="18" count="284" type="cond" truecount="2" falsecount="0"/>
        <line num="19" count="11" type="stmt"/>
        <line num="24" count="11" type="stmt"/>
        <line num="28" count="11" type="stmt"/>
        <line num="34" count="1" type="stmt"/>
        <line num="35" count="0" type="stmt"/>
      </file>
      <file name="amountOfEdgePreviews.splitter.ts" path="/home/travis/build/MaibornWolff/codecharta/visualization/app/codeCharta/state/store/appSettings/amountOfEdgePreviews/amountOfEdgePreviews.splitter.ts">
        <metrics statements="2" coveredstatements="2" conditionals="0" coveredconditionals="0" methods="1" coveredmethods="1"/>
        <line num="1" count="143" type="stmt"/>
        <line num="4" count="29" type="stmt"/>
      </file>
    </package>
    <package name="app.codeCharta.state.store.appSettings.amountOfTopLabels">
      <metrics statements="22" coveredstatements="21" conditionals="8" coveredconditionals="8" methods="10" coveredmethods="9"/>
      <file name="amountOfTopLabels.actions.ts" path="/home/travis/build/MaibornWolff/codecharta/visualization/app/codeCharta/state/store/appSettings/amountOfTopLabels/amountOfTopLabels.actions.ts">
        <metrics statements="4" coveredstatements="4" conditionals="3" coveredconditionals="3" methods="2" coveredmethods="2"/>
        <line num="3" count="144" type="cond" truecount="2" falsecount="0"/>
        <line num="4" count="144" type="stmt"/>
        <line num="15" count="1443" type="stmt"/>
        <line num="21" count="144" type="stmt"/>
      </file>
      <file name="amountOfTopLabels.reducer.ts" path="/home/travis/build/MaibornWolff/codecharta/visualization/app/codeCharta/state/store/appSettings/amountOfTopLabels/amountOfTopLabels.reducer.ts">
        <metrics statements="4" coveredstatements="4" conditionals="3" coveredconditionals="3" methods="1" coveredmethods="1"/>
        <line num="1" count="143" type="stmt"/>
        <line num="4" count="4240" type="stmt"/>
        <line num="6" count="41" type="stmt"/>
        <line num="8" count="4199" type="stmt"/>
      </file>
      <file name="amountOfTopLabels.service.ts" path="/home/travis/build/MaibornWolff/codecharta/visualization/app/codeCharta/state/store/appSettings/amountOfTopLabels/amountOfTopLabels.service.ts">
        <metrics statements="12" coveredstatements="11" conditionals="2" coveredconditionals="2" methods="6" coveredmethods="5"/>
        <line num="1" count="108" type="stmt"/>
        <line num="3" count="108" type="stmt"/>
        <line num="4" count="108" type="stmt"/>
        <line num="11" count="108" type="stmt"/>
        <line num="13" count="12" type="stmt"/>
        <line num="14" count="12" type="stmt"/>
        <line num="18" count="284" type="cond" truecount="2" falsecount="0"/>
        <line num="19" count="11" type="stmt"/>
        <line num="24" count="11" type="stmt"/>
        <line num="28" count="11" type="stmt"/>
        <line num="34" count="1" type="stmt"/>
        <line num="35" count="0" type="stmt"/>
      </file>
      <file name="amountOfTopLabels.splitter.ts" path="/home/travis/build/MaibornWolff/codecharta/visualization/app/codeCharta/state/store/appSettings/amountOfTopLabels/amountOfTopLabels.splitter.ts">
        <metrics statements="2" coveredstatements="2" conditionals="0" coveredconditionals="0" methods="1" coveredmethods="1"/>
        <line num="1" count="143" type="stmt"/>
        <line num="4" count="29" type="stmt"/>
      </file>
    </package>
    <package name="app.codeCharta.state.store.appSettings.camera">
      <metrics statements="24" coveredstatements="24" conditionals="8" coveredconditionals="8" methods="10" coveredmethods="10"/>
      <file name="camera.actions.ts" path="/home/travis/build/MaibornWolff/codecharta/visualization/app/codeCharta/state/store/appSettings/camera/camera.actions.ts">
        <metrics statements="5" coveredstatements="5" conditionals="3" coveredconditionals="3" methods="2" coveredmethods="2"/>
        <line num="1" count="144" type="stmt"/>
        <line num="4" count="144" type="cond" truecount="2" falsecount="0"/>
        <line num="5" count="144" type="stmt"/>
        <line num="16" count="1442" type="stmt"/>
        <line num="22" count="144" type="stmt"/>
      </file>
      <file name="camera.reducer.ts" path="/home/travis/build/MaibornWolff/codecharta/visualization/app/codeCharta/state/store/appSettings/camera/camera.reducer.ts">
        <metrics statements="5" coveredstatements="5" conditionals="3" coveredconditionals="3" methods="1" coveredmethods="1"/>
        <line num="1" count="143" type="stmt"/>
        <line num="2" count="143" type="stmt"/>
        <line num="5" count="4240" type="stmt"/>
        <line num="7" count="38" type="stmt"/>
        <line num="9" count="4202" type="stmt"/>
      </file>
      <file name="camera.service.ts" path="/home/travis/build/MaibornWolff/codecharta/visualization/app/codeCharta/state/store/appSettings/camera/camera.service.ts">
        <metrics statements="12" coveredstatements="12" conditionals="2" coveredconditionals="2" methods="6" coveredmethods="6"/>
        <line num="1" count="108" type="stmt"/>
        <line num="3" count="108" type="stmt"/>
        <line num="5" count="108" type="stmt"/>
        <line num="12" count="108" type="stmt"/>
        <line num="14" count="10" type="stmt"/>
        <line num="15" count="10" type="stmt"/>
        <line num="19" count="282" type="cond" truecount="2" falsecount="0"/>
        <line num="20" count="10" type="stmt"/>
        <line num="25" count="10" type="stmt"/>
        <line num="30" count="10" type="stmt"/>
        <line num="34" count="271" type="stmt"/>
        <line num="35" count="10" type="stmt"/>
      </file>
      <file name="camera.splitter.ts" path="/home/travis/build/MaibornWolff/codecharta/visualization/app/codeCharta/state/store/appSettings/camera/camera.splitter.ts">
        <metrics statements="2" coveredstatements="2" conditionals="0" coveredconditionals="0" methods="1" coveredmethods="1"/>
        <line num="1" count="143" type="stmt"/>
        <line num="5" count="30" type="stmt"/>
      </file>
    </package>
    <package name="app.codeCharta.state.store.appSettings.cameraTarget">
      <metrics statements="24" coveredstatements="22" conditionals="8" coveredconditionals="8" methods="10" coveredmethods="8"/>
      <file name="cameraTarget.actions.ts" path="/home/travis/build/MaibornWolff/codecharta/visualization/app/codeCharta/state/store/appSettings/cameraTarget/cameraTarget.actions.ts">
        <metrics statements="5" coveredstatements="5" conditionals="3" coveredconditionals="3" methods="2" coveredmethods="2"/>
        <line num="1" count="144" type="stmt"/>
        <line num="4" count="144" type="cond" truecount="2" falsecount="0"/>
        <line num="5" count="144" type="stmt"/>
        <line num="16" count="1435" type="stmt"/>
        <line num="22" count="144" type="stmt"/>
      </file>
      <file name="cameraTarget.reducer.ts" path="/home/travis/build/MaibornWolff/codecharta/visualization/app/codeCharta/state/store/appSettings/cameraTarget/cameraTarget.reducer.ts">
        <metrics statements="5" coveredstatements="5" conditionals="3" coveredconditionals="3" methods="1" coveredmethods="1"/>
        <line num="1" count="143" type="stmt"/>
        <line num="2" count="143" type="stmt"/>
        <line num="5" count="4240" type="stmt"/>
        <line num="7" count="33" type="stmt"/>
        <line num="9" count="4207" type="stmt"/>
      </file>
      <file name="cameraTarget.service.ts" path="/home/travis/build/MaibornWolff/codecharta/visualization/app/codeCharta/state/store/appSettings/cameraTarget/cameraTarget.service.ts">
        <metrics statements="12" coveredstatements="10" conditionals="2" coveredconditionals="2" methods="6" coveredmethods="4"/>
        <line num="2" count="108" type="stmt"/>
        <line num="4" count="108" type="stmt"/>
        <line num="5" count="108" type="stmt"/>
        <line num="12" count="108" type="stmt"/>
        <line num="14" count="12" type="stmt"/>
        <line num="15" count="12" type="stmt"/>
        <line num="19" count="284" type="cond" truecount="2" falsecount="0"/>
        <line num="20" count="11" type="stmt"/>
        <line num="25" count="11" type="stmt"/>
        <line num="29" count="11" type="stmt"/>
        <line num="33" count="0" type="stmt"/>
        <line num="34" count="0" type="stmt"/>
      </file>
      <file name="cameraTarget.splitter.ts" path="/home/travis/build/MaibornWolff/codecharta/visualization/app/codeCharta/state/store/appSettings/cameraTarget/cameraTarget.splitter.ts">
        <metrics statements="2" coveredstatements="2" conditionals="0" coveredconditionals="0" methods="1" coveredmethods="1"/>
        <line num="2" count="143" type="stmt"/>
        <line num="5" count="29" type="stmt"/>
      </file>
    </package>
    <package name="app.codeCharta.state.store.appSettings.dynamicMargin">
      <metrics statements="22" coveredstatements="22" conditionals="8" coveredconditionals="8" methods="10" coveredmethods="10"/>
      <file name="dynamicMargin.actions.ts" path="/home/travis/build/MaibornWolff/codecharta/visualization/app/codeCharta/state/store/appSettings/dynamicMargin/dynamicMargin.actions.ts">
        <metrics statements="4" coveredstatements="4" conditionals="3" coveredconditionals="3" methods="2" coveredmethods="2"/>
        <line num="3" count="144" type="cond" truecount="2" falsecount="0"/>
        <line num="4" count="144" type="stmt"/>
        <line num="15" count="1443" type="stmt"/>
        <line num="21" count="144" type="stmt"/>
      </file>
      <file name="dynamicMargin.reducer.ts" path="/home/travis/build/MaibornWolff/codecharta/visualization/app/codeCharta/state/store/appSettings/dynamicMargin/dynamicMargin.reducer.ts">
        <metrics statements="4" coveredstatements="4" conditionals="3" coveredconditionals="3" methods="1" coveredmethods="1"/>
        <line num="1" count="143" type="stmt"/>
        <line num="4" count="4240" type="stmt"/>
        <line num="6" count="41" type="stmt"/>
        <line num="8" count="4199" type="stmt"/>
      </file>
      <file name="dynamicMargin.service.ts" path="/home/travis/build/MaibornWolff/codecharta/visualization/app/codeCharta/state/store/appSettings/dynamicMargin/dynamicMargin.service.ts">
        <metrics statements="12" coveredstatements="12" conditionals="2" coveredconditionals="2" methods="6" coveredmethods="6"/>
        <line num="1" count="108" type="stmt"/>
        <line num="3" count="108" type="stmt"/>
        <line num="4" count="108" type="stmt"/>
        <line num="11" count="108" type="stmt"/>
        <line num="13" count="12" type="stmt"/>
        <line num="14" count="12" type="stmt"/>
        <line num="18" count="284" type="cond" truecount="2" falsecount="0"/>
        <line num="19" count="11" type="stmt"/>
        <line num="24" count="11" type="stmt"/>
        <line num="28" count="11" type="stmt"/>
        <line num="32" count="14" type="stmt"/>
        <line num="33" count="10" type="stmt"/>
      </file>
      <file name="dynamicMargin.splitter.ts" path="/home/travis/build/MaibornWolff/codecharta/visualization/app/codeCharta/state/store/appSettings/dynamicMargin/dynamicMargin.splitter.ts">
        <metrics statements="2" coveredstatements="2" conditionals="0" coveredconditionals="0" methods="1" coveredmethods="1"/>
        <line num="1" count="143" type="stmt"/>
        <line num="4" count="29" type="stmt"/>
      </file>
    </package>
    <package name="app.codeCharta.state.store.appSettings.edgeHeight">
      <metrics statements="22" coveredstatements="21" conditionals="8" coveredconditionals="8" methods="10" coveredmethods="9"/>
      <file name="edgeHeight.actions.ts" path="/home/travis/build/MaibornWolff/codecharta/visualization/app/codeCharta/state/store/appSettings/edgeHeight/edgeHeight.actions.ts">
        <metrics statements="4" coveredstatements="4" conditionals="3" coveredconditionals="3" methods="2" coveredmethods="2"/>
        <line num="3" count="144" type="cond" truecount="2" falsecount="0"/>
        <line num="4" count="144" type="stmt"/>
        <line num="15" count="1436" type="stmt"/>
        <line num="21" count="144" type="stmt"/>
      </file>
      <file name="edgeHeight.reducer.ts" path="/home/travis/build/MaibornWolff/codecharta/visualization/app/codeCharta/state/store/appSettings/edgeHeight/edgeHeight.reducer.ts">
        <metrics statements="4" coveredstatements="4" conditionals="3" coveredconditionals="3" methods="1" coveredmethods="1"/>
        <line num="1" count="143" type="stmt"/>
        <line num="4" count="4240" type="stmt"/>
        <line num="6" count="33" type="stmt"/>
        <line num="8" count="4207" type="stmt"/>
      </file>
      <file name="edgeHeight.service.ts" path="/home/travis/build/MaibornWolff/codecharta/visualization/app/codeCharta/state/store/appSettings/edgeHeight/edgeHeight.service.ts">
        <metrics statements="12" coveredstatements="11" conditionals="2" coveredconditionals="2" methods="6" coveredmethods="5"/>
        <line num="1" count="108" type="stmt"/>
        <line num="3" count="108" type="stmt"/>
        <line num="4" count="108" type="stmt"/>
        <line num="11" count="108" type="stmt"/>
        <line num="13" count="12" type="stmt"/>
        <line num="14" count="12" type="stmt"/>
        <line num="18" count="284" type="cond" truecount="2" falsecount="0"/>
        <line num="19" count="11" type="stmt"/>
        <line num="24" count="11" type="stmt"/>
        <line num="28" count="11" type="stmt"/>
        <line num="32" count="3" type="stmt"/>
        <line num="33" count="0" type="stmt"/>
      </file>
      <file name="edgeHeight.splitter.ts" path="/home/travis/build/MaibornWolff/codecharta/visualization/app/codeCharta/state/store/appSettings/edgeHeight/edgeHeight.splitter.ts">
        <metrics statements="2" coveredstatements="2" conditionals="0" coveredconditionals="0" methods="1" coveredmethods="1"/>
        <line num="1" count="143" type="stmt"/>
        <line num="4" count="30" type="stmt"/>
      </file>
    </package>
    <package name="app.codeCharta.state.store.appSettings.enableExperimentalFeatures">
      <metrics statements="22" coveredstatements="21" conditionals="8" coveredconditionals="8" methods="10" coveredmethods="9"/>
      <file name="experimentalFeaturesEnabled.actions.ts" path="/home/travis/build/MaibornWolff/codecharta/visualization/app/codeCharta/state/store/appSettings/enableExperimentalFeatures/experimentalFeaturesEnabled.actions.ts">
        <metrics statements="4" coveredstatements="4" conditionals="3" coveredconditionals="3" methods="2" coveredmethods="2"/>
        <line num="3" count="144" type="cond" truecount="2" falsecount="0"/>
        <line num="4" count="144" type="stmt"/>
        <line num="17" count="1436" type="stmt"/>
        <line num="23" count="144" type="stmt"/>
      </file>
      <file name="experimentalFeaturesEnabled.reducer.ts" path="/home/travis/build/MaibornWolff/codecharta/visualization/app/codeCharta/state/store/appSettings/enableExperimentalFeatures/experimentalFeaturesEnabled.reducer.ts">
        <metrics statements="4" coveredstatements="4" conditionals="3" coveredconditionals="3" methods="1" coveredmethods="1"/>
        <line num="1" count="143" type="stmt"/>
        <line num="8" count="4240" type="stmt"/>
        <line num="10" count="34" type="stmt"/>
        <line num="12" count="4206" type="stmt"/>
      </file>
      <file name="experimentalFeaturesEnabled.service.ts" path="/home/travis/build/MaibornWolff/codecharta/visualization/app/codeCharta/state/store/appSettings/enableExperimentalFeatures/experimentalFeaturesEnabled.service.ts">
        <metrics statements="12" coveredstatements="11" conditionals="2" coveredconditionals="2" methods="6" coveredmethods="5"/>
        <line num="1" count="108" type="stmt"/>
        <line num="3" count="108" type="stmt"/>
        <line num="4" count="108" type="stmt"/>
        <line num="11" count="108" type="stmt"/>
        <line num="13" count="12" type="stmt"/>
        <line num="14" count="12" type="stmt"/>
        <line num="18" count="284" type="cond" truecount="2" falsecount="0"/>
        <line num="19" count="11" type="stmt"/>
        <line num="24" count="11" type="stmt"/>
        <line num="28" count="11" type="stmt"/>
        <line num="34" count="10" type="stmt"/>
        <line num="35" count="0" type="stmt"/>
      </file>
      <file name="experimentalFeaturesEnabled.splitter.ts" path="/home/travis/build/MaibornWolff/codecharta/visualization/app/codeCharta/state/store/appSettings/enableExperimentalFeatures/experimentalFeaturesEnabled.splitter.ts">
        <metrics statements="2" coveredstatements="2" conditionals="0" coveredconditionals="0" methods="1" coveredmethods="1"/>
        <line num="1" count="143" type="stmt"/>
        <line num="4" count="29" type="stmt"/>
      </file>
    </package>
    <package name="app.codeCharta.state.store.appSettings.hideFlatBuildings">
      <metrics statements="22" coveredstatements="21" conditionals="8" coveredconditionals="8" methods="10" coveredmethods="9"/>
      <file name="hideFlatBuildings.actions.ts" path="/home/travis/build/MaibornWolff/codecharta/visualization/app/codeCharta/state/store/appSettings/hideFlatBuildings/hideFlatBuildings.actions.ts">
        <metrics statements="4" coveredstatements="4" conditionals="3" coveredconditionals="3" methods="2" coveredmethods="2"/>
        <line num="3" count="144" type="cond" truecount="2" falsecount="0"/>
        <line num="4" count="144" type="stmt"/>
        <line num="15" count="1438" type="stmt"/>
        <line num="21" count="144" type="stmt"/>
      </file>
      <file name="hideFlatBuildings.reducer.ts" path="/home/travis/build/MaibornWolff/codecharta/visualization/app/codeCharta/state/store/appSettings/hideFlatBuildings/hideFlatBuildings.reducer.ts">
        <metrics statements="4" coveredstatements="4" conditionals="3" coveredconditionals="3" methods="1" coveredmethods="1"/>
        <line num="1" count="143" type="stmt"/>
        <line num="4" count="4240" type="stmt"/>
        <line num="6" count="36" type="stmt"/>
        <line num="8" count="4204" type="stmt"/>
      </file>
      <file name="hideFlatBuildings.service.ts" path="/home/travis/build/MaibornWolff/codecharta/visualization/app/codeCharta/state/store/appSettings/hideFlatBuildings/hideFlatBuildings.service.ts">
        <metrics statements="12" coveredstatements="11" conditionals="2" coveredconditionals="2" methods="6" coveredmethods="5"/>
        <line num="1" count="108" type="stmt"/>
        <line num="3" count="108" type="stmt"/>
        <line num="4" count="108" type="stmt"/>
        <line num="11" count="108" type="stmt"/>
        <line num="13" count="12" type="stmt"/>
        <line num="14" count="12" type="stmt"/>
        <line num="18" count="284" type="cond" truecount="2" falsecount="0"/>
        <line num="19" count="11" type="stmt"/>
        <line num="24" count="11" type="stmt"/>
        <line num="28" count="11" type="stmt"/>
        <line num="34" count="1" type="stmt"/>
        <line num="35" count="0" type="stmt"/>
      </file>
      <file name="hideFlatBuildings.splitter.ts" path="/home/travis/build/MaibornWolff/codecharta/visualization/app/codeCharta/state/store/appSettings/hideFlatBuildings/hideFlatBuildings.splitter.ts">
        <metrics statements="2" coveredstatements="2" conditionals="0" coveredconditionals="0" methods="1" coveredmethods="1"/>
        <line num="1" count="143" type="stmt"/>
        <line num="4" count="31" type="stmt"/>
      </file>
    </package>
    <package name="app.codeCharta.state.store.appSettings.invertColorRange">
      <metrics statements="22" coveredstatements="21" conditionals="8" coveredconditionals="8" methods="10" coveredmethods="9"/>
      <file name="invertColorRange.actions.ts" path="/home/travis/build/MaibornWolff/codecharta/visualization/app/codeCharta/state/store/appSettings/invertColorRange/invertColorRange.actions.ts">
        <metrics statements="4" coveredstatements="4" conditionals="3" coveredconditionals="3" methods="2" coveredmethods="2"/>
        <line num="3" count="144" type="cond" truecount="2" falsecount="0"/>
        <line num="4" count="144" type="stmt"/>
        <line num="15" count="1440" type="stmt"/>
        <line num="21" count="144" type="stmt"/>
      </file>
      <file name="invertColorRange.reducer.ts" path="/home/travis/build/MaibornWolff/codecharta/visualization/app/codeCharta/state/store/appSettings/invertColorRange/invertColorRange.reducer.ts">
        <metrics statements="4" coveredstatements="4" conditionals="3" coveredconditionals="3" methods="1" coveredmethods="1"/>
        <line num="1" count="143" type="stmt"/>
        <line num="4" count="4240" type="stmt"/>
        <line num="6" count="38" type="stmt"/>
        <line num="8" count="4202" type="stmt"/>
      </file>
      <file name="invertColorRange.service.ts" path="/home/travis/build/MaibornWolff/codecharta/visualization/app/codeCharta/state/store/appSettings/invertColorRange/invertColorRange.service.ts">
        <metrics statements="12" coveredstatements="11" conditionals="2" coveredconditionals="2" methods="6" coveredmethods="5"/>
        <line num="1" count="108" type="stmt"/>
        <line num="3" count="108" type="stmt"/>
        <line num="4" count="108" type="stmt"/>
        <line num="11" count="108" type="stmt"/>
        <line num="13" count="12" type="stmt"/>
        <line num="14" count="12" type="stmt"/>
        <line num="18" count="284" type="cond" truecount="2" falsecount="0"/>
        <line num="19" count="11" type="stmt"/>
        <line num="24" count="11" type="stmt"/>
        <line num="28" count="11" type="stmt"/>
        <line num="34" count="17" type="stmt"/>
        <line num="35" count="0" type="stmt"/>
      </file>
      <file name="invertColorRange.splitter.ts" path="/home/travis/build/MaibornWolff/codecharta/visualization/app/codeCharta/state/store/appSettings/invertColorRange/invertColorRange.splitter.ts">
        <metrics statements="2" coveredstatements="2" conditionals="0" coveredconditionals="0" methods="1" coveredmethods="1"/>
        <line num="1" count="143" type="stmt"/>
        <line num="4" count="31" type="stmt"/>
      </file>
    </package>
    <package name="app.codeCharta.state.store.appSettings.invertDeltaColors">
      <metrics statements="22" coveredstatements="21" conditionals="8" coveredconditionals="8" methods="10" coveredmethods="9"/>
      <file name="invertDeltaColors.actions.ts" path="/home/travis/build/MaibornWolff/codecharta/visualization/app/codeCharta/state/store/appSettings/invertDeltaColors/invertDeltaColors.actions.ts">
        <metrics statements="4" coveredstatements="4" conditionals="3" coveredconditionals="3" methods="2" coveredmethods="2"/>
        <line num="3" count="144" type="cond" truecount="2" falsecount="0"/>
        <line num="4" count="144" type="stmt"/>
        <line num="15" count="1443" type="stmt"/>
        <line num="21" count="144" type="stmt"/>
      </file>
      <file name="invertDeltaColors.reducer.ts" path="/home/travis/build/MaibornWolff/codecharta/visualization/app/codeCharta/state/store/appSettings/invertDeltaColors/invertDeltaColors.reducer.ts">
        <metrics statements="4" coveredstatements="4" conditionals="3" coveredconditionals="3" methods="1" coveredmethods="1"/>
        <line num="1" count="143" type="stmt"/>
        <line num="4" count="4240" type="stmt"/>
        <line num="6" count="41" type="stmt"/>
        <line num="8" count="4199" type="stmt"/>
      </file>
      <file name="invertDeltaColors.service.ts" path="/home/travis/build/MaibornWolff/codecharta/visualization/app/codeCharta/state/store/appSettings/invertDeltaColors/invertDeltaColors.service.ts">
        <metrics statements="12" coveredstatements="11" conditionals="2" coveredconditionals="2" methods="6" coveredmethods="5"/>
        <line num="1" count="108" type="stmt"/>
        <line num="3" count="108" type="stmt"/>
        <line num="4" count="108" type="stmt"/>
        <line num="11" count="108" type="stmt"/>
        <line num="13" count="12" type="stmt"/>
        <line num="14" count="12" type="stmt"/>
        <line num="18" count="284" type="cond" truecount="2" falsecount="0"/>
        <line num="19" count="11" type="stmt"/>
        <line num="24" count="11" type="stmt"/>
        <line num="28" count="11" type="stmt"/>
        <line num="34" count="19" type="stmt"/>
        <line num="35" count="0" type="stmt"/>
      </file>
      <file name="invertDeltaColors.splitter.ts" path="/home/travis/build/MaibornWolff/codecharta/visualization/app/codeCharta/state/store/appSettings/invertDeltaColors/invertDeltaColors.splitter.ts">
        <metrics statements="2" coveredstatements="2" conditionals="0" coveredconditionals="0" methods="1" coveredmethods="1"/>
        <line num="1" count="143" type="stmt"/>
        <line num="4" count="29" type="stmt"/>
      </file>
    </package>
    <package name="app.codeCharta.state.store.appSettings.invertHeight">
      <metrics statements="22" coveredstatements="21" conditionals="8" coveredconditionals="8" methods="10" coveredmethods="9"/>
      <file name="invertHeight.actions.ts" path="/home/travis/build/MaibornWolff/codecharta/visualization/app/codeCharta/state/store/appSettings/invertHeight/invertHeight.actions.ts">
        <metrics statements="4" coveredstatements="4" conditionals="3" coveredconditionals="3" methods="2" coveredmethods="2"/>
        <line num="3" count="144" type="cond" truecount="2" falsecount="0"/>
        <line num="4" count="144" type="stmt"/>
        <line num="15" count="1435" type="stmt"/>
        <line num="21" count="144" type="stmt"/>
      </file>
      <file name="invertHeight.reducer.ts" path="/home/travis/build/MaibornWolff/codecharta/visualization/app/codeCharta/state/store/appSettings/invertHeight/invertHeight.reducer.ts">
        <metrics statements="4" coveredstatements="4" conditionals="3" coveredconditionals="3" methods="1" coveredmethods="1"/>
        <line num="1" count="143" type="stmt"/>
        <line num="4" count="4240" type="stmt"/>
        <line num="6" count="33" type="stmt"/>
        <line num="8" count="4207" type="stmt"/>
      </file>
      <file name="invertHeight.service.ts" path="/home/travis/build/MaibornWolff/codecharta/visualization/app/codeCharta/state/store/appSettings/invertHeight/invertHeight.service.ts">
        <metrics statements="12" coveredstatements="11" conditionals="2" coveredconditionals="2" methods="6" coveredmethods="5"/>
        <line num="1" count="108" type="stmt"/>
        <line num="3" count="108" type="stmt"/>
        <line num="4" count="108" type="stmt"/>
        <line num="11" count="108" type="stmt"/>
        <line num="13" count="12" type="stmt"/>
        <line num="14" count="12" type="stmt"/>
        <line num="18" count="284" type="cond" truecount="2" falsecount="0"/>
        <line num="19" count="11" type="stmt"/>
        <line num="24" count="11" type="stmt"/>
        <line num="28" count="11" type="stmt"/>
        <line num="32" count="5" type="stmt"/>
        <line num="33" count="0" type="stmt"/>
      </file>
      <file name="invertHeight.splitter.ts" path="/home/travis/build/MaibornWolff/codecharta/visualization/app/codeCharta/state/store/appSettings/invertHeight/invertHeight.splitter.ts">
        <metrics statements="2" coveredstatements="2" conditionals="0" coveredconditionals="0" methods="1" coveredmethods="1"/>
        <line num="1" count="143" type="stmt"/>
        <line num="4" count="29" type="stmt"/>
      </file>
    </package>
    <package name="app.codeCharta.state.store.appSettings.isAttributeSideBarVisible">
      <metrics statements="33" coveredstatements="32" conditionals="10" coveredconditionals="10" methods="14" coveredmethods="13"/>
      <file name="isAttributeSideBarVisible.actions.ts" path="/home/travis/build/MaibornWolff/codecharta/visualization/app/codeCharta/state/store/appSettings/isAttributeSideBarVisible/isAttributeSideBarVisible.actions.ts">
        <metrics statements="8" coveredstatements="8" conditionals="3" coveredconditionals="3" methods="4" coveredmethods="4"/>
        <line num="3" count="144" type="cond" truecount="2" falsecount="0"/>
        <line num="4" count="144" type="stmt"/>
        <line num="5" count="144" type="stmt"/>
        <line num="6" count="144" type="stmt"/>
        <line num="27" count="1434" type="stmt"/>
        <line num="34" count="4" type="stmt"/>
        <line num="40" count="4" type="stmt"/>
        <line num="45" count="144" type="stmt"/>
      </file>
      <file name="isAttributeSideBarVisible.reducer.ts" path="/home/travis/build/MaibornWolff/codecharta/visualization/app/codeCharta/state/store/appSettings/isAttributeSideBarVisible/isAttributeSideBarVisible.reducer.ts">
        <metrics statements="6" coveredstatements="6" conditionals="5" coveredconditionals="5" methods="1" coveredmethods="1"/>
        <line num="1" count="143" type="stmt"/>
        <line num="8" count="4242" type="stmt"/>
        <line num="10" count="4" type="stmt"/>
        <line num="12" count="4" type="stmt"/>
        <line num="14" count="32" type="stmt"/>
        <line num="16" count="4202" type="stmt"/>
      </file>
      <file name="isAttributeSideBarVisible.service.ts" path="/home/travis/build/MaibornWolff/codecharta/visualization/app/codeCharta/state/store/appSettings/isAttributeSideBarVisible/isAttributeSideBarVisible.service.ts">
        <metrics statements="17" coveredstatements="16" conditionals="2" coveredconditionals="2" methods="8" coveredmethods="7"/>
        <line num="1" count="108" type="stmt"/>
        <line num="3" count="108" type="stmt"/>
        <line num="4" count="108" type="stmt"/>
        <line num="5" count="108" type="stmt"/>
        <line num="17" count="108" type="stmt"/>
        <line num="19" count="18" type="stmt"/>
        <line num="20" count="18" type="stmt"/>
        <line num="21" count="18" type="stmt"/>
        <line num="22" count="18" type="stmt"/>
        <line num="26" count="1" type="stmt"/>
        <line num="30" count="1" type="stmt"/>
        <line num="34" count="284" type="cond" truecount="2" falsecount="0"/>
        <line num="35" count="11" type="stmt"/>
        <line num="40" count="11" type="stmt"/>
        <line num="44" count="11" type="stmt"/>
        <line num="50" count="25" type="stmt"/>
        <line num="51" count="0" type="stmt"/>
      </file>
      <file name="isAttributeSideBarVisible.splitter.ts" path="/home/travis/build/MaibornWolff/codecharta/visualization/app/codeCharta/state/store/appSettings/isAttributeSideBarVisible/isAttributeSideBarVisible.splitter.ts">
        <metrics statements="2" coveredstatements="2" conditionals="0" coveredconditionals="0" methods="1" coveredmethods="1"/>
        <line num="1" count="143" type="stmt"/>
        <line num="4" count="29" type="stmt"/>
      </file>
    </package>
    <package name="app.codeCharta.state.store.appSettings.isLoadingFile">
      <metrics statements="22" coveredstatements="21" conditionals="8" coveredconditionals="8" methods="10" coveredmethods="9"/>
      <file name="isLoadingFile.actions.ts" path="/home/travis/build/MaibornWolff/codecharta/visualization/app/codeCharta/state/store/appSettings/isLoadingFile/isLoadingFile.actions.ts">
        <metrics statements="4" coveredstatements="4" conditionals="3" coveredconditionals="3" methods="2" coveredmethods="2"/>
        <line num="3" count="145" type="cond" truecount="2" falsecount="0"/>
        <line num="4" count="145" type="stmt"/>
        <line num="15" count="1454" type="stmt"/>
        <line num="21" count="145" type="stmt"/>
      </file>
      <file name="isLoadingFile.reducer.ts" path="/home/travis/build/MaibornWolff/codecharta/visualization/app/codeCharta/state/store/appSettings/isLoadingFile/isLoadingFile.reducer.ts">
        <metrics statements="4" coveredstatements="4" conditionals="3" coveredconditionals="3" methods="1" coveredmethods="1"/>
        <line num="1" count="143" type="stmt"/>
        <line num="4" count="4240" type="stmt"/>
        <line num="6" count="52" type="stmt"/>
        <line num="8" count="4188" type="stmt"/>
      </file>
      <file name="isLoadingFile.service.ts" path="/home/travis/build/MaibornWolff/codecharta/visualization/app/codeCharta/state/store/appSettings/isLoadingFile/isLoadingFile.service.ts">
        <metrics statements="12" coveredstatements="11" conditionals="2" coveredconditionals="2" methods="6" coveredmethods="5"/>
        <line num="1" count="108" type="stmt"/>
        <line num="3" count="108" type="stmt"/>
        <line num="4" count="108" type="stmt"/>
        <line num="11" count="108" type="stmt"/>
        <line num="13" count="12" type="stmt"/>
        <line num="14" count="12" type="stmt"/>
        <line num="18" count="284" type="cond" truecount="2" falsecount="0"/>
        <line num="19" count="21" type="stmt"/>
        <line num="24" count="21" type="stmt"/>
        <line num="28" count="21" type="stmt"/>
        <line num="32" count="2" type="stmt"/>
        <line num="33" count="0" type="stmt"/>
      </file>
      <file name="isLoadingFile.splitter.ts" path="/home/travis/build/MaibornWolff/codecharta/visualization/app/codeCharta/state/store/appSettings/isLoadingFile/isLoadingFile.splitter.ts">
        <metrics statements="2" coveredstatements="2" conditionals="0" coveredconditionals="0" methods="1" coveredmethods="1"/>
        <line num="1" count="143" type="stmt"/>
        <line num="4" count="29" type="stmt"/>
      </file>
    </package>
    <package name="app.codeCharta.state.store.appSettings.isLoadingMap">
      <metrics statements="22" coveredstatements="21" conditionals="8" coveredconditionals="8" methods="10" coveredmethods="9"/>
      <file name="isLoadingMap.actions.ts" path="/home/travis/build/MaibornWolff/codecharta/visualization/app/codeCharta/state/store/appSettings/isLoadingMap/isLoadingMap.actions.ts">
        <metrics statements="4" coveredstatements="4" conditionals="3" coveredconditionals="3" methods="2" coveredmethods="2"/>
        <line num="3" count="144" type="cond" truecount="2" falsecount="0"/>
        <line num="4" count="144" type="stmt"/>
        <line num="15" count="2186" type="stmt"/>
        <line num="21" count="144" type="stmt"/>
      </file>
      <file name="isLoadingMap.reducer.ts" path="/home/travis/build/MaibornWolff/codecharta/visualization/app/codeCharta/state/store/appSettings/isLoadingMap/isLoadingMap.reducer.ts">
        <metrics statements="4" coveredstatements="4" conditionals="3" coveredconditionals="3" methods="1" coveredmethods="1"/>
        <line num="1" count="143" type="stmt"/>
        <line num="4" count="4240" type="stmt"/>
        <line num="6" count="784" type="stmt"/>
        <line num="8" count="3456" type="stmt"/>
      </file>
      <file name="isLoadingMap.service.ts" path="/home/travis/build/MaibornWolff/codecharta/visualization/app/codeCharta/state/store/appSettings/isLoadingMap/isLoadingMap.service.ts">
        <metrics statements="12" coveredstatements="11" conditionals="2" coveredconditionals="2" methods="6" coveredmethods="5"/>
        <line num="1" count="108" type="stmt"/>
        <line num="3" count="108" type="stmt"/>
        <line num="4" count="108" type="stmt"/>
        <line num="11" count="108" type="stmt"/>
        <line num="13" count="12" type="stmt"/>
        <line num="14" count="12" type="stmt"/>
        <line num="18" count="284" type="cond" truecount="2" falsecount="0"/>
        <line num="19" count="23" type="stmt"/>
        <line num="24" count="23" type="stmt"/>
        <line num="28" count="23" type="stmt"/>
        <line num="32" count="1" type="stmt"/>
        <line num="33" count="0" type="stmt"/>
      </file>
      <file name="isLoadingMap.splitter.ts" path="/home/travis/build/MaibornWolff/codecharta/visualization/app/codeCharta/state/store/appSettings/isLoadingMap/isLoadingMap.splitter.ts">
        <metrics statements="2" coveredstatements="2" conditionals="0" coveredconditionals="0" methods="1" coveredmethods="1"/>
        <line num="1" count="143" type="stmt"/>
        <line num="4" count="29" type="stmt"/>
      </file>
    </package>
    <package name="app.codeCharta.state.store.appSettings.isPresentationMode">
      <metrics statements="22" coveredstatements="21" conditionals="8" coveredconditionals="8" methods="10" coveredmethods="9"/>
      <file name="isPresentationMode.actions.ts" path="/home/travis/build/MaibornWolff/codecharta/visualization/app/codeCharta/state/store/appSettings/isPresentationMode/isPresentationMode.actions.ts">
        <metrics statements="4" coveredstatements="4" conditionals="3" coveredconditionals="3" methods="2" coveredmethods="2"/>
        <line num="3" count="144" type="cond" truecount="2" falsecount="0"/>
        <line num="4" count="144" type="stmt"/>
        <line num="15" count="1438" type="stmt"/>
        <line num="21" count="144" type="stmt"/>
      </file>
      <file name="isPresentationMode.reducer.ts" path="/home/travis/build/MaibornWolff/codecharta/visualization/app/codeCharta/state/store/appSettings/isPresentationMode/isPresentationMode.reducer.ts">
        <metrics statements="4" coveredstatements="4" conditionals="3" coveredconditionals="3" methods="1" coveredmethods="1"/>
        <line num="1" count="143" type="stmt"/>
        <line num="4" count="4240" type="stmt"/>
        <line num="6" count="36" type="stmt"/>
        <line num="8" count="4204" type="stmt"/>
      </file>
      <file name="isPresentationMode.service.ts" path="/home/travis/build/MaibornWolff/codecharta/visualization/app/codeCharta/state/store/appSettings/isPresentationMode/isPresentationMode.service.ts">
        <metrics statements="12" coveredstatements="11" conditionals="2" coveredconditionals="2" methods="6" coveredmethods="5"/>
        <line num="1" count="108" type="stmt"/>
        <line num="3" count="108" type="stmt"/>
        <line num="4" count="108" type="stmt"/>
        <line num="11" count="108" type="stmt"/>
        <line num="13" count="12" type="stmt"/>
        <line num="14" count="12" type="stmt"/>
        <line num="18" count="284" type="cond" truecount="2" falsecount="0"/>
        <line num="19" count="11" type="stmt"/>
        <line num="24" count="11" type="stmt"/>
        <line num="28" count="11" type="stmt"/>
        <line num="34" count="1" type="stmt"/>
        <line num="35" count="0" type="stmt"/>
      </file>
      <file name="isPresentationMode.splitter.ts" path="/home/travis/build/MaibornWolff/codecharta/visualization/app/codeCharta/state/store/appSettings/isPresentationMode/isPresentationMode.splitter.ts">
        <metrics statements="2" coveredstatements="2" conditionals="0" coveredconditionals="0" methods="1" coveredmethods="1"/>
        <line num="1" count="143" type="stmt"/>
        <line num="4" count="29" type="stmt"/>
      </file>
    </package>
    <package name="app.codeCharta.state.store.appSettings.isWhiteBackground">
      <metrics statements="22" coveredstatements="21" conditionals="8" coveredconditionals="8" methods="10" coveredmethods="9"/>
      <file name="isWhiteBackground.actions.ts" path="/home/travis/build/MaibornWolff/codecharta/visualization/app/codeCharta/state/store/appSettings/isWhiteBackground/isWhiteBackground.actions.ts">
        <metrics statements="4" coveredstatements="4" conditionals="3" coveredconditionals="3" methods="2" coveredmethods="2"/>
        <line num="3" count="144" type="cond" truecount="2" falsecount="0"/>
        <line num="4" count="144" type="stmt"/>
        <line num="15" count="1436" type="stmt"/>
        <line num="21" count="144" type="stmt"/>
      </file>
      <file name="isWhiteBackground.reducer.ts" path="/home/travis/build/MaibornWolff/codecharta/visualization/app/codeCharta/state/store/appSettings/isWhiteBackground/isWhiteBackground.reducer.ts">
        <metrics statements="4" coveredstatements="4" conditionals="3" coveredconditionals="3" methods="1" coveredmethods="1"/>
        <line num="1" count="143" type="stmt"/>
        <line num="4" count="4240" type="stmt"/>
        <line num="6" count="34" type="stmt"/>
        <line num="8" count="4206" type="stmt"/>
      </file>
      <file name="isWhiteBackground.service.ts" path="/home/travis/build/MaibornWolff/codecharta/visualization/app/codeCharta/state/store/appSettings/isWhiteBackground/isWhiteBackground.service.ts">
        <metrics statements="12" coveredstatements="11" conditionals="2" coveredconditionals="2" methods="6" coveredmethods="5"/>
        <line num="1" count="108" type="stmt"/>
        <line num="3" count="108" type="stmt"/>
        <line num="4" count="108" type="stmt"/>
        <line num="11" count="108" type="stmt"/>
        <line num="13" count="12" type="stmt"/>
        <line num="14" count="12" type="stmt"/>
        <line num="18" count="284" type="cond" truecount="2" falsecount="0"/>
        <line num="19" count="11" type="stmt"/>
        <line num="24" count="11" type="stmt"/>
        <line num="28" count="11" type="stmt"/>
        <line num="34" count="3" type="stmt"/>
        <line num="35" count="0" type="stmt"/>
      </file>
[...]
        <line num="51" count="3" type="stmt"/>
        <line num="55" count="3" type="stmt"/>
        <line num="57" count="3" type="cond" truecount="4" falsecount="1"/>
        <line num="58" count="4" type="stmt"/>
        <line num="60" count="3" type="cond" truecount="2" falsecount="0"/>
        <line num="65" count="1" type="stmt"/>
        <line num="69" count="2" type="cond" truecount="2" falsecount="0"/>
        <line num="73" count="142" type="stmt"/>
        <line num="74" count="142" type="stmt"/>
        <line num="75" count="142" type="stmt"/>
        <line num="76" count="568" type="stmt"/>
        <line num="78" count="142" type="stmt"/>
        <line num="82" count="568" type="stmt"/>
        <line num="83" count="568" type="stmt"/>
        <line num="85" count="568" type="cond" truecount="1" falsecount="1"/>
        <line num="86" count="568" type="stmt"/>
        <line num="91" count="568" type="cond" truecount="1" falsecount="1"/>
        <line num="92" count="568" type="stmt"/>
        <line num="98" count="568" type="cond" truecount="1" falsecount="1"/>
        <line num="99" count="568" type="stmt"/>
        <line num="104" count="568" type="cond" truecount="1" falsecount="1"/>
        <line num="105" count="0" type="stmt"/>
        <line num="111" count="568" type="cond" truecount="1" falsecount="1"/>
        <line num="112" count="0" type="stmt"/>
        <line num="118" count="568" type="stmt"/>
        <line num="122" count="143" type="stmt"/>
        <line num="126" count="143" type="stmt"/>
        <line num="130" count="142" type="stmt"/>
        <line num="131" count="142" type="cond" truecount="1" falsecount="1"/>
        <line num="132" count="0" type="stmt"/>
        <line num="134" count="142" type="stmt"/>
        <line num="135" count="142" type="stmt"/>
        <line num="136" count="142" type="stmt"/>
        <line num="140" count="2" type="stmt"/>
        <line num="141" count="2" type="stmt"/>
        <line num="145" count="2" type="stmt"/>
        <line num="147" count="2" type="stmt"/>
        <line num="148" count="6" type="stmt"/>
        <line num="150" count="1" type="stmt"/>
        <line num="154" count="1" type="stmt"/>
        <line num="157" count="1" type="stmt"/>
        <line num="161" count="1" type="stmt"/>
        <line num="164" count="2" type="stmt"/>
        <line num="169" count="2" type="stmt"/>
        <line num="172" count="1" type="stmt"/>
        <line num="176" count="1" type="stmt"/>
        <line num="179" count="1" type="stmt"/>
        <line num="184" count="1" type="stmt"/>
        <line num="187" count="0" type="stmt"/>
        <line num="191" count="2" type="stmt"/>
        <line num="195" count="4" type="stmt"/>
        <line num="196" count="4" type="stmt"/>
        <line num="200" count="9" type="stmt"/>
        <line num="204" count="11" type="stmt"/>
        <line num="205" count="11" type="stmt"/>
        <line num="206" count="11" type="stmt"/>
        <line num="208" count="11" type="cond" truecount="2" falsecount="0"/>
        <line num="209" count="10" type="cond" truecount="2" falsecount="0"/>
        <line num="210" count="9" type="stmt"/>
        <line num="211" count="9" type="stmt"/>
        <line num="213" count="10" type="cond" truecount="1" falsecount="1"/>
        <line num="214" count="10" type="stmt"/>
        <line num="215" count="10" type="stmt"/>
        <line num="216" count="10" type="stmt"/>
        <line num="218" count="10" type="cond" truecount="2" falsecount="0"/>
        <line num="219" count="9" type="stmt"/>
        <line num="220" count="9" type="stmt"/>
        <line num="222" count="10" type="cond" truecount="2" falsecount="0"/>
        <line num="223" count="1" type="stmt"/>
        <line num="224" count="1" type="stmt"/>
        <line num="225" count="1" type="stmt"/>
        <line num="227" count="10" type="cond" truecount="2" falsecount="0"/>
        <line num="228" count="1" type="stmt"/>
        <line num="229" count="1" type="stmt"/>
        <line num="233" count="11" type="stmt"/>
        <line num="237" count="144" type="stmt"/>
        <line num="238" count="576" type="stmt"/>
        <line num="240" count="144" type="stmt"/>
        <line num="244" count="2" type="stmt"/>
      </file>
      <file name="settingsHelper.ts" path="/home/travis/build/MaibornWolff/codecharta/visualization/app/codeCharta/util/settingsHelper.ts">
        <metrics statements="8" coveredstatements="8" conditionals="21" coveredconditionals="20" methods="1" coveredmethods="1"/>
        <line num="2" count="143" type="stmt"/>
        <line num="5" count="1738" type="stmt"/>
        <line num="7" count="1738" type="stmt"/>
        <line num="8" count="4049" type="cond" truecount="4" falsecount="0"/>
        <line num="9" count="1163" type="stmt"/>
        <line num="10" count="1163" type="cond" truecount="5" falsecount="0"/>
        <line num="11" count="6" type="cond" truecount="11" falsecount="1"/>
        <line num="13" count="1157" type="stmt"/>
      </file>
      <file name="treeMapGenerator.ts" path="/home/travis/build/MaibornWolff/codecharta/visualization/app/codeCharta/util/treeMapGenerator.ts">
        <metrics statements="90" coveredstatements="87" conditionals="44" coveredconditionals="40" methods="13" coveredmethods="13"/>
        <line num="1" count="112" type="stmt"/>
        <line num="2" count="112" type="stmt"/>
        <line num="4" count="112" type="stmt"/>
        <line num="5" count="112" type="stmt"/>
        <line num="9" count="112" type="stmt"/>
        <line num="10" count="112" type="stmt"/>
        <line num="11" count="112" type="stmt"/>
        <line num="14" count="12" type="stmt"/>
        <line num="15" count="14" type="stmt"/>
        <line num="16" count="12" type="stmt"/>
        <line num="18" count="12" type="cond" truecount="2" falsecount="0"/>
        <line num="19" count="3" type="stmt"/>
        <line num="22" count="3" type="stmt"/>
        <line num="25" count="3" type="stmt"/>
        <line num="28" count="3" type="stmt"/>
        <line num="29" count="3" type="stmt"/>
        <line num="32" count="3" type="stmt"/>
        <line num="34" count="3" type="stmt"/>
        <line num="50" count="9" type="stmt"/>
        <line num="52" count="9" type="stmt"/>
        <line num="53" count="9" type="stmt"/>
        <line num="54" count="36" type="stmt"/>
        <line num="56" count="9" type="stmt"/>
        <line num="71" count="5" type="stmt"/>
        <line num="73" count="5" type="stmt"/>
        <line num="74" count="14" type="stmt"/>
        <line num="75" count="14" type="stmt"/>
        <line num="77" count="14" type="stmt"/>
        <line num="82" count="46" type="stmt"/>
        <line num="83" count="46" type="stmt"/>
        <line num="87" count="46" type="stmt"/>
        <line num="88" count="46" type="stmt"/>
        <line num="89" count="46" type="stmt"/>
        <line num="90" count="46" type="stmt"/>
        <line num="93" count="46" type="stmt"/>
        <line num="94" count="46" type="stmt"/>
        <line num="95" count="46" type="stmt"/>
        <line num="96" count="46" type="stmt"/>
        <line num="98" count="46" type="stmt"/>
        <line num="99" count="46" type="stmt"/>
        <line num="101" count="46" type="cond" truecount="2" falsecount="0"/>
        <line num="107" count="2" type="stmt"/>
        <line num="108" count="2" type="stmt"/>
        <line num="110" count="2" type="stmt"/>
        <line num="131" count="2" type="stmt"/>
        <line num="136" count="5" type="stmt"/>
        <line num="142" count="58" type="cond" truecount="4" falsecount="0"/>
        <line num="146" count="3" type="stmt"/>
        <line num="147" count="3" type="stmt"/>
        <line num="148" count="3" type="stmt"/>
        <line num="149" count="3" type="stmt"/>
        <line num="153" count="23" type="stmt"/>
        <line num="154" count="23" type="stmt"/>
        <line num="155" count="23" type="stmt"/>
        <line num="159" count="23" type="cond" truecount="2" falsecount="0"/>
        <line num="160" count="14" type="stmt"/>
        <line num="161" count="14" type="stmt"/>
        <line num="163" count="9" type="stmt"/>
        <line num="164" count="9" type="stmt"/>
        <line num="167" count="23" type="stmt"/>
        <line num="168" count="23" type="stmt"/>
        <line num="170" count="99" type="cond" truecount="2" falsecount="0"/>
        <line num="171" count="31" type="cond" truecount="2" falsecount="0"/>
        <line num="172" count="20" type="stmt"/>
        <line num="174" count="31" type="cond" truecount="4" falsecount="0"/>
        <line num="175" count="11" type="stmt"/>
        <line num="185" count="23" type="stmt"/>
        <line num="186" count="23" type="stmt"/>
        <line num="188" count="23" type="stmt"/>
        <line num="194" count="31" type="cond" truecount="2" falsecount="0"/>
        <line num="196" count="20" type="stmt"/>
        <line num="198" count="11" type="cond" truecount="3" falsecount="1"/>
        <line num="199" count="11" type="stmt"/>
        <line num="202" count="0" type="stmt"/>
        <line num="205" count="99" type="stmt"/>
        <line num="209" count="26" type="stmt"/>
        <line num="210" count="26" type="stmt"/>
        <line num="211" count="26" type="stmt"/>
        <line num="212" count="148" type="cond" truecount="3" falsecount="1"/>
        <line num="213" count="0" type="stmt"/>
        <line num="215" count="148" type="stmt"/>
        <line num="222" count="26" type="stmt"/>
        <line num="226" count="3" type="cond" truecount="2" falsecount="0"/>
        <line num="231" count="100" type="cond" truecount="1" falsecount="1"/>
        <line num="232" count="0" type="stmt"/>
        <line num="235" count="100" type="cond" truecount="4" falsecount="0"/>
        <line num="236" count="1" type="stmt"/>
        <line num="239" count="99" type="cond" truecount="7" falsecount="1"/>
        <line num="240" count="38" type="stmt"/>
        <line num="242" count="61" type="stmt"/>
      </file>
      <file name="treeMapHelper.ts" path="/home/travis/build/MaibornWolff/codecharta/visualization/app/codeCharta/util/treeMapHelper.ts">
        <metrics statements="75" coveredstatements="74" conditionals="74" coveredconditionals="70" methods="14" coveredmethods="14"/>
        <line num="1" count="112" type="stmt"/>
        <line num="3" count="112" type="stmt"/>
        <line num="6" count="112" type="stmt"/>
        <line num="8" count="112" type="stmt"/>
        <line num="9" count="112" type="stmt"/>
        <line num="10" count="112" type="stmt"/>
        <line num="13" count="9" type="stmt"/>
        <line num="14" count="9" type="cond" truecount="2" falsecount="0"/>
        <line num="15" count="4" type="stmt"/>
        <line num="16" count="5" type="stmt"/>
        <line num="19" count="9" type="stmt"/>
        <line num="23" count="4" type="stmt"/>
        <line num="25" count="4" type="stmt"/>
        <line num="26" count="4" type="stmt"/>
        <line num="29" count="4" type="stmt"/>
        <line num="33" count="3" type="stmt"/>
        <line num="34" count="3" type="stmt"/>
        <line num="35" count="3" type="stmt"/>
        <line num="36" count="3" type="stmt"/>
        <line num="38" count="3" type="stmt"/>
        <line num="71" count="109" type="stmt"/>
        <line num="72" count="109" type="stmt"/>
        <line num="73" count="109" type="stmt"/>
        <line num="74" count="109" type="stmt"/>
        <line num="75" count="109" type="stmt"/>
        <line num="76" count="109" type="stmt"/>
        <line num="77" count="109" type="stmt"/>
        <line num="80" count="109" type="stmt"/>
        <line num="81" count="109" type="stmt"/>
        <line num="82" count="109" type="stmt"/>
        <line num="84" count="109" type="stmt"/>
        <line num="112" count="109" type="stmt"/>
        <line num="114" count="109" type="cond" truecount="2" falsecount="0"/>
        <line num="115" count="4" type="stmt"/>
        <line num="118" count="105" type="cond" truecount="2" falsecount="0"/>
        <line num="119" count="105" type="stmt"/>
        <line num="121" count="105" type="cond" truecount="2" falsecount="0"/>
        <line num="122" count="83" type="stmt"/>
        <line num="124" count="22" type="stmt"/>
        <line num="128" count="112" type="cond" truecount="6" falsecount="0"/>
        <line num="129" count="5" type="stmt"/>
        <line num="132" count="107" type="cond" truecount="2" falsecount="0"/>
        <line num="133" count="1" type="stmt"/>
        <line num="136" count="106" type="stmt"/>
        <line num="140" count="112" type="cond" truecount="2" falsecount="0"/>
        <line num="141" count="19" type="stmt"/>
        <line num="143" count="93" type="stmt"/>
        <line num="147" count="112" type="cond" truecount="2" falsecount="0"/>
        <line num="148" count="19" type="stmt"/>
        <line num="150" count="93" type="stmt"/>
        <line num="154" count="112" type="cond" truecount="2" falsecount="0"/>
        <line num="155" count="2" type="stmt"/>
        <line num="158" count="110" type="cond" truecount="7" falsecount="1"/>
        <line num="159" count="2" type="cond" truecount="2" falsecount="0"/>
        <line num="162" count="108" type="cond" truecount="4" falsecount="0"/>
        <line num="163" count="1" type="stmt"/>
        <line num="166" count="107" type="stmt"/>
        <line num="170" count="1" type="stmt"/>
        <line num="172" count="1" type="cond" truecount="2" falsecount="0"/>
        <line num="177" count="2" type="stmt"/>
        <line num="181" count="112" type="stmt"/>
        <line num="183" count="112" type="cond" truecount="1" falsecount="1"/>
        <line num="184" count="0" type="stmt"/>
        <line num="186" count="112" type="stmt"/>
        <line num="188" count="112" type="cond" truecount="2" falsecount="0"/>
        <line num="189" count="86" type="stmt"/>
        <line num="191" count="26" type="cond" truecount="2" falsecount="0"/>
        <line num="192" count="1" type="stmt"/>
        <line num="194" count="25" type="cond" truecount="2" falsecount="0"/>
        <line num="195" count="25" type="cond" truecount="2" falsecount="0"/>
        <line num="196" count="14" type="cond" truecount="2" falsecount="0"/>
        <line num="198" count="11" type="cond" truecount="2" falsecount="0"/>
        <line num="199" count="10" type="cond" truecount="2" falsecount="0"/>
        <line num="201" count="1" type="stmt"/>
        <line num="204" count="112" type="stmt"/>
      </file>
      <file name="urlExtractor.ts" path="/home/travis/build/MaibornWolff/codecharta/visualization/app/codeCharta/util/urlExtractor.ts">
        <metrics statements="21" coveredstatements="20" conditionals="12" coveredconditionals="11" methods="6" coveredmethods="6"/>
        <line num="7" count="20" type="stmt"/>
        <line num="10" count="4" type="stmt"/>
        <line num="11" count="4" type="stmt"/>
        <line num="12" count="4" type="stmt"/>
        <line num="14" count="4" type="cond" truecount="2" falsecount="0"/>
        <line num="15" count="2" type="stmt"/>
        <line num="17" count="2" type="cond" truecount="1" falsecount="1"/>
        <line num="18" count="0" type="stmt"/>
        <line num="20" count="2" type="stmt"/>
        <line num="24" count="14" type="stmt"/>
        <line num="26" count="14" type="cond" truecount="2" falsecount="0"/>
        <line num="27" count="12" type="stmt"/>
        <line num="30" count="14" type="stmt"/>
        <line num="31" count="16" type="stmt"/>
        <line num="32" count="16" type="stmt"/>
        <line num="38" count="15" type="cond" truecount="2" falsecount="0"/>
        <line num="39" count="13" type="stmt"/>
        <line num="41" count="2" type="stmt"/>
        <line num="42" count="2" type="cond" truecount="4" falsecount="0"/>
        <line num="43" count="1" type="stmt"/>
        <line num="45" count="1" type="stmt"/>
      </file>
    </package>
    <package name="app.codeCharta.util.color">
      <metrics statements="63" coveredstatements="63" conditionals="7" coveredconditionals="7" methods="22" coveredmethods="22"/>
      <file name="colorConverter.ts" path="/home/travis/build/MaibornWolff/codecharta/visualization/app/codeCharta/util/color/colorConverter.ts">
        <metrics statements="56" coveredstatements="56" conditionals="7" coveredconditionals="7" methods="16" coveredmethods="16"/>
        <line num="1" count="140" type="stmt"/>
        <line num="2" count="140" type="stmt"/>
        <line num="3" count="140" type="stmt"/>
        <line num="6" count="140" type="stmt"/>
        <line num="7" count="140" type="stmt"/>
        <line num="10" count="828" type="stmt"/>
        <line num="11" count="828" type="cond" truecount="2" falsecount="0"/>
        <line num="12" count="16" type="stmt"/>
        <line num="13" count="16" type="stmt"/>
        <line num="16" count="828" type="stmt"/>
        <line num="20" count="6" type="stmt"/>
        <line num="21" count="6" type="cond" truecount="2" falsecount="0"/>
        <line num="22" count="2" type="stmt"/>
        <line num="23" count="2" type="stmt"/>
        <line num="26" count="6" type="stmt"/>
        <line num="30" count="22" type="stmt"/>
        <line num="34" count="2" type="stmt"/>
        <line num="35" count="2" type="stmt"/>
        <line num="36" count="2" type="stmt"/>
        <line num="40" count="168" type="stmt"/>
        <line num="41" count="168" type="stmt"/>
        <line num="45" count="34" type="stmt"/>
        <line num="46" count="34" type="stmt"/>
        <line num="50" count="85" type="stmt"/>
        <line num="57" count="18" type="stmt"/>
        <line num="58" count="18" type="stmt"/>
        <line num="62" count="17" type="stmt"/>
        <line num="63" count="17" type="stmt"/>
        <line num="67" count="1" type="stmt"/>
        <line num="68" count="1" type="stmt"/>
        <line num="69" count="1" type="stmt"/>
        <line num="71" count="1" type="stmt"/>
        <line num="75" count="17" type="stmt"/>
        <line num="76" count="17" type="stmt"/>
        <line num="77" count="17" type="stmt"/>
        <line num="78" count="17" type="stmt"/>
        <line num="80" count="17" type="stmt"/>
        <line num="81" count="85" type="stmt"/>
        <line num="82" count="85" type="stmt"/>
        <line num="83" count="85" type="stmt"/>
        <line num="85" count="17" type="stmt"/>
        <line num="89" count="35" type="stmt"/>
        <line num="90" count="35" type="stmt"/>
        <line num="91" count="35" type="stmt"/>
        <line num="96" count="237" type="stmt"/>
        <line num="97" count="237" type="cond" truecount="2" falsecount="0"/>
        <line num="100" count="2" type="stmt"/>
        <line num="102" count="237" type="stmt"/>
        <line num="110" count="35" type="stmt"/>
        <line num="114" count="70" type="stmt"/>
        <line num="115" count="70" type="stmt"/>
        <line num="116" count="70" type="stmt"/>
        <line num="117" count="70" type="stmt"/>
        <line num="118" count="70" type="stmt"/>
        <line num="119" count="70" type="stmt"/>
        <line num="123" count="35" type="stmt"/>
      </file>
      <file name="hsl.ts" path="/home/travis/build/MaibornWolff/codecharta/visualization/app/codeCharta/util/color/hsl.ts">
        <metrics statements="7" coveredstatements="7" conditionals="0" coveredconditionals="0" methods="6" coveredmethods="6"/>
        <line num="1" count="141" type="stmt"/>
        <line num="4" count="24" type="stmt"/>
        <line num="7" count="19" type="stmt"/>
        <line num="11" count="19" type="stmt"/>
        <line num="15" count="26" type="stmt"/>
        <line num="19" count="18" type="stmt"/>
        <line num="23" count="2" type="stmt"/>
      </file>
    </package>
  </project>
</coverage>
