TN:
SF:app/app.ts
FN:16,(anonymous_1)
FN:24,(anonymous_2)
FN:27,(anonymous_3)
FN:32,(anonymous_4)
FNF:4
FNH:0
FNDA:0,(anonymous_1)
FNDA:0,(anonymous_2)
FNDA:0,(anonymous_3)
FNDA:0,(anonymous_4)
DA:1,0
DA:2,0
DA:3,0
DA:4,0
DA:5,0
DA:6,0
DA:7,0
DA:8,0
DA:10,0
DA:12,0
DA:17,0
DA:18,0
DA:25,0
DA:28,0
DA:33,0
DA:34,0
LF:16
LH:0
BRF:0
BRH:0
end_of_record
TN:
SF:app/codeCharta/codeCharta.api.model.ts
FN:19,(anonymous_0)
FN:24,(anonymous_1)
FNF:2
FNH:2
FNDA:142,(anonymous_0)
FNDA:142,(anonymous_1)
DA:19,142
DA:20,142
DA:21,142
DA:24,142
DA:25,142
DA:26,142
DA:27,142
DA:28,142
LF:8
LH:8
BRDA:19,0,0,142
BRDA:19,0,1,142
BRDA:24,1,0,142
BRDA:24,1,1,142
BRF:4
BRH:4
end_of_record
TN:
SF:app/codeCharta/codeCharta.component.ts
FN:43,(anonymous_9)
FN:53,(anonymous_11)
FN:70,(anonymous_12)
FN:75,(anonymous_13)
FNF:4
FNH:4
FNDA:13,(anonymous_9)
FNDA:10,(anonymous_11)
FNDA:13,(anonymous_12)
FNDA:3,(anonymous_13)
DA:1,108
DA:3,108
DA:9,108
DA:10,108
DA:11,108
DA:12,108
DA:13,108
DA:14,108
DA:15,108
DA:19,10
DA:29,10
DA:30,10
DA:31,10
DA:32,10
DA:33,10
DA:35,10
DA:37,10
DA:38,10
DA:39,10
DA:40,10
DA:44,13
DA:45,13
DA:46,3
DA:47,3
DA:49,12
DA:54,10
DA:55,8
DA:56,8
DA:57,8
DA:58,8
DA:59,0
DA:60,0
DA:62,8
DA:64,10
DA:71,13
DA:72,13
DA:76,3
DA:77,3
DA:79,3
DA:80,0
DA:81,3
DA:82,0
DA:84,3
DA:89,108
LF:44
LH:40
BRDA:54,0,0,8
BRDA:54,0,1,2
BRDA:57,1,0,8
BRDA:57,1,1,0
BRDA:59,2,0,0
BRDA:59,2,1,0
BRDA:59,3,0,0
BRDA:59,3,1,0
BRDA:79,4,0,0
BRDA:79,4,1,3
BRDA:79,5,0,3
BRDA:79,5,1,0
BRDA:81,6,0,0
BRDA:81,6,1,3
BRF:14
BRH:6
end_of_record
TN:
SF:app/codeCharta/codeCharta.model.ts
FN:14,(anonymous_0)
FN:55,(anonymous_1)
FN:60,(anonymous_2)
FN:162,(anonymous_3)
FN:174,(anonymous_4)
FN:191,(anonymous_5)
FN:296,stateObjectReplacer
FN:313,stateObjectReviver
FN:340,(anonymous_8)
FNF:9
FNH:9
FNDA:150,(anonymous_0)
FNDA:150,(anonymous_1)
FNDA:150,(anonymous_2)
FNDA:150,(anonymous_3)
FNDA:150,(anonymous_4)
FNDA:150,(anonymous_5)
FNDA:176,stateObjectReplacer
FNDA:127,stateObjectReviver
FNDA:150,(anonymous_8)
DA:14,150
DA:15,150
DA:16,150
DA:17,150
DA:18,150
DA:55,150
DA:56,150
DA:57,150
DA:60,150
DA:61,150
DA:62,150
DA:162,150
DA:163,150
DA:164,150
DA:174,150
DA:175,150
DA:176,150
DA:177,150
DA:178,150
DA:191,150
DA:192,150
DA:193,150
DA:297,176
DA:298,176
DA:299,1
DA:304,175
DA:305,1
DA:310,174
DA:314,127
DA:315,127
DA:316,119
DA:321,8
DA:322,1
DA:324,7
DA:325,1
DA:328,6
DA:340,150
DA:341,150
DA:342,150
DA:343,150
DA:344,150
DA:345,150
LF:42
LH:42
BRDA:14,0,0,150
BRDA:14,0,1,150
BRDA:55,1,0,150
BRDA:55,1,1,150
BRDA:60,2,0,150
BRDA:60,2,1,150
BRDA:162,3,0,150
BRDA:162,3,1,150
BRDA:174,4,0,150
BRDA:174,4,1,150
BRDA:191,5,0,150
BRDA:191,5,1,150
BRDA:298,6,0,1
BRDA:298,6,1,175
BRDA:304,7,0,1
BRDA:304,7,1,174
BRDA:315,8,0,119
BRDA:315,8,1,8
BRDA:315,9,0,127
BRDA:315,9,1,117
BRDA:321,10,0,1
BRDA:321,10,1,7
BRDA:324,11,0,1
BRDA:324,11,1,6
BRDA:340,12,0,150
BRDA:340,12,1,150
BRF:26
BRH:26
end_of_record
TN:
SF:app/codeCharta/codeCharta.module.ts
FNF:0
FNH:0
DA:3,108
DA:4,108
DA:6,108
DA:7,108
DA:9,108
DA:10,108
DA:11,108
DA:13,108
DA:15,108
LF:9
LH:9
BRF:0
BRH:0
end_of_record
TN:
SF:app/codeCharta/codeCharta.mouseEvent.service.ts
FN:7,(anonymous_0)
FN:12,(anonymous_1)
FN:22,(anonymous_2)
FN:28,(anonymous_3)
FNF:4
FNH:4
FNDA:21,(anonymous_0)
FNDA:9,(anonymous_1)
FNDA:6,(anonymous_2)
FNDA:5,(anonymous_3)
DA:2,108
DA:3,108
DA:4,108
DA:7,21
DA:13,9
DA:14,6
DA:17,9
DA:18,5
DA:23,6
DA:24,4
DA:29,5
DA:30,3
LF:12
LH:12
BRDA:13,0,0,6
BRDA:13,0,1,3
BRDA:17,1,0,5
BRDA:17,1,1,4
BRDA:23,2,0,4
BRDA:23,2,1,2
BRDA:29,3,0,3
BRDA:29,3,1,2
BRF:8
BRH:8
end_of_record
TN:
SF:app/codeCharta/codeCharta.service.ts
FN:20,(anonymous_0)
FN:22,(anonymous_1)
FN:51,(anonymous_2)
FN:57,(anonymous_3)
FN:60,(anonymous_4)
FN:62,(anonymous_5)
FNF:6
FNH:6
FNDA:22,(anonymous_0)
FNDA:12,(anonymous_1)
FNDA:7,(anonymous_2)
FNDA:7,(anonymous_3)
FNDA:3,(anonymous_4)
FNDA:9,(anonymous_5)
DA:1,142
DA:3,142
DA:5,142
DA:6,142
DA:8,142
DA:9,142
DA:10,142
DA:11,142
DA:12,142
DA:15,142
DA:16,142
DA:17,142
DA:18,22
DA:20,22
DA:23,12
DA:24,12
DA:25,12
DA:26,7
DA:28,5
DA:29,5
DA:30,5
DA:31,5
DA:32,5
DA:35,0
DA:36,0
DA:37,0
DA:42,12
DA:43,7
DA:44,7
DA:45,7
DA:46,7
DA:47,7
DA:52,7
DA:53,7
DA:54,7
DA:58,7
DA:59,7
DA:60,7
DA:62,9
DA:63,1
LF:40
LH:37
BRDA:28,0,0,5
BRDA:28,0,1,0
BRDA:35,1,0,0
BRDA:35,1,1,0
BRDA:42,2,0,7
BRDA:42,2,1,5
BRDA:62,3,0,1
BRDA:62,3,1,6
BRF:8
BRH:5
end_of_record
TN:
SF:app/codeCharta/model/customConfig/customConfig.api.model.ts
FN:3,(anonymous_0)
FNF:1
FNH:1
FNDA:142,(anonymous_0)
DA:3,142
DA:4,142
DA:5,142
DA:6,142
LF:4
LH:4
BRDA:3,0,0,142
BRDA:3,0,1,142
BRF:2
BRH:2
end_of_record
TN:
SF:app/codeCharta/model/files/files.helper.ts
FN:3,getCCFiles
FN:4,(anonymous_1)
FN:7,fileStatesAvailable
FN:8,(anonymous_3)
FN:11,getFileByFileName
FN:12,(anonymous_5)
FN:16,getVisibleFiles
FN:17,(anonymous_7)
FN:20,getVisibleFileStates
FN:21,(anonymous_9)
FN:24,isSingleState
FN:25,(anonymous_11)
FN:28,isDeltaState
FN:29,(anonymous_13)
FN:32,isPartialState
FN:33,(anonymous_15)
FNF:16
FNH:16
FNDA:16,getCCFiles
FNDA:14,(anonymous_1)
FNDA:423,fileStatesAvailable
FNDA:22,(anonymous_3)
FNDA:3,getFileByFileName
FNDA:4,(anonymous_5)
FNDA:3,getVisibleFiles
FNDA:3,(anonymous_7)
FNDA:79,getVisibleFileStates
FNDA:135,(anonymous_9)
FNDA:24,isSingleState
FNDA:37,(anonymous_11)
FNDA:88,isDeltaState
FNDA:43,(anonymous_13)
FNDA:20,isPartialState
FNDA:28,(anonymous_15)
DA:1,142
DA:4,16
DA:8,423
DA:12,4
DA:13,3
DA:17,3
DA:21,135
DA:25,37
DA:29,88
DA:33,28
LF:10
LH:10
BRDA:13,0,0,2
BRDA:13,0,1,1
BRDA:29,1,0,43
BRDA:29,1,1,33
BRF:4
BRH:4
end_of_record
TN:
SF:app/codeCharta/model/files/files.ts
FN:8,(anonymous_0)
FNF:1
FNH:1
FNDA:145,(anonymous_0)
DA:8,145
DA:9,145
DA:10,145
DA:11,145
DA:12,145
DA:13,145
LF:6
LH:6
BRDA:8,0,0,145
BRDA:8,0,1,145
BRF:2
BRH:2
end_of_record
TN:
SF:app/codeCharta/ressources/fixed-folders/fixed-folders-example.ts
FNF:0
FNH:0
DA:1,2
DA:4,2
DA:141,2
LF:3
LH:3
BRF:0
BRH:0
end_of_record
TN:
SF:app/codeCharta/state/injector.service.ts
FN:56,(anonymous_0)
FNF:1
FNH:1
FNDA:8,(anonymous_0)
DA:59,8
DA:60,8
DA:61,8
DA:62,8
DA:63,8
DA:64,8
DA:65,8
DA:66,8
DA:67,8
DA:68,8
DA:69,8
DA:70,8
DA:71,8
DA:72,8
DA:73,8
DA:74,8
DA:75,8
DA:76,8
DA:77,8
DA:78,8
DA:79,8
DA:80,8
DA:81,8
DA:82,8
DA:83,8
DA:84,8
DA:85,8
DA:86,8
DA:87,8
DA:88,8
DA:89,8
DA:90,8
DA:91,8
DA:92,8
DA:93,8
DA:94,8
DA:95,8
DA:96,8
DA:97,8
DA:98,8
DA:99,8
DA:100,8
DA:101,8
DA:102,8
DA:103,8
DA:104,8
DA:105,8
DA:106,8
DA:107,8
LF:49
LH:49
BRF:0
BRH:0
end_of_record
TN:
SF:app/codeCharta/state/nodeSearch.service.ts
FN:19,(anonymous_0)
FN:27,(anonymous_1)
FN:30,(anonymous_2)
FN:33,(anonymous_3)
FN:37,(anonymous_4)
FN:38,(anonymous_5)
FNF:6
FNH:5
FNDA:17,(anonymous_0)
FNDA:14,(anonymous_1)
FNDA:29,(anonymous_2)
FNDA:14,(anonymous_3)
FNDA:1,(anonymous_4)
FNDA:0,(anonymous_5)
DA:3,108
DA:6,108
DA:7,108
DA:14,108
DA:16,17
DA:20,17
DA:21,17
DA:22,17
DA:24,17
DA:28,14
DA:29,14
DA:30,29
DA:34,14
DA:38,1
DA:39,0
LF:15
LH:14
BRF:0
BRH:0
end_of_record
TN:
SF:app/codeCharta/state/state.module.ts
FNF:0
FNH:0
DA:1,108
DA:3,108
DA:4,108
DA:5,108
DA:6,108
DA:7,108
DA:8,108
DA:9,108
DA:10,108
DA:11,108
DA:12,108
DA:13,108
DA:14,108
DA:15,108
DA:16,108
DA:17,108
DA:18,108
DA:19,108
DA:20,108
DA:21,108
DA:22,108
DA:23,108
DA:24,108
DA:25,108
DA:26,108
DA:27,108
DA:28,108
DA:29,108
DA:30,108
DA:31,108
DA:32,108
DA:33,108
DA:34,108
DA:35,108
DA:36,108
DA:37,108
DA:38,108
DA:39,108
DA:40,108
DA:41,108
DA:42,108
DA:43,108
DA:44,108
DA:45,108
DA:46,108
DA:47,108
DA:48,108
DA:49,108
DA:50,108
DA:51,108
DA:52,108
DA:53,108
DA:54,108
DA:55,108
DA:57,108
LF:55
LH:55
BRF:0
BRH:0
end_of_record
TN:
SF:app/codeCharta/state/store.service.ts
FN:30,(anonymous_1)
FN:34,(anonymous_2)
FN:60,(anonymous_3)
FN:64,(anonymous_4)
FN:68,(anonymous_5)
FN:69,(anonymous_6)
FNF:6
FNH:6
FNDA:832,(anonymous_1)
FNDA:1564,(anonymous_2)
FNDA:2256,(anonymous_3)
FNDA:2777,(anonymous_4)
FNDA:884,(anonymous_5)
FNDA:13840,(anonymous_6)
DA:1,142
DA:2,142
DA:4,142
DA:5,142
DA:6,142
DA:8,142
DA:9,142
DA:10,142
DA:11,142
DA:12,142
DA:13,142
DA:14,142
DA:15,142
DA:26,142
DA:30,832
DA:31,832
DA:35,1564
DA:49,745
DA:52,1564
DA:53,2784
DA:54,2782
DA:55,2777
DA:61,2256
DA:65,2777
DA:69,884
DA:70,13840
LF:26
LH:26
BRDA:34,0,0,1559
BRDA:35,1,0,745
BRDA:35,1,1,819
BRDA:37,2,0,1564
BRDA:37,2,1,812
BRDA:37,2,2,792
BRDA:37,2,3,791
BRDA:37,2,4,777
BRDA:37,2,5,776
BRDA:37,2,6,770
BRDA:37,2,7,756
BRDA:37,2,8,752
BRDA:37,2,9,750
BRDA:54,3,0,2777
BRDA:54,3,1,5
BRF:15
BRH:15
end_of_record
TN:
SF:app/codeCharta/state/store/state.actions.ts
FN:12,(anonymous_0)
FN:23,setState
FNF:2
FNH:2
FNDA:143,(anonymous_0)
FNDA:29,setState
DA:4,143
DA:5,143
DA:6,143
DA:7,143
DA:8,143
DA:9,143
DA:10,143
DA:12,143
DA:13,143
DA:24,29
DA:30,143
LF:11
LH:11
BRDA:12,0,0,143
BRDA:12,0,1,143
BRDA:23,1,0,1
BRF:3
BRH:3
end_of_record
TN:
SF:app/codeCharta/state/store/state.reducer.ts
FNF:0
FNH:0
DA:2,142
DA:3,142
DA:4,142
DA:5,142
DA:6,142
DA:7,142
DA:8,142
DA:9,142
DA:11,142
DA:22,142
LF:10
LH:10
BRF:0
BRH:0
end_of_record
TN:
SF:app/codeCharta/state/store/state.splitter.ts
FN:21,splitStateActions
FNF:1
FNH:1
FNDA:1570,splitStateActions
DA:2,143
DA:5,143
DA:6,143
DA:7,143
DA:8,143
DA:9,143
DA:10,143
DA:13,143
DA:14,143
DA:15,143
DA:16,143
DA:17,143
DA:18,143
DA:19,143
DA:23,1570
DA:24,0
DA:27,1570
DA:28,0
DA:31,1570
DA:32,15
DA:35,1555
DA:36,1
DA:39,1554
DA:40,13
DA:43,1541
DA:44,0
DA:47,1541
DA:48,25
DA:51,25
DA:52,17
DA:55,25
DA:56,17
DA:59,25
DA:60,22
DA:63,25
DA:64,18
DA:67,25
DA:68,22
DA:71,25
DA:72,17
DA:75,25
DA:76,17
DA:78,25
DA:81,1516
LF:44
LH:41
BRDA:23,0,0,0
BRDA:23,0,1,1570
BRDA:27,1,0,0
BRDA:27,1,1,1570
BRDA:31,2,0,15
BRDA:31,2,1,1555
BRDA:35,3,0,1
BRDA:35,3,1,1554
BRDA:39,4,0,13
BRDA:39,4,1,1541
BRDA:43,5,0,0
BRDA:43,5,1,1541
BRDA:47,6,0,25
BRDA:47,6,1,1516
BRDA:51,7,0,17
BRDA:51,7,1,8
BRDA:55,8,0,17
BRDA:55,8,1,8
BRDA:59,9,0,22
BRDA:59,9,1,3
BRDA:63,10,0,18
BRDA:63,10,1,7
BRDA:67,11,0,22
BRDA:67,11,1,3
BRDA:71,12,0,17
BRDA:71,12,1,8
BRDA:75,13,0,17
BRDA:75,13,1,8
BRF:28
BRH:25
end_of_record
TN:
SF:app/codeCharta/state/store/appSettings/appSettings.actions.ts
FN:31,(anonymous_0)
FN:42,setAppSettings
FNF:2
FNH:2
FNDA:143,(anonymous_0)
FNDA:15,setAppSettings
DA:4,143
DA:5,143
DA:6,143
DA:7,143
DA:8,143
DA:9,143
DA:10,143
DA:11,143
DA:12,143
DA:13,143
DA:14,143
DA:15,143
DA:16,143
DA:17,143
DA:18,143
DA:19,143
DA:20,143
DA:21,143
DA:22,143
DA:23,143
DA:24,143
DA:25,143
DA:26,143
DA:27,143
DA:28,143
DA:29,143
DA:31,143
DA:32,143
DA:43,15
DA:49,143
LF:30
LH:30
BRDA:31,0,0,143
BRDA:31,0,1,143
BRDA:42,1,0,14
BRF:3
BRH:3
end_of_record
TN:
SF:app/codeCharta/state/store/appSettings/appSettings.reducer.ts
FNF:0
FNH:0
DA:2,142
DA:3,142
DA:4,142
DA:5,142
DA:6,142
DA:7,142
DA:8,142
DA:9,142
DA:10,142
DA:11,142
DA:12,142
DA:13,142
DA:14,142
DA:15,142
DA:16,142
DA:17,142
DA:18,142
DA:19,142
DA:20,142
DA:21,142
DA:22,142
DA:23,142
DA:24,142
DA:25,142
DA:26,142
DA:27,142
DA:28,142
DA:30,142
DA:60,142
LF:29
LH:29
BRF:0
BRH:0
end_of_record
TN:
SF:app/codeCharta/state/store/appSettings/appSettings.splitter.ts
FN:32,splitAppSettingsActions
FNF:1
FNH:1
FNDA:35,splitAppSettingsActions
DA:5,143
DA:6,143
DA:7,143
DA:8,143
DA:9,143
DA:10,143
DA:11,143
DA:12,143
DA:13,143
DA:14,143
DA:15,143
DA:16,143
DA:17,143
DA:18,143
DA:19,143
DA:20,143
DA:21,143
DA:22,143
DA:23,143
DA:24,143
DA:25,143
DA:26,143
DA:27,143
DA:28,143
DA:29,143
DA:30,143
DA:33,35
DA:36,35
DA:37,29
DA:40,35
DA:41,29
DA:44,35
DA:45,29
DA:48,35
DA:49,29
DA:52,35
DA:53,29
DA:56,35
DA:57,29
DA:60,35
DA:61,29
DA:64,35
DA:65,29
DA:68,35
DA:69,29
DA:72,35
DA:73,29
DA:76,35
DA:77,29
DA:80,35
DA:81,29
DA:84,35
DA:85,29
DA:88,35
DA:89,29
DA:92,35
DA:93,29
DA:96,35
DA:97,29
DA:100,35
DA:101,29
DA:104,35
DA:105,31
DA:108,35
DA:109,31
DA:112,35
DA:113,30
DA:116,35
DA:117,31
DA:120,35
DA:121,30
DA:124,35
DA:125,29
DA:128,35
DA:129,29
DA:132,35
DA:133,29
DA:136,35
DA:137,29
DA:140,35
LF:80
LH:80
BRDA:36,0,0,29
BRDA:36,0,1,6
BRDA:40,1,0,29
BRDA:40,1,1,6
BRDA:44,2,0,29
BRDA:44,2,1,6
BRDA:48,3,0,29
BRDA:48,3,1,6
BRDA:52,4,0,29
BRDA:52,4,1,6
BRDA:56,5,0,29
BRDA:56,5,1,6
BRDA:60,6,0,29
BRDA:60,6,1,6
BRDA:64,7,0,29
BRDA:64,7,1,6
BRDA:68,8,0,29
BRDA:68,8,1,6
BRDA:72,9,0,29
BRDA:72,9,1,6
BRDA:76,10,0,29
BRDA:76,10,1,6
BRDA:80,11,0,29
BRDA:80,11,1,6
BRDA:84,12,0,29
BRDA:84,12,1,6
BRDA:88,13,0,29
BRDA:88,13,1,6
BRDA:92,14,0,29
BRDA:92,14,1,6
BRDA:96,15,0,29
BRDA:96,15,1,6
BRDA:100,16,0,29
BRDA:100,16,1,6
BRDA:104,17,0,31
BRDA:104,17,1,4
BRDA:108,18,0,31
BRDA:108,18,1,4
BRDA:112,19,0,30
BRDA:112,19,1,5
BRDA:116,20,0,31
BRDA:116,20,1,4
BRDA:120,21,0,30
BRDA:120,21,1,5
BRDA:124,22,0,29
BRDA:124,22,1,6
BRDA:128,23,0,29
BRDA:128,23,1,6
BRDA:132,24,0,29
BRDA:132,24,1,6
BRDA:136,25,0,29
BRDA:136,25,1,6
BRF:52
BRH:52
end_of_record
TN:
SF:app/codeCharta/state/store/appSettings/amountOfEdgePreviews/amountOfEdgePreviews.actions.ts
FN:3,(anonymous_0)
FN:14,setAmountOfEdgePreviews
FNF:2
FNH:2
FNDA:144,(anonymous_0)
FNDA:1439,setAmountOfEdgePreviews
DA:3,144
DA:4,144
DA:15,1439
DA:21,144
LF:4
LH:4
BRDA:3,0,0,144
BRDA:3,0,1,144
BRDA:14,1,0,1404
BRF:3
BRH:3
end_of_record
TN:
SF:app/codeCharta/state/store/appSettings/amountOfEdgePreviews/amountOfEdgePreviews.reducer.ts
FN:3,amountOfEdgePreviews
FNF:1
FNH:1
FNDA:4240,amountOfEdgePreviews
DA:1,143
DA:4,4240
DA:6,37
DA:8,4203
LF:4
LH:4
BRDA:3,0,0,1403
BRDA:5,1,0,37
BRDA:5,1,1,4203
BRF:3
BRH:3
end_of_record
TN:
SF:app/codeCharta/state/store/appSettings/amountOfEdgePreviews/amountOfEdgePreviews.service.ts
FN:13,(anonymous_0)
FN:17,(anonymous_1)
FN:23,(anonymous_2)
FN:27,(anonymous_3)
FN:33,(anonymous_4)
FN:34,(anonymous_5)
FNF:6
FNH:5
FNDA:12,(anonymous_0)
FNDA:284,(anonymous_1)
FNDA:11,(anonymous_2)
FNDA:11,(anonymous_3)
FNDA:1,(anonymous_4)
FNDA:0,(anonymous_5)
DA:1,108
DA:3,108
DA:4,108
DA:11,108
DA:13,12
DA:14,12
DA:18,284
DA:19,11
DA:24,11
DA:28,11
DA:34,1
DA:35,0
LF:12
LH:11
BRDA:18,0,0,11
BRDA:18,0,1,273
BRF:2
BRH:2
end_of_record
TN:
SF:app/codeCharta/state/store/appSettings/amountOfEdgePreviews/amountOfEdgePreviews.splitter.ts
FN:3,splitAmountOfEdgePreviewsAction
FNF:1
FNH:1
FNDA:29,splitAmountOfEdgePreviewsAction
DA:1,143
DA:4,29
LF:2
LH:2
BRF:0
BRH:0
end_of_record
TN:
SF:app/codeCharta/state/store/appSettings/amountOfTopLabels/amountOfTopLabels.actions.ts
FN:3,(anonymous_0)
FN:14,setAmountOfTopLabels
FNF:2
FNH:2
FNDA:144,(anonymous_0)
FNDA:1443,setAmountOfTopLabels
DA:3,144
DA:4,144
DA:15,1443
DA:21,144
LF:4
LH:4
BRDA:3,0,0,144
BRDA:3,0,1,144
BRDA:14,1,0,1404
BRF:3
BRH:3
end_of_record
TN:
SF:app/codeCharta/state/store/appSettings/amountOfTopLabels/amountOfTopLabels.reducer.ts
FN:3,amountOfTopLabels
FNF:1
FNH:1
FNDA:4240,amountOfTopLabels
DA:1,143
DA:4,4240
DA:6,41
DA:8,4199
LF:4
LH:4
BRDA:3,0,0,1403
BRDA:5,1,0,41
BRDA:5,1,1,4199
BRF:3
BRH:3
end_of_record
TN:
SF:app/codeCharta/state/store/appSettings/amountOfTopLabels/amountOfTopLabels.service.ts
FN:13,(anonymous_0)
FN:17,(anonymous_1)
FN:23,(anonymous_2)
FN:27,(anonymous_3)
FN:33,(anonymous_4)
FN:34,(anonymous_5)
FNF:6
FNH:5
FNDA:12,(anonymous_0)
FNDA:284,(anonymous_1)
FNDA:11,(anonymous_2)
FNDA:11,(anonymous_3)
FNDA:1,(anonymous_4)
FNDA:0,(anonymous_5)
DA:1,108
DA:3,108
DA:4,108
DA:11,108
DA:13,12
DA:14,12
DA:18,284
DA:19,11
DA:24,11
DA:28,11
DA:34,1
DA:35,0
LF:12
LH:11
BRDA:18,0,0,11
BRDA:18,0,1,273
BRF:2
BRH:2
end_of_record
TN:
SF:app/codeCharta/state/store/appSettings/amountOfTopLabels/amountOfTopLabels.splitter.ts
FN:3,splitAmountOfTopLabelsAction
FNF:1
FNH:1
FNDA:29,splitAmountOfTopLabelsAction
DA:1,143
DA:4,29
LF:2
LH:2
BRF:0
BRH:0
end_of_record
TN:
SF:app/codeCharta/state/store/appSettings/camera/camera.actions.ts
FN:4,(anonymous_0)
FN:15,setCamera
FNF:2
FNH:2
FNDA:144,(anonymous_0)
FNDA:1442,setCamera
DA:1,144
DA:4,144
DA:5,144
DA:16,1442
DA:22,144
LF:5
LH:5
BRDA:4,0,0,144
BRDA:4,0,1,144
BRDA:15,1,0,1406
BRF:3
BRH:3
end_of_record
TN:
SF:app/codeCharta/state/store/appSettings/camera/camera.reducer.ts
FN:4,camera
FNF:1
FNH:1
FNDA:4240,camera
DA:1,143
DA:2,143
DA:5,4240
DA:7,38
DA:9,4202
LF:5
LH:5
BRDA:4,0,0,1403
BRDA:6,1,0,38
BRDA:6,1,1,4202
BRF:3
BRH:3
end_of_record
TN:
SF:app/codeCharta/state/store/appSettings/camera/camera.service.ts
FN:14,(anonymous_0)
FN:18,(anonymous_1)
FN:24,(anonymous_2)
FN:28,(anonymous_3)
FN:33,(anonymous_4)
FN:34,(anonymous_5)
FNF:6
FNH:6
FNDA:10,(anonymous_0)
FNDA:282,(anonymous_1)
FNDA:10,(anonymous_2)
FNDA:10,(anonymous_3)
FNDA:271,(anonymous_4)
FNDA:10,(anonymous_5)
DA:1,108
DA:3,108
DA:5,108
DA:12,108
DA:14,10
DA:15,10
DA:19,282
DA:20,10
DA:25,10
DA:30,10
DA:34,271
DA:35,10
LF:12
LH:12
BRDA:19,0,0,10
BRDA:19,0,1,272
BRF:2
BRH:2
end_of_record
TN:
SF:app/codeCharta/state/store/appSettings/camera/camera.splitter.ts
FN:4,splitCameraAction
FNF:1
FNH:1
FNDA:30,splitCameraAction
DA:1,143
DA:5,30
LF:2
LH:2
BRF:0
BRH:0
end_of_record
TN:
SF:app/codeCharta/state/store/appSettings/cameraTarget/cameraTarget.actions.ts
FN:4,(anonymous_0)
FN:15,setCameraTarget
FNF:2
FNH:2
FNDA:144,(anonymous_0)
FNDA:1435,setCameraTarget
DA:1,144
DA:4,144
DA:5,144
DA:16,1435
DA:22,144
LF:5
LH:5
BRDA:4,0,0,144
BRDA:4,0,1,144
BRDA:15,1,0,1404
BRF:3
BRH:3
end_of_record
TN:
SF:app/codeCharta/state/store/appSettings/cameraTarget/cameraTarget.reducer.ts
FN:4,cameraTarget
FNF:1
FNH:1
FNDA:4240,cameraTarget
DA:1,143
DA:2,143
DA:5,4240
DA:7,33
DA:9,4207
LF:5
LH:5
BRDA:4,0,0,1403
BRDA:6,1,0,33
BRDA:6,1,1,4207
BRF:3
BRH:3
end_of_record
TN:
SF:app/codeCharta/state/store/appSettings/cameraTarget/cameraTarget.service.ts
FN:14,(anonymous_0)
FN:18,(anonymous_1)
FN:24,(anonymous_2)
FN:28,(anonymous_3)
FN:32,(anonymous_4)
FN:33,(anonymous_5)
FNF:6
FNH:4
FNDA:12,(anonymous_0)
FNDA:284,(anonymous_1)
FNDA:11,(anonymous_2)
FNDA:11,(anonymous_3)
FNDA:0,(anonymous_4)
FNDA:0,(anonymous_5)
DA:2,108
DA:4,108
DA:5,108
DA:12,108
DA:14,12
DA:15,12
DA:19,284
DA:20,11
DA:25,11
DA:29,11
DA:33,0
DA:34,0
LF:12
LH:10
BRDA:19,0,0,11
BRDA:19,0,1,273
BRF:2
BRH:2
end_of_record
TN:
SF:app/codeCharta/state/store/appSettings/cameraTarget/cameraTarget.splitter.ts
FN:4,splitCameraTargetAction
FNF:1
FNH:1
FNDA:29,splitCameraTargetAction
DA:2,143
DA:5,29
LF:2
LH:2
BRF:0
BRH:0
end_of_record
TN:
SF:app/codeCharta/state/store/appSettings/dynamicMargin/dynamicMargin.actions.ts
FN:3,(anonymous_0)
FN:14,setDynamicMargin
FNF:2
FNH:2
FNDA:144,(anonymous_0)
FNDA:1443,setDynamicMargin
DA:3,144
DA:4,144
DA:15,1443
DA:21,144
LF:4
LH:4
BRDA:3,0,0,144
BRDA:3,0,1,144
BRDA:14,1,0,1404
BRF:3
BRH:3
end_of_record
TN:
SF:app/codeCharta/state/store/appSettings/dynamicMargin/dynamicMargin.reducer.ts
FN:3,dynamicMargin
FNF:1
FNH:1
FNDA:4240,dynamicMargin
DA:1,143
DA:4,4240
DA:6,41
DA:8,4199
LF:4
LH:4
BRDA:3,0,0,1403
BRDA:5,1,0,41
BRDA:5,1,1,4199
BRF:3
BRH:3
end_of_record
TN:
SF:app/codeCharta/state/store/appSettings/dynamicMargin/dynamicMargin.service.ts
FN:13,(anonymous_0)
FN:17,(anonymous_1)
FN:23,(anonymous_2)
FN:27,(anonymous_3)
FN:31,(anonymous_4)
FN:32,(anonymous_5)
FNF:6
FNH:6
FNDA:12,(anonymous_0)
FNDA:284,(anonymous_1)
FNDA:11,(anonymous_2)
FNDA:11,(anonymous_3)
FNDA:14,(anonymous_4)
FNDA:10,(anonymous_5)
DA:1,108
DA:3,108
DA:4,108
DA:11,108
DA:13,12
DA:14,12
DA:18,284
DA:19,11
DA:24,11
DA:28,11
DA:32,14
DA:33,10
LF:12
LH:12
BRDA:18,0,0,11
BRDA:18,0,1,273
BRF:2
BRH:2
end_of_record
TN:
SF:app/codeCharta/state/store/appSettings/dynamicMargin/dynamicMargin.splitter.ts
FN:3,splitDynamicMarginAction
FNF:1
FNH:1
FNDA:29,splitDynamicMarginAction
DA:1,143
DA:4,29
LF:2
LH:2
BRF:0
BRH:0
end_of_record
TN:
SF:app/codeCharta/state/store/appSettings/edgeHeight/edgeHeight.actions.ts
FN:3,(anonymous_0)
FN:14,setEdgeHeight
FNF:2
FNH:2
FNDA:144,(anonymous_0)
FNDA:1436,setEdgeHeight
DA:3,144
DA:4,144
DA:15,1436
DA:21,144
LF:4
LH:4
BRDA:3,0,0,144
BRDA:3,0,1,144
BRDA:14,1,0,1404
BRF:3
BRH:3
end_of_record
TN:
SF:app/codeCharta/state/store/appSettings/edgeHeight/edgeHeight.reducer.ts
FN:3,edgeHeight
FNF:1
FNH:1
FNDA:4240,edgeHeight
DA:1,143
DA:4,4240
DA:6,33
DA:8,4207
LF:4
LH:4
BRDA:3,0,0,1403
BRDA:5,1,0,33
BRDA:5,1,1,4207
BRF:3
BRH:3
end_of_record
TN:
SF:app/codeCharta/state/store/appSettings/edgeHeight/edgeHeight.service.ts
FN:13,(anonymous_0)
FN:17,(anonymous_1)
FN:23,(anonymous_2)
FN:27,(anonymous_3)
FN:31,(anonymous_4)
FN:32,(anonymous_5)
FNF:6
FNH:5
FNDA:12,(anonymous_0)
FNDA:284,(anonymous_1)
FNDA:11,(anonymous_2)
FNDA:11,(anonymous_3)
FNDA:3,(anonymous_4)
FNDA:0,(anonymous_5)
DA:1,108
DA:3,108
DA:4,108
DA:11,108
DA:13,12
DA:14,12
DA:18,284
DA:19,11
DA:24,11
DA:28,11
DA:32,3
DA:33,0
LF:12
LH:11
BRDA:18,0,0,11
BRDA:18,0,1,273
BRF:2
BRH:2
end_of_record
TN:
SF:app/codeCharta/state/store/appSettings/edgeHeight/edgeHeight.splitter.ts
FN:3,splitEdgeHeightAction
FNF:1
FNH:1
FNDA:30,splitEdgeHeightAction
DA:1,143
DA:4,30
LF:2
LH:2
BRF:0
BRH:0
end_of_record
TN:
SF:app/codeCharta/state/store/appSettings/enableExperimentalFeatures/experimentalFeaturesEnabled.actions.ts
FN:3,(anonymous_0)
FN:14,setExperimentalFeaturesEnabled
FNF:2
FNH:2
FNDA:144,(anonymous_0)
FNDA:1436,setExperimentalFeaturesEnabled
DA:3,144
DA:4,144
DA:17,1436
DA:23,144
LF:4
LH:4
BRDA:3,0,0,144
BRDA:3,0,1,144
BRDA:15,1,0,1404
BRF:3
BRH:3
end_of_record
TN:
SF:app/codeCharta/state/store/appSettings/enableExperimentalFeatures/experimentalFeaturesEnabled.reducer.ts
FN:7,experimentalFeaturesEnabled
FNF:1
FNH:1
FNDA:4240,experimentalFeaturesEnabled
DA:1,143
DA:8,4240
DA:10,34
DA:12,4206
LF:4
LH:4
BRDA:7,0,0,1403
BRDA:9,1,0,34
BRDA:9,1,1,4206
BRF:3
BRH:3
end_of_record
TN:
SF:app/codeCharta/state/store/appSettings/enableExperimentalFeatures/experimentalFeaturesEnabled.service.ts
FN:13,(anonymous_0)
FN:17,(anonymous_1)
FN:23,(anonymous_2)
FN:27,(anonymous_3)
FN:33,(anonymous_4)
FN:34,(anonymous_5)
FNF:6
FNH:5
FNDA:12,(anonymous_0)
FNDA:284,(anonymous_1)
FNDA:11,(anonymous_2)
FNDA:11,(anonymous_3)
FNDA:10,(anonymous_4)
FNDA:0,(anonymous_5)
DA:1,108
DA:3,108
DA:4,108
DA:11,108
DA:13,12
DA:14,12
DA:18,284
DA:19,11
DA:24,11
DA:28,11
DA:34,10
DA:35,0
LF:12
LH:11
BRDA:18,0,0,11
BRDA:18,0,1,273
BRF:2
BRH:2
end_of_record
TN:
SF:app/codeCharta/state/store/appSettings/enableExperimentalFeatures/experimentalFeaturesEnabled.splitter.ts
FN:3,splitExperimentalFeaturesEnabledAction
FNF:1
FNH:1
FNDA:29,splitExperimentalFeaturesEnabledAction
DA:1,143
DA:4,29
LF:2
LH:2
BRF:0
BRH:0
end_of_record
TN:
SF:app/codeCharta/state/store/appSettings/hideFlatBuildings/hideFlatBuildings.actions.ts
FN:3,(anonymous_0)
FN:14,setHideFlatBuildings
FNF:2
FNH:2
FNDA:144,(anonymous_0)
FNDA:1438,setHideFlatBuildings
DA:3,144
DA:4,144
DA:15,1438
DA:21,144
LF:4
LH:4
BRDA:3,0,0,144
BRDA:3,0,1,144
BRDA:14,1,0,1404
BRF:3
BRH:3
end_of_record
TN:
SF:app/codeCharta/state/store/appSettings/hideFlatBuildings/hideFlatBuildings.reducer.ts
FN:3,hideFlatBuildings
FNF:1
FNH:1
FNDA:4240,hideFlatBuildings
DA:1,143
DA:4,4240
DA:6,36
DA:8,4204
LF:4
LH:4
BRDA:3,0,0,1403
BRDA:5,1,0,36
BRDA:5,1,1,4204
BRF:3
BRH:3
end_of_record
TN:
SF:app/codeCharta/state/store/appSettings/hideFlatBuildings/hideFlatBuildings.service.ts
FN:13,(anonymous_0)
FN:17,(anonymous_1)
FN:23,(anonymous_2)
FN:27,(anonymous_3)
FN:33,(anonymous_4)
FN:34,(anonymous_5)
FNF:6
FNH:5
FNDA:12,(anonymous_0)
FNDA:284,(anonymous_1)
FNDA:11,(anonymous_2)
FNDA:11,(anonymous_3)
FNDA:1,(anonymous_4)
FNDA:0,(anonymous_5)
DA:1,108
DA:3,108
DA:4,108
DA:11,108
DA:13,12
DA:14,12
DA:18,284
DA:19,11
DA:24,11
DA:28,11
DA:34,1
DA:35,0
LF:12
LH:11
BRDA:18,0,0,11
BRDA:18,0,1,273
BRF:2
BRH:2
end_of_record
TN:
SF:app/codeCharta/state/store/appSettings/hideFlatBuildings/hideFlatBuildings.splitter.ts
FN:3,splitHideFlatBuildingsAction
FNF:1
FNH:1
FNDA:31,splitHideFlatBuildingsAction
DA:1,143
DA:4,31
LF:2
LH:2
BRF:0
BRH:0
end_of_record
TN:
SF:app/codeCharta/state/store/appSettings/invertColorRange/invertColorRange.actions.ts
FN:3,(anonymous_0)
FN:14,setInvertColorRange
FNF:2
FNH:2
FNDA:144,(anonymous_0)
FNDA:1440,setInvertColorRange
DA:3,144
DA:4,144
DA:15,1440
DA:21,144
LF:4
LH:4
BRDA:3,0,0,144
BRDA:3,0,1,144
BRDA:14,1,0,1404
BRF:3
BRH:3
end_of_record
TN:
SF:app/codeCharta/state/store/appSettings/invertColorRange/invertColorRange.reducer.ts
FN:3,invertColorRange
FNF:1
FNH:1
FNDA:4240,invertColorRange
DA:1,143
DA:4,4240
DA:6,38
DA:8,4202
LF:4
LH:4
BRDA:3,0,0,1403
BRDA:5,1,0,38
BRDA:5,1,1,4202
BRF:3
BRH:3
end_of_record
TN:
SF:app/codeCharta/state/store/appSettings/invertColorRange/invertColorRange.service.ts
FN:13,(anonymous_0)
FN:17,(anonymous_1)
FN:23,(anonymous_2)
FN:27,(anonymous_3)
FN:33,(anonymous_4)
FN:34,(anonymous_5)
FNF:6
FNH:5
FNDA:12,(anonymous_0)
FNDA:284,(anonymous_1)
FNDA:11,(anonymous_2)
FNDA:11,(anonymous_3)
FNDA:17,(anonymous_4)
FNDA:0,(anonymous_5)
DA:1,108
DA:3,108
DA:4,108
DA:11,108
DA:13,12
DA:14,12
DA:18,284
DA:19,11
DA:24,11
DA:28,11
DA:34,17
DA:35,0
LF:12
LH:11
BRDA:18,0,0,11
BRDA:18,0,1,273
BRF:2
BRH:2
end_of_record
TN:
SF:app/codeCharta/state/store/appSettings/invertColorRange/invertColorRange.splitter.ts
FN:3,splitInvertColorRangeAction
FNF:1
FNH:1
FNDA:31,splitInvertColorRangeAction
DA:1,143
DA:4,31
LF:2
LH:2
BRF:0
BRH:0
end_of_record
TN:
SF:app/codeCharta/state/store/appSettings/invertDeltaColors/invertDeltaColors.actions.ts
FN:3,(anonymous_0)
FN:14,setInvertDeltaColors
FNF:2
FNH:2
FNDA:144,(anonymous_0)
FNDA:1443,setInvertDeltaColors
DA:3,144
DA:4,144
DA:15,1443
DA:21,144
LF:4
LH:4
BRDA:3,0,0,144
BRDA:3,0,1,144
BRDA:14,1,0,1404
BRF:3
BRH:3
end_of_record
TN:
SF:app/codeCharta/state/store/appSettings/invertDeltaColors/invertDeltaColors.reducer.ts
FN:3,invertDeltaColors
FNF:1
FNH:1
FNDA:4240,invertDeltaColors
DA:1,143
DA:4,4240
DA:6,41
DA:8,4199
LF:4
LH:4
BRDA:3,0,0,1403
BRDA:5,1,0,41
BRDA:5,1,1,4199
BRF:3
BRH:3
end_of_record
TN:
SF:app/codeCharta/state/store/appSettings/invertDeltaColors/invertDeltaColors.service.ts
FN:13,(anonymous_0)
FN:17,(anonymous_1)
FN:23,(anonymous_2)
FN:27,(anonymous_3)
FN:33,(anonymous_4)
FN:34,(anonymous_5)
FNF:6
FNH:5
FNDA:12,(anonymous_0)
FNDA:284,(anonymous_1)
FNDA:11,(anonymous_2)
FNDA:11,(anonymous_3)
FNDA:19,(anonymous_4)
FNDA:0,(anonymous_5)
DA:1,108
DA:3,108
DA:4,108
DA:11,108
DA:13,12
DA:14,12
DA:18,284
DA:19,11
DA:24,11
DA:28,11
DA:34,19
DA:35,0
LF:12
LH:11
BRDA:18,0,0,11
BRDA:18,0,1,273
BRF:2
BRH:2
end_of_record
TN:
SF:app/codeCharta/state/store/appSettings/invertDeltaColors/invertDeltaColors.splitter.ts
FN:3,splitInvertDeltaColorsAction
FNF:1
FNH:1
FNDA:29,splitInvertDeltaColorsAction
DA:1,143
DA:4,29
LF:2
LH:2
BRF:0
BRH:0
end_of_record
TN:
SF:app/codeCharta/state/store/appSettings/invertHeight/invertHeight.actions.ts
FN:3,(anonymous_0)
FN:14,setInvertHeight
FNF:2
FNH:2
FNDA:144,(anonymous_0)
FNDA:1435,setInvertHeight
DA:3,144
DA:4,144
DA:15,1435
DA:21,144
LF:4
LH:4
BRDA:3,0,0,144
BRDA:3,0,1,144
BRDA:14,1,0,1404
BRF:3
BRH:3
end_of_record
TN:
SF:app/codeCharta/state/store/appSettings/invertHeight/invertHeight.reducer.ts
FN:3,invertHeight
FNF:1
FNH:1
FNDA:4240,invertHeight
DA:1,143
DA:4,4240
DA:6,33
DA:8,4207
LF:4
LH:4
BRDA:3,0,0,1403
BRDA:5,1,0,33
BRDA:5,1,1,4207
BRF:3
BRH:3
end_of_record
TN:
SF:app/codeCharta/state/store/appSettings/invertHeight/invertHeight.service.ts
FN:13,(anonymous_0)
FN:17,(anonymous_1)
FN:23,(anonymous_2)
FN:27,(anonymous_3)
FN:31,(anonymous_4)
FN:32,(anonymous_5)
FNF:6
FNH:5
FNDA:12,(anonymous_0)
FNDA:284,(anonymous_1)
FNDA:11,(anonymous_2)
FNDA:11,(anonymous_3)
FNDA:5,(anonymous_4)
FNDA:0,(anonymous_5)
DA:1,108
DA:3,108
DA:4,108
DA:11,108
DA:13,12
DA:14,12
DA:18,284
DA:19,11
DA:24,11
DA:28,11
DA:32,5
DA:33,0
LF:12
LH:11
BRDA:18,0,0,11
BRDA:18,0,1,273
BRF:2
BRH:2
end_of_record
TN:
SF:app/codeCharta/state/store/appSettings/invertHeight/invertHeight.splitter.ts
FN:3,splitInvertHeightAction
FNF:1
FNH:1
FNDA:29,splitInvertHeightAction
DA:1,143
DA:4,29
LF:2
LH:2
BRF:0
BRH:0
end_of_record
TN:
SF:app/codeCharta/state/store/appSettings/isAttributeSideBarVisible/isAttributeSideBarVisible.actions.ts
FN:3,(anonymous_0)
FN:24,setIsAttributeSideBarVisible
FN:33,openAttributeSideBar
FN:39,closeAttributeSideBar
FNF:4
FNH:4
FNDA:144,(anonymous_0)
FNDA:1434,setIsAttributeSideBarVisible
FNDA:4,openAttributeSideBar
FNDA:4,closeAttributeSideBar
DA:3,144
DA:4,144
DA:5,144
DA:6,144
DA:27,1434
DA:34,4
DA:40,4
DA:45,144
LF:8
LH:8
BRDA:3,0,0,144
BRDA:3,0,1,144
BRDA:25,1,0,1404
BRF:3
BRH:3
end_of_record
TN:
SF:app/codeCharta/state/store/appSettings/isAttributeSideBarVisible/isAttributeSideBarVisible.reducer.ts
FN:7,isAttributeSideBarVisible
FNF:1
FNH:1
FNDA:4242,isAttributeSideBarVisible
DA:1,143
DA:8,4242
DA:10,4
DA:12,4
DA:14,32
DA:16,4202
LF:6
LH:6
BRDA:7,0,0,1403
BRDA:9,1,0,4
BRDA:9,1,1,4
BRDA:9,1,2,32
BRDA:9,1,3,4202
BRF:5
BRH:5
end_of_record
TN:
SF:app/codeCharta/state/store/appSettings/isAttributeSideBarVisible/isAttributeSideBarVisible.service.ts
FN:19,(anonymous_0)
FN:25,(anonymous_1)
FN:29,(anonymous_2)
FN:33,(anonymous_3)
FN:39,(anonymous_4)
FN:43,(anonymous_5)
FN:49,(anonymous_6)
FN:50,(anonymous_7)
FNF:8
FNH:7
FNDA:18,(anonymous_0)
FNDA:1,(anonymous_1)
FNDA:1,(anonymous_2)
FNDA:284,(anonymous_3)
FNDA:11,(anonymous_4)
FNDA:11,(anonymous_5)
FNDA:25,(anonymous_6)
FNDA:0,(anonymous_7)
DA:1,108
DA:3,108
DA:4,108
DA:5,108
DA:17,108
DA:19,18
DA:20,18
DA:21,18
DA:22,18
DA:26,1
DA:30,1
DA:34,284
DA:35,11
DA:40,11
DA:44,11
DA:50,25
DA:51,0
LF:17
LH:16
BRDA:34,0,0,11
BRDA:34,0,1,273
BRF:2
BRH:2
end_of_record
TN:
SF:app/codeCharta/state/store/appSettings/isAttributeSideBarVisible/isAttributeSideBarVisible.splitter.ts
FN:3,splitIsAttributeSideBarVisibleAction
FNF:1
FNH:1
FNDA:29,splitIsAttributeSideBarVisibleAction
DA:1,143
DA:4,29
LF:2
LH:2
BRF:0
BRH:0
end_of_record
TN:
SF:app/codeCharta/state/store/appSettings/isLoadingFile/isLoadingFile.actions.ts
FN:3,(anonymous_0)
FN:14,setIsLoadingFile
FNF:2
FNH:2
FNDA:145,(anonymous_0)
FNDA:1454,setIsLoadingFile
DA:3,145
DA:4,145
DA:15,1454
DA:21,145
LF:4
LH:4
BRDA:3,0,0,145
BRDA:3,0,1,145
BRDA:14,1,0,1404
BRF:3
BRH:3
end_of_record
TN:
SF:app/codeCharta/state/store/appSettings/isLoadingFile/isLoadingFile.reducer.ts
FN:3,isLoadingFile
FNF:1
FNH:1
FNDA:4240,isLoadingFile
DA:1,143
DA:4,4240
DA:6,52
DA:8,4188
LF:4
LH:4
BRDA:3,0,0,1403
BRDA:5,1,0,52
BRDA:5,1,1,4188
BRF:3
BRH:3
end_of_record
TN:
SF:app/codeCharta/state/store/appSettings/isLoadingFile/isLoadingFile.service.ts
FN:13,(anonymous_0)
FN:17,(anonymous_1)
FN:23,(anonymous_2)
FN:27,(anonymous_3)
FN:31,(anonymous_4)
FN:32,(anonymous_5)
FNF:6
FNH:5
FNDA:12,(anonymous_0)
FNDA:284,(anonymous_1)
FNDA:21,(anonymous_2)
FNDA:21,(anonymous_3)
FNDA:2,(anonymous_4)
FNDA:0,(anonymous_5)
DA:1,108
DA:3,108
DA:4,108
DA:11,108
DA:13,12
DA:14,12
DA:18,284
DA:19,21
DA:24,21
DA:28,21
DA:32,2
DA:33,0
LF:12
LH:11
BRDA:18,0,0,21
BRDA:18,0,1,263
BRF:2
BRH:2
end_of_record
TN:
SF:app/codeCharta/state/store/appSettings/isLoadingFile/isLoadingFile.splitter.ts
FN:3,splitIsLoadingFileAction
FNF:1
FNH:1
FNDA:29,splitIsLoadingFileAction
DA:1,143
DA:4,29
LF:2
LH:2
BRF:0
BRH:0
end_of_record
TN:
SF:app/codeCharta/state/store/appSettings/isLoadingMap/isLoadingMap.actions.ts
FN:3,(anonymous_0)
FN:14,setIsLoadingMap
FNF:2
FNH:2
FNDA:144,(anonymous_0)
FNDA:2186,setIsLoadingMap
DA:3,144
DA:4,144
DA:15,2186
DA:21,144
LF:4
LH:4
BRDA:3,0,0,144
BRDA:3,0,1,144
BRDA:14,1,0,1404
BRF:3
BRH:3
end_of_record
TN:
SF:app/codeCharta/state/store/appSettings/isLoadingMap/isLoadingMap.reducer.ts
FN:3,isLoadingMap
FNF:1
FNH:1
FNDA:4240,isLoadingMap
DA:1,143
DA:4,4240
DA:6,784
DA:8,3456
LF:4
LH:4
BRDA:3,0,0,1403
BRDA:5,1,0,784
BRDA:5,1,1,3456
BRF:3
BRH:3
end_of_record
TN:
SF:app/codeCharta/state/store/appSettings/isLoadingMap/isLoadingMap.service.ts
FN:13,(anonymous_0)
FN:17,(anonymous_1)
FN:23,(anonymous_2)
FN:27,(anonymous_3)
FN:31,(anonymous_4)
FN:32,(anonymous_5)
FNF:6
FNH:5
FNDA:12,(anonymous_0)
FNDA:284,(anonymous_1)
FNDA:23,(anonymous_2)
FNDA:23,(anonymous_3)
FNDA:1,(anonymous_4)
FNDA:0,(anonymous_5)
DA:1,108
DA:3,108
DA:4,108
DA:11,108
DA:13,12
DA:14,12
DA:18,284
DA:19,23
DA:24,23
DA:28,23
DA:32,1
DA:33,0
LF:12
LH:11
BRDA:18,0,0,23
BRDA:18,0,1,261
BRF:2
BRH:2
end_of_record
TN:
SF:app/codeCharta/state/store/appSettings/isLoadingMap/isLoadingMap.splitter.ts
FN:3,splitIsLoadingMapAction
FNF:1
FNH:1
FNDA:29,splitIsLoadingMapAction
DA:1,143
DA:4,29
LF:2
LH:2
BRF:0
BRH:0
end_of_record
TN:
SF:app/codeCharta/state/store/appSettings/isPresentationMode/isPresentationMode.actions.ts
FN:3,(anonymous_0)
FN:14,setPresentationMode
FNF:2
FNH:2
FNDA:144,(anonymous_0)
FNDA:1438,setPresentationMode
DA:3,144
DA:4,144
DA:15,1438
DA:21,144
LF:4
LH:4
BRDA:3,0,0,144
BRDA:3,0,1,144
BRDA:14,1,0,1404
BRF:3
BRH:3
end_of_record
TN:
SF:app/codeCharta/state/store/appSettings/isPresentationMode/isPresentationMode.reducer.ts
FN:3,isPresentationMode
FNF:1
FNH:1
FNDA:4240,isPresentationMode
DA:1,143
DA:4,4240
DA:6,36
DA:8,4204
LF:4
LH:4
BRDA:3,0,0,1403
BRDA:5,1,0,36
BRDA:5,1,1,4204
BRF:3
BRH:3
end_of_record
TN:
SF:app/codeCharta/state/store/appSettings/isPresentationMode/isPresentationMode.service.ts
FN:13,(anonymous_0)
FN:17,(anonymous_1)
FN:23,(anonymous_2)
FN:27,(anonymous_3)
FN:33,(anonymous_4)
FN:34,(anonymous_5)
FNF:6
FNH:5
FNDA:12,(anonymous_0)
FNDA:284,(anonymous_1)
FNDA:11,(anonymous_2)
FNDA:11,(anonymous_3)
FNDA:1,(anonymous_4)
FNDA:0,(anonymous_5)
DA:1,108
DA:3,108
DA:4,108
DA:11,108
DA:13,12
DA:14,12
DA:18,284
DA:19,11
DA:24,11
DA:28,11
DA:34,1
DA:35,0
LF:12
LH:11
BRDA:18,0,0,11
BRDA:18,0,1,273
BRF:2
BRH:2
end_of_record
TN:
SF:app/codeCharta/state/store/appSettings/isPresentationMode/isPresentationMode.splitter.ts
FN:3,splitIsPresentationModeAction
FNF:1
FNH:1
FNDA:29,splitIsPresentationModeAction
DA:1,143
DA:4,29
LF:2
LH:2
BRF:0
BRH:0
end_of_record
TN:
SF:app/codeCharta/state/store/appSettings/isWhiteBackground/isWhiteBackground.actions.ts
FN:3,(anonymous_0)
FN:14,setIsWhiteBackground
FNF:2
FNH:2
FNDA:144,(anonymous_0)
FNDA:1436,setIsWhiteBackground
DA:3,144
DA:4,144
DA:15,1436
DA:21,144
LF:4
LH:4
BRDA:3,0,0,144
BRDA:3,0,1,144
BRDA:14,1,0,1404
BRF:3
BRH:3
end_of_record
TN:
SF:app/codeCharta/state/store/appSettings/isWhiteBackground/isWhiteBackground.reducer.ts
FN:3,isWhiteBackground
FNF:1
FNH:1
FNDA:4240,isWhiteBackground
DA:1,143
DA:4,4240
DA:6,34
DA:8,4206
LF:4
LH:4
BRDA:3,0,0,1403
BRDA:5,1,0,34
BRDA:5,1,1,4206
BRF:3
BRH:3
end_of_record
TN:
SF:app/codeCharta/state/store/appSettings/isWhiteBackground/isWhiteBackground.service.ts
FN:13,(anonymous_0)
FN:17,(anonymous_1)
FN:23,(anonymous_2)
FN:27,(anonymous_3)
FN:33,(anonymous_4)
FN:34,(anonymous_5)
FNF:6
FNH:5
FNDA:12,(anonymous_0)
FNDA:284,(anonymous_1)
FNDA:11,(anonymous_2)
FNDA:11,(anonymous_3)
FNDA:3,(anonymous_4)
FNDA:0,(anonymous_5)
DA:1,108
DA:3,108
DA:4,108
DA:11,108
DA:13,12
DA:14,12
DA:18,284
DA:19,11
DA:24,11
DA:28,11
DA:34,3
DA:35,0
LF:12
LH:11
BRDA:18,0,0,11
BRDA:18,0,1,273
BRF:2
BRH:2
end_of_record
TN:
SF:app/codeCharta/state/store/appSettings/isWhiteBackground/isWhiteBackground.splitter.ts
FN:3,splitIsWhiteBackgroundAction
FNF:1
FNH:1
FNDA:29,splitIsWhiteBackgroundAction
DA:1,143
DA:4,29
LF:2
LH:2
BRF:0
BRH:0
end_of_record
TN:
SF:app/codeCharta/state/store/appSettings/mapColors/mapColors.actions.ts
FN:3,(anonymous_0)
FN:14,setMapColors
FNF:2
FNH:2
FNDA:144,(anonymous_0)
FNDA:1436,setMapColors
DA:3,144
DA:4,144
DA:15,1436
DA:21,144
LF:4
LH:4
BRDA:3,0,0,144
BRDA:3,0,1,144
BRDA:14,1,0,1404
BRF:3
BRH:3
end_of_record
TN:
SF:app/codeCharta/state/store/appSettings/mapColors/mapColors.reducer.ts
FN:3,mapColors
FNF:1
FNH:1
FNDA:4241,mapColors
DA:1,143
DA:4,4241
DA:6,34
DA:8,4207
LF:4
LH:4
BRDA:3,0,0,1403
BRDA:5,1,0,34
BRDA:5,1,1,4207
BRF:3
BRH:3
end_of_record
TN:
SF:app/codeCharta/state/store/appSettings/mapColors/mapColors.service.ts
FN:14,(anonymous_0)
FN:18,(anonymous_1)
FN:24,(anonymous_2)
FN:28,(anonymous_3)
FN:32,(anonymous_4)
FN:33,(anonymous_5)
FNF:6
FNH:5
FNDA:12,(anonymous_0)
FNDA:284,(anonymous_1)
FNDA:11,(anonymous_2)
FNDA:11,(anonymous_3)
FNDA:39,(anonymous_4)
FNDA:0,(anonymous_5)
DA:1,108
DA:3,108
DA:5,108
DA:12,108
DA:14,12
DA:15,12
DA:19,284
DA:20,11
DA:25,11
DA:29,11
DA:33,39
DA:34,0
LF:12
LH:11
BRDA:19,0,0,11
BRDA:19,0,1,273
BRF:2
BRH:2
end_of_record
TN:
SF:app/codeCharta/state/store/appSettings/mapColors/mapColors.splitter.ts
FN:4,splitMapColorsAction
FNF:1
FNH:1
FNDA:29,splitMapColorsAction
DA:1,143
DA:5,29
LF:2
LH:2
BRF:0
BRH:0
end_of_record
TN:
SF:app/codeCharta/state/store/appSettings/panelSelection/panelSelection.actions.ts
FN:4,(anonymous_0)
FN:15,setPanelSelection
FNF:2
FNH:2
FNDA:144,(anonymous_0)
FNDA:1448,setPanelSelection
DA:2,144
DA:4,144
DA:5,144
DA:16,1448
DA:22,144
LF:5
LH:5
BRDA:4,0,0,144
BRDA:4,0,1,144
BRDA:15,1,0,1404
BRF:3
BRH:3
end_of_record
TN:
SF:app/codeCharta/state/store/appSettings/panelSelection/panelSelection.reducer.ts
FN:3,panelSelection
FNF:1
FNH:1
FNDA:4240,panelSelection
DA:1,143
DA:4,4240
DA:6,46
DA:8,4194
LF:4
LH:4
BRDA:3,0,0,1403
BRDA:5,1,0,46
BRDA:5,1,1,4194
BRF:3
BRH:3
end_of_record
TN:
SF:app/codeCharta/state/store/appSettings/panelSelection/panelSelection.service.ts
FN:14,(anonymous_0)
FN:18,(anonymous_1)
FN:24,(anonymous_2)
FN:28,(anonymous_3)
FN:32,(anonymous_4)
FN:33,(anonymous_5)
FNF:6
FNH:5
FNDA:12,(anonymous_0)
FNDA:284,(anonymous_1)
FNDA:11,(anonymous_2)
FNDA:11,(anonymous_3)
FNDA:1,(anonymous_4)
FNDA:0,(anonymous_5)
DA:1,108
DA:3,108
DA:4,108
DA:12,108
DA:14,12
DA:15,12
DA:19,284
DA:20,11
DA:25,11
DA:29,11
DA:33,1
DA:34,0
LF:12
LH:11
BRDA:19,0,0,11
BRDA:19,0,1,273
BRF:2
BRH:2
end_of_record
TN:
SF:app/codeCharta/state/store/appSettings/panelSelection/panelSelection.splitter.ts
FN:4,splitPanelSelectionAction
FNF:1
FNH:1
FNDA:29,splitPanelSelectionAction
DA:1,143
DA:5,29
LF:2
LH:2
BRF:0
BRH:0
end_of_record
TN:
SF:app/codeCharta/state/store/appSettings/resetCameraIfNewFileIsLoaded/resetCameraIfNewFileIsLoaded.actions.ts
FN:3,(anonymous_0)
FN:14,setResetCameraIfNewFileIsLoaded
FNF:2
FNH:2
FNDA:144,(anonymous_0)
FNDA:1438,setResetCameraIfNewFileIsLoaded
DA:3,144
DA:4,144
DA:17,1438
DA:23,144
LF:4
LH:4
BRDA:3,0,0,144
BRDA:3,0,1,144
BRDA:15,1,0,1404
BRF:3
BRH:3
end_of_record
TN:
SF:app/codeCharta/state/store/appSettings/resetCameraIfNewFileIsLoaded/resetCameraIfNewFileIsLoaded.reducer.ts
FN:7,resetCameraIfNewFileIsLoaded
FNF:1
FNH:1
FNDA:4240,resetCameraIfNewFileIsLoaded
DA:1,143
DA:11,4240
DA:13,36
DA:15,4204
LF:4
LH:4
BRDA:8,0,0,1403
BRDA:12,1,0,36
BRDA:12,1,1,4204
BRF:3
BRH:3
end_of_record
TN:
SF:app/codeCharta/state/store/appSettings/resetCameraIfNewFileIsLoaded/resetCameraIfNewFileIsLoaded.service.ts
FN:13,(anonymous_0)
FN:17,(anonymous_1)
FN:23,(anonymous_2)
FN:27,(anonymous_3)
FN:33,(anonymous_4)
FN:34,(anonymous_5)
FNF:6
FNH:5
FNDA:12,(anonymous_0)
FNDA:284,(anonymous_1)
FNDA:11,(anonymous_2)
FNDA:11,(anonymous_3)
FNDA:5,(anonymous_4)
FNDA:0,(anonymous_5)
DA:1,108
DA:3,108
DA:4,108
DA:11,108
DA:13,12
DA:14,12
DA:18,284
DA:19,11
DA:24,11
DA:28,11
DA:34,5
DA:35,0
LF:12
LH:11
BRDA:18,0,0,11
BRDA:18,0,1,273
BRF:2
BRH:2
end_of_record
TN:
SF:app/codeCharta/state/store/appSettings/resetCameraIfNewFileIsLoaded/resetCameraIfNewFileIsLoaded.splitter.ts
FN:3,splitResetCameraIfNewFileIsLoadedAction
FNF:1
FNH:1
FNDA:29,splitResetCameraIfNewFileIsLoadedAction
DA:1,143
DA:4,29
LF:2
LH:2
BRF:0
BRH:0
end_of_record
TN:
SF:app/codeCharta/state/store/appSettings/scaling/scaling.actions.ts
FN:4,(anonymous_0)
FN:15,setScaling
FNF:2
FNH:2
FNDA:145,(anonymous_0)
FNDA:1443,setScaling
DA:1,145
DA:4,145
DA:5,145
DA:16,1443
DA:22,145
LF:5
LH:5
BRDA:4,0,0,145
BRDA:4,0,1,145
BRDA:15,1,0,1404
BRF:3
BRH:3
end_of_record
TN:
SF:app/codeCharta/state/store/appSettings/scaling/scaling.reducer.ts
FN:4,scaling
FNF:1
FNH:1
FNDA:4240,scaling
DA:1,143
DA:2,143
DA:5,4240
DA:7,40
DA:9,4200
LF:5
LH:5
BRDA:4,0,0,1403
BRDA:6,1,0,40
BRDA:6,1,1,4200
BRF:3
BRH:3
end_of_record
TN:
SF:app/codeCharta/state/store/appSettings/scaling/scaling.service.ts
FN:14,(anonymous_0)
FN:18,(anonymous_1)
FN:24,(anonymous_2)
FN:28,(anonymous_3)
FN:32,(anonymous_4)
FN:33,(anonymous_5)
FNF:6
FNH:6
FNDA:12,(anonymous_0)
FNDA:284,(anonymous_1)
FNDA:11,(anonymous_2)
FNDA:11,(anonymous_3)
FNDA:135,(anonymous_4)
FNDA:10,(anonymous_5)
DA:1,108
DA:3,108
DA:5,108
DA:12,108
DA:14,12
DA:15,12
DA:19,284
DA:20,11
DA:25,11
DA:29,11
DA:33,135
DA:34,10
LF:12
LH:12
BRDA:19,0,0,11
BRDA:19,0,1,273
BRF:2
BRH:2
end_of_record
TN:
SF:app/codeCharta/state/store/appSettings/scaling/scaling.splitter.ts
FN:4,splitScalingAction
FNF:1
FNH:1
FNDA:31,splitScalingAction
DA:1,143
DA:5,31
LF:2
LH:2
BRF:0
BRH:0
end_of_record
TN:
SF:app/codeCharta/state/store/appSettings/searchPanelMode/searchPanelMode.actions.ts
FN:4,(anonymous_0)
FN:15,setSearchPanelMode
FNF:2
FNH:2
FNDA:144,(anonymous_0)
FNDA:1448,setSearchPanelMode
DA:2,144
DA:4,144
DA:5,144
DA:16,1448
DA:22,144
LF:5
LH:5
BRDA:4,0,0,144
BRDA:4,0,1,144
BRDA:15,1,0,1404
BRF:3
BRH:3
end_of_record
TN:
SF:app/codeCharta/state/store/appSettings/searchPanelMode/searchPanelMode.reducer.ts
FN:3,searchPanelMode
FNF:1
FNH:1
FNDA:4240,searchPanelMode
DA:1,143
DA:4,4240
DA:6,46
DA:8,4194
LF:4
LH:4
BRDA:3,0,0,1403
BRDA:5,1,0,46
BRDA:5,1,1,4194
BRF:3
BRH:3
end_of_record
TN:
SF:app/codeCharta/state/store/appSettings/searchPanelMode/searchPanelMode.service.ts
FN:14,(anonymous_0)
FN:18,(anonymous_1)
FN:24,(anonymous_2)
FN:28,(anonymous_3)
FN:34,(anonymous_4)
FN:35,(anonymous_5)
FNF:6
FNH:5
FNDA:12,(anonymous_0)
FNDA:284,(anonymous_1)
FNDA:11,(anonymous_2)
FNDA:11,(anonymous_3)
FNDA:13,(anonymous_4)
FNDA:0,(anonymous_5)
DA:1,108
DA:3,108
DA:5,108
DA:12,108
DA:14,12
DA:15,12
DA:19,284
DA:20,11
DA:25,11
DA:29,11
DA:35,13
DA:36,0
LF:12
LH:11
BRDA:19,0,0,11
BRDA:19,0,1,273
BRF:2
BRH:2
end_of_record
TN:
SF:app/codeCharta/state/store/appSettings/searchPanelMode/searchPanelMode.splitter.ts
FN:4,splitSearchPanelModeAction
FNF:1
FNH:1
FNDA:29,splitSearchPanelModeAction
DA:1,143
DA:5,29
LF:2
LH:2
BRF:0
BRH:0
end_of_record
TN:
SF:app/codeCharta/state/store/appSettings/showMetricLabelNameValue/labelShowNodeNameService.ts
FN:13,(anonymous_0)
FN:17,(anonymous_1)
FN:23,(anonymous_2)
FN:27,(anonymous_3)
FN:33,(anonymous_4)
FN:34,(anonymous_5)
FNF:6
FNH:5
FNDA:12,(anonymous_0)
FNDA:284,(anonymous_1)
FNDA:11,(anonymous_2)
FNDA:11,(anonymous_3)
FNDA:9,(anonymous_4)
FNDA:0,(anonymous_5)
DA:1,108
DA:3,108
DA:4,108
DA:11,108
DA:13,12
DA:14,12
DA:18,284
DA:19,11
DA:24,11
DA:28,11
DA:34,9
DA:35,0
LF:12
LH:11
BRDA:18,0,0,11
BRDA:18,0,1,273
BRF:2
BRH:2
end_of_record
TN:
SF:app/codeCharta/state/store/appSettings/showMetricLabelNameValue/showMetricLabelNameValue.actions.ts
FN:3,(anonymous_0)
FN:14,setShowMetricLabelNameValue
FNF:2
FNH:2
FNDA:144,(anonymous_0)
FNDA:1436,setShowMetricLabelNameValue
DA:3,144
DA:4,144
DA:17,1436
DA:23,144
LF:4
LH:4
BRDA:3,0,0,144
BRDA:3,0,1,144
BRDA:15,1,0,1404
BRF:3
BRH:3
end_of_record
TN:
SF:app/codeCharta/state/store/appSettings/showMetricLabelNameValue/showMetricLabelNameValue.reducer.ts
FN:7,showMetricLabelNameValue
FNF:1
FNH:1
FNDA:4240,showMetricLabelNameValue
DA:1,143
DA:8,4240
DA:10,34
DA:12,4206
LF:4
LH:4
BRDA:7,0,0,1403
BRDA:9,1,0,34
BRDA:9,1,1,4206
BRF:3
BRH:3
end_of_record
TN:
SF:app/codeCharta/state/store/appSettings/showMetricLabelNameValue/showMetricLabelNameValue.splitter.ts
FN:3,splitShowMetricLabelNameValueAction
FNF:1
FNH:1
FNDA:29,splitShowMetricLabelNameValueAction
DA:1,143
DA:4,29
LF:2
LH:2
BRF:0
BRH:0
end_of_record
TN:
SF:app/codeCharta/state/store/appSettings/showMetricLabelNodeName/labelShowMetricValueService.ts
FN:13,(anonymous_0)
FN:17,(anonymous_1)
FN:23,(anonymous_2)
FN:27,(anonymous_3)
FN:33,(anonymous_4)
FN:34,(anonymous_5)
FNF:6
FNH:5
FNDA:12,(anonymous_0)
FNDA:284,(anonymous_1)
FNDA:11,(anonymous_2)
FNDA:11,(anonymous_3)
FNDA:11,(anonymous_4)
FNDA:0,(anonymous_5)
DA:1,108
DA:3,108
DA:4,108
DA:11,108
DA:13,12
DA:14,12
DA:18,284
DA:19,11
DA:24,11
DA:28,11
DA:34,11
DA:35,0
LF:12
LH:11
BRDA:18,0,0,11
BRDA:18,0,1,273
BRF:2
BRH:2
end_of_record
TN:
SF:app/codeCharta/state/store/appSettings/showMetricLabelNodeName/showMetricLabelNodeName.actions.ts
FN:3,(anonymous_0)
FN:14,setShowMetricLabelNodeName
FNF:2
FNH:2
FNDA:144,(anonymous_0)
FNDA:1436,setShowMetricLabelNodeName
DA:3,144
DA:4,144
DA:17,1436
DA:23,144
LF:4
LH:4
BRDA:3,0,0,144
BRDA:3,0,1,144
BRDA:15,1,0,1404
BRF:3
BRH:3
end_of_record
TN:
SF:app/codeCharta/state/store/appSettings/showMetricLabelNodeName/showMetricLabelNodeName.reducer.ts
FN:7,showMetricLabelNodeName
FNF:1
FNH:1
FNDA:4240,showMetricLabelNodeName
DA:1,143
DA:8,4240
DA:10,34
DA:12,4206
LF:4
LH:4
BRDA:7,0,0,1403
BRDA:9,1,0,34
BRDA:9,1,1,4206
BRF:3
BRH:3
end_of_record
TN:
SF:app/codeCharta/state/store/appSettings/showMetricLabelNodeName/showMetricLabelNodeName.splitter.ts
FN:3,splitShowMetricLabelNodeNameAction
FNF:1
FNH:1
FNDA:29,splitShowMetricLabelNodeNameAction
DA:1,143
DA:4,29
LF:2
LH:2
BRF:0
BRH:0
end_of_record
TN:
SF:app/codeCharta/state/store/appSettings/showOnlyBuildingsWithEdges/showOnlyBuildingsWithEdges.actions.ts
FN:3,(anonymous_0)
FN:14,setShowOnlyBuildingsWithEdges
FNF:2
FNH:2
FNDA:144,(anonymous_0)
FNDA:1439,setShowOnlyBuildingsWithEdges
DA:3,144
DA:4,144
DA:17,1439
DA:23,144
LF:4
LH:4
BRDA:3,0,0,144
BRDA:3,0,1,144
BRDA:15,1,0,1404
BRF:3
BRH:3
end_of_record
TN:
SF:app/codeCharta/state/store/appSettings/showOnlyBuildingsWithEdges/showOnlyBuildingsWithEdges.reducer.ts
FN:7,showOnlyBuildingsWithEdges
FNF:1
FNH:1
FNDA:4240,showOnlyBuildingsWithEdges
DA:1,143
DA:8,4240
DA:10,37
DA:12,4203
LF:4
LH:4
BRDA:7,0,0,1403
BRDA:9,1,0,37
BRDA:9,1,1,4203
BRF:3
BRH:3
end_of_record
TN:
SF:app/codeCharta/state/store/appSettings/showOnlyBuildingsWithEdges/showOnlyBuildingsWithEdges.service.ts
FN:13,(anonymous_0)
FN:17,(anonymous_1)
FN:23,(anonymous_2)
FN:27,(anonymous_3)
FN:33,(anonymous_4)
FN:34,(anonymous_5)
FNF:6
FNH:5
FNDA:12,(anonymous_0)
FNDA:284,(anonymous_1)
FNDA:11,(anonymous_2)
FNDA:11,(anonymous_3)
FNDA:5,(anonymous_4)
FNDA:0,(anonymous_5)
DA:1,108
DA:3,108
DA:4,108
DA:11,108
DA:13,12
DA:14,12
DA:18,284
DA:19,11
DA:24,11
DA:28,11
DA:34,5
DA:35,0
LF:12
LH:11
BRDA:18,0,0,11
BRDA:18,0,1,273
BRF:2
BRH:2
end_of_record
TN:
SF:app/codeCharta/state/store/appSettings/showOnlyBuildingsWithEdges/showOnlyBuildingsWithEdges.splitter.ts
FN:3,splitShowOnlyBuildingsWithEdgesAction
FNF:1
FNH:1
FNDA:29,splitShowOnlyBuildingsWithEdgesAction
DA:1,143
DA:4,29
LF:2
LH:2
BRF:0
BRH:0
end_of_record
TN:
SF:app/codeCharta/state/store/appSettings/sortingOrderAscending/sortingOrderAscending.actions.ts
FN:3,(anonymous_0)
FN:14,setSortingOrderAscending
FNF:2
FNH:2
FNDA:144,(anonymous_0)
FNDA:1435,setSortingOrderAscending
DA:3,144
DA:4,144
DA:15,1435
DA:21,144
LF:4
LH:4
BRDA:3,0,0,144
BRDA:3,0,1,144
BRDA:14,1,0,1404
BRF:3
BRH:3
end_of_record
TN:
SF:app/codeCharta/state/store/appSettings/sortingOrderAscending/sortingOrderAscending.reducer.ts
FN:3,sortingOrderAscending
FNF:1
FNH:1
FNDA:4240,sortingOrderAscending
DA:1,143
DA:4,4240
DA:6,33
DA:8,4207
LF:4
LH:4
BRDA:3,0,0,1403
BRDA:5,1,0,33
BRDA:5,1,1,4207
BRF:3
BRH:3
end_of_record
TN:
SF:app/codeCharta/state/store/appSettings/sortingOrderAscending/sortingOrderAscending.service.ts
FN:13,(anonymous_0)
FN:17,(anonymous_1)
FN:23,(anonymous_2)
FN:27,(anonymous_3)
FN:33,(anonymous_4)
FN:34,(anonymous_5)
FNF:6
FNH:5
FNDA:12,(anonymous_0)
FNDA:284,(anonymous_1)
FNDA:11,(anonymous_2)
FNDA:11,(anonymous_3)
FNDA:6,(anonymous_4)
FNDA:0,(anonymous_5)
DA:1,108
DA:3,108
DA:4,108
DA:11,108
DA:13,12
DA:14,12
DA:18,284
DA:19,11
DA:24,11
DA:28,11
DA:34,6
DA:35,0
LF:12
LH:11
BRDA:18,0,0,11
BRDA:18,0,1,273
BRF:2
BRH:2
end_of_record
TN:
SF:app/codeCharta/state/store/appSettings/sortingOrderAscending/sortingOrderAscending.splitter.ts
FN:3,splitSortingOrderAscendingAction
FNF:1
FNH:1
FNDA:29,splitSortingOrderAscendingAction
DA:1,143
DA:4,29
LF:2
LH:2
BRF:0
BRH:0
end_of_record
TN:
SF:app/codeCharta/state/store/appSettings/whiteColorBuildings/whiteColorBuildings.actions.ts
FN:3,(anonymous_0)
FN:14,setWhiteColorBuildings
FNF:2
FNH:2
FNDA:144,(anonymous_0)
FNDA:1436,setWhiteColorBuildings
DA:3,144
DA:4,144
DA:15,1436
DA:21,144
LF:4
LH:4
BRDA:3,0,0,144
BRDA:3,0,1,144
BRDA:14,1,0,1404
BRF:3
BRH:3
end_of_record
TN:
SF:app/codeCharta/state/store/appSettings/whiteColorBuildings/whiteColorBuildings.reducer.ts
FN:3,whiteColorBuildings
FNF:1
FNH:1
FNDA:4240,whiteColorBuildings
DA:1,143
DA:4,4240
DA:6,34
DA:8,4206
LF:4
LH:4
BRDA:3,0,0,1403
BRDA:5,1,0,34
BRDA:5,1,1,4206
BRF:3
BRH:3
end_of_record
TN:
SF:app/codeCharta/state/store/appSettings/whiteColorBuildings/whiteColorBuildings.service.ts
FN:13,(anonymous_0)
FN:17,(anonymous_1)
FN:23,(anonymous_2)
FN:27,(anonymous_3)
FN:33,(anonymous_4)
FN:34,(anonymous_5)
FNF:6
FNH:5
FNDA:12,(anonymous_0)
FNDA:284,(anonymous_1)
FNDA:11,(anonymous_2)
FNDA:11,(anonymous_3)
FNDA:23,(anonymous_4)
FNDA:0,(anonymous_5)
DA:1,108
DA:3,108
DA:4,108
DA:11,108
DA:13,12
DA:14,12
DA:18,284
DA:19,11
DA:24,11
DA:28,11
DA:34,23
DA:35,0
LF:12
LH:11
BRDA:18,0,0,11
BRDA:18,0,1,273
BRF:2
BRH:2
end_of_record
TN:
SF:app/codeCharta/state/store/appSettings/whiteColorBuildings/whiteColorBuildings.splitter.ts
FN:3,splitWhiteColorBuildingsAction
FNF:1
FNH:1
FNDA:29,splitWhiteColorBuildingsAction
DA:1,143
DA:4,29
LF:2
LH:2
BRF:0
BRH:0
end_of_record
TN:
SF:app/codeCharta/state/store/dynamicSettings/dynamicSettings.actions.ts
FN:16,(anonymous_0)
FN:27,setDynamicSettings
FNF:2
FNH:2
FNDA:143,(anonymous_0)
FNDA:15,setDynamicSettings
DA:4,143
DA:5,143
DA:6,143
DA:7,143
DA:8,143
DA:9,143
DA:10,143
DA:11,143
DA:12,143
DA:13,143
DA:14,143
DA:16,143
DA:17,143
DA:28,15
DA:34,143
LF:15
LH:15
BRDA:16,0,0,143
BRDA:16,0,1,143
BRDA:27,1,0,0
BRF:3
BRH:2
end_of_record
TN:
SF:app/codeCharta/state/store/dynamicSettings/dynamicSettings.reducer.ts
FNF:0
FNH:0
DA:2,142
DA:3,142
DA:4,142
DA:5,142
DA:6,142
DA:7,142
DA:8,142
DA:9,142
DA:10,142
DA:11,142
DA:12,142
DA:13,142
DA:15,142
DA:30,142
LF:14
LH:14
BRF:0
BRH:0
end_of_record
TN:
SF:app/codeCharta/state/store/dynamicSettings/dynamicSettings.splitter.ts
FN:16,splitDynamicSettingsActions
FNF:1
FNH:1
FNDA:37,splitDynamicSettingsActions
DA:4,143
DA:5,143
DA:6,143
DA:7,143
DA:8,143
DA:9,143
DA:10,143
DA:11,143
DA:12,143
DA:13,143
DA:14,143
DA:17,37
DA:20,37
DA:21,30
DA:24,37
DA:25,30
DA:28,37
DA:29,30
DA:32,37
DA:33,30
DA:36,37
DA:37,30
DA:40,37
DA:41,30
DA:44,37
DA:45,32
DA:48,37
DA:49,35
DA:52,37
DA:53,30
DA:56,37
DA:57,34
DA:60,37
DA:61,35
DA:64,37
LF:35
LH:35
BRDA:20,0,0,30
BRDA:20,0,1,7
BRDA:24,1,0,30
BRDA:24,1,1,7
BRDA:28,2,0,30
BRDA:28,2,1,7
BRDA:32,3,0,30
BRDA:32,3,1,7
BRDA:36,4,0,30
BRDA:36,4,1,7
BRDA:40,5,0,30
BRDA:40,5,1,7
BRDA:44,6,0,32
BRDA:44,6,1,5
BRDA:48,7,0,35
BRDA:48,7,1,2
BRDA:52,8,0,30
BRDA:52,8,1,7
BRDA:56,9,0,34
BRDA:56,9,1,3
BRDA:60,10,0,35
BRDA:60,10,1,2
BRF:22
BRH:22
end_of_record
TN:
SF:app/codeCharta/state/store/dynamicSettings/areaMetric/areaMetric.actions.ts
FN:3,(anonymous_0)
FN:14,setAreaMetric
FNF:2
FNH:2
FNDA:144,(anonymous_0)
FNDA:1446,setAreaMetric
DA:3,144
DA:4,144
DA:15,1446
DA:21,144
LF:4
LH:4
BRDA:3,0,0,144
BRDA:3,0,1,144
BRDA:14,1,0,1404
BRF:3
BRH:3
end_of_record
TN:
SF:app/codeCharta/state/store/dynamicSettings/areaMetric/areaMetric.reducer.ts
FN:3,areaMetric
FNF:1
FNH:1
FNDA:4240,areaMetric
DA:1,143
DA:4,4240
DA:6,42
DA:8,4198
LF:4
LH:4
BRDA:3,0,0,1403
BRDA:5,1,0,42
BRDA:5,1,1,4198
BRF:3
BRH:3
end_of_record
TN:
SF:app/codeCharta/state/store/dynamicSettings/areaMetric/areaMetric.service.ts
FN:16,(anonymous_0)
FN:21,(anonymous_1)
FN:27,(anonymous_2)
FN:33,(anonymous_3)
FN:42,(anonymous_4)
FN:46,(anonymous_5)
FN:50,(anonymous_6)
FN:51,(anonymous_7)
FNF:8
FNH:7
FNDA:17,(anonymous_0)
FNDA:284,(anonymous_1)
FNDA:3,(anonymous_2)
FNDA:2,(anonymous_3)
FNDA:1,(anonymous_4)
FNDA:1,(anonymous_5)
FNDA:17,(anonymous_6)
FNDA:0,(anonymous_7)
DA:1,108
DA:3,108
DA:5,108
DA:6,108
DA:7,108
DA:14,108
DA:16,17
DA:17,17
DA:18,17
DA:22,284
DA:23,1
DA:28,3
DA:29,2
DA:34,2
DA:36,2
DA:37,1
DA:38,1
DA:43,1
DA:47,1
DA:51,17
DA:52,0
LF:21
LH:20
BRDA:22,0,0,1
BRDA:22,0,1,283
BRDA:28,1,0,2
BRDA:28,1,1,1
BRDA:36,2,0,1
BRDA:36,2,1,1
BRF:6
BRH:6
end_of_record
TN:
SF:app/codeCharta/state/store/dynamicSettings/areaMetric/areaMetric.splitter.ts
FN:3,splitAreaMetricAction
FNF:1
FNH:1
FNDA:35,splitAreaMetricAction
DA:1,143
DA:4,35
LF:2
LH:2
BRF:0
BRH:0
end_of_record
TN:
SF:app/codeCharta/state/store/dynamicSettings/colorMetric/colorMetric.actions.ts
FN:3,(anonymous_0)
FN:14,setColorMetric
FNF:2
FNH:2
FNDA:144,(anonymous_0)
FNDA:1443,setColorMetric
DA:3,144
DA:4,144
DA:15,1443
DA:21,144
LF:4
LH:4
BRDA:3,0,0,144
BRDA:3,0,1,144
BRDA:14,1,0,1404
BRF:3
BRH:3
end_of_record
TN:
SF:app/codeCharta/state/store/dynamicSettings/colorMetric/colorMetric.reducer.ts
FN:3,colorMetric
FNF:1
FNH:1
FNDA:4240,colorMetric
DA:1,143
DA:4,4240
DA:6,40
DA:8,4200
LF:4
LH:4
BRDA:3,0,0,1403
BRDA:5,1,0,40
BRDA:5,1,1,4200
BRF:3
BRH:3
end_of_record
TN:
SF:app/codeCharta/state/store/dynamicSettings/colorMetric/colorMetric.service.ts
FN:16,(anonymous_0)
FN:21,(anonymous_1)
FN:27,(anonymous_2)
FN:33,(anonymous_3)
FN:42,(anonymous_4)
FN:46,(anonymous_5)
FN:50,(anonymous_6)
FN:51,(anonymous_7)
FNF:8
FNH:7
FNDA:18,(anonymous_0)
FNDA:284,(anonymous_1)
FNDA:4,(anonymous_2)
FNDA:3,(anonymous_3)
FNDA:1,(anonymous_4)
FNDA:1,(anonymous_5)
FNDA:32,(anonymous_6)
FNDA:0,(anonymous_7)
DA:1,108
DA:3,108
DA:5,108
DA:6,108
DA:7,108
DA:14,108
DA:16,18
DA:17,18
DA:18,18
DA:22,284
DA:23,1
DA:28,4
DA:29,3
DA:34,3
DA:36,3
DA:37,2
DA:38,2
DA:43,1
DA:47,1
DA:51,32
DA:52,0
LF:21
LH:20
BRDA:22,0,0,1
BRDA:22,0,1,283
BRDA:28,1,0,3
BRDA:28,1,1,1
BRDA:36,2,0,2
BRDA:36,2,1,1
BRF:6
BRH:6
end_of_record
TN:
SF:app/codeCharta/state/store/dynamicSettings/colorMetric/colorMetric.splitter.ts
FN:3,splitColorMetricAction
FNF:1
FNH:1
FNDA:34,splitColorMetricAction
DA:1,143
DA:4,34
LF:2
LH:2
BRF:0
BRH:0
end_of_record
TN:
SF:app/codeCharta/state/store/dynamicSettings/colorRange/colorRange.actions.ts
FN:3,(anonymous_0)
FN:14,setColorRange
FNF:2
FNH:2
FNDA:144,(anonymous_0)
FNDA:1439,setColorRange
DA:3,144
DA:4,144
DA:15,1439
DA:21,144
LF:4
LH:4
BRDA:3,0,0,144
BRDA:3,0,1,144
BRDA:14,1,0,1404
BRF:3
BRH:3
end_of_record
TN:
SF:app/codeCharta/state/store/dynamicSettings/colorRange/colorRange.reducer.ts
FN:3,colorRange
FNF:1
FNH:1
FNDA:4240,colorRange
DA:1,143
DA:4,4240
DA:6,34
DA:8,4206
LF:4
LH:4
BRDA:3,0,0,1403
BRDA:5,1,0,34
BRDA:5,1,1,4206
BRF:3
BRH:3
end_of_record
TN:
SF:app/codeCharta/state/store/dynamicSettings/colorRange/colorRange.reset.ts
FN:3,getResetColorRange
FNF:1
FNH:1
FNDA:1,getResetColorRange
DA:4,1
DA:5,1
DA:6,1
LF:3
LH:3
BRF:0
BRH:0
end_of_record
TN:
SF:app/codeCharta/state/store/dynamicSettings/colorRange/colorRange.service.ts
FN:18,(anonymous_0)
FN:28,(anonymous_1)
FN:35,(anonymous_2)
FN:39,(anonymous_3)
FN:43,(anonymous_4)
FN:51,(anonymous_5)
FN:59,(anonymous_6)
FN:63,(anonymous_7)
FN:67,(anonymous_8)
FN:68,(anonymous_9)
FNF:10
FNH:8
FNDA:37,(anonymous_0)
FNDA:470,(anonymous_1)
FNDA:0,(anonymous_2)
FNDA:1,(anonymous_3)
FNDA:1,(anonymous_4)
FNDA:1,(anonymous_5)
FNDA:1,(anonymous_6)
FNDA:1,(anonymous_7)
FNDA:6,(anonymous_8)
FNDA:0,(anonymous_9)
DA:1,108
DA:3,108
DA:5,108
DA:6,108
DA:7,108
DA:8,108
DA:16,108
DA:19,37
DA:20,37
DA:21,37
DA:23,37
DA:24,37
DA:25,37
DA:29,470
DA:30,1
DA:31,1
DA:36,0
DA:40,1
DA:44,1
DA:45,1
DA:46,1
DA:47,0
DA:52,1
DA:53,1
DA:55,1
DA:56,1
DA:60,1
DA:64,1
DA:68,6
DA:69,0
LF:30
LH:27
BRDA:29,0,0,1
BRDA:29,0,1,469
BRDA:46,1,0,0
BRDA:46,1,1,1
BRDA:46,2,0,1
BRDA:46,2,1,0
BRDA:46,2,2,0
BRF:7
BRH:4
end_of_record
TN:
SF:app/codeCharta/state/store/dynamicSettings/colorRange/colorRange.splitter.ts
FN:4,splitColorRangeAction
FNF:1
FNH:1
FNDA:30,splitColorRangeAction
DA:1,143
DA:5,30
LF:2
LH:2
BRF:0
BRH:0
end_of_record
TN:
SF:app/codeCharta/state/store/dynamicSettings/distributionMetric/distributionMetric.actions.ts
FN:3,(anonymous_0)
FN:14,setDistributionMetric
FNF:2
FNH:2
FNDA:144,(anonymous_0)
FNDA:1443,setDistributionMetric
DA:3,144
DA:4,144
DA:15,1443
DA:21,144
LF:4
LH:4
BRDA:3,0,0,144
BRDA:3,0,1,144
BRDA:14,1,0,1404
BRF:3
BRH:3
end_of_record
TN:
SF:app/codeCharta/state/store/dynamicSettings/distributionMetric/distributionMetric.reducer.ts
FN:3,distributionMetric
FNF:1
FNH:1
FNDA:4240,distributionMetric
DA:1,143
DA:4,4240
DA:6,40
DA:8,4200
LF:4
LH:4
BRDA:3,0,0,1403
BRDA:5,1,0,40
BRDA:5,1,1,4200
BRF:3
BRH:3
end_of_record
TN:
SF:app/codeCharta/state/store/dynamicSettings/distributionMetric/distributionMetric.service.ts
FN:16,(anonymous_0)
FN:21,(anonymous_1)
FN:27,(anonymous_2)
FN:33,(anonymous_3)
FN:38,(anonymous_4)
FN:42,(anonymous_5)
FN:48,(anonymous_6)
FN:49,(anonymous_7)
FNF:8
FNH:7
FNDA:19,(anonymous_0)
FNDA:284,(anonymous_1)
FNDA:3,(anonymous_2)
FNDA:4,(anonymous_3)
FNDA:1,(anonymous_4)
FNDA:1,(anonymous_5)
FNDA:7,(anonymous_6)
FNDA:0,(anonymous_7)
DA:1,108
DA:3,108
DA:5,108
DA:6,108
DA:7,108
DA:14,108
DA:16,19
DA:17,19
DA:18,19
DA:22,284
DA:23,1
DA:28,3
DA:29,2
DA:34,4
DA:35,4
DA:39,1
DA:43,1
DA:49,7
DA:50,0
LF:19
LH:18
BRDA:22,0,0,1
BRDA:22,0,1,283
BRDA:28,1,0,2
BRDA:28,1,1,1
BRF:4
BRH:4
end_of_record
TN:
SF:app/codeCharta/state/store/dynamicSettings/distributionMetric/distributionMetric.splitter.ts
FN:3,splitDistributionMetricAction
FNF:1
FNH:1
FNDA:30,splitDistributionMetricAction
DA:1,143
DA:4,30
LF:2
LH:2
BRF:0
BRH:0
end_of_record
TN:
SF:app/codeCharta/state/store/dynamicSettings/edgeMetric/edgeMetric.actions.ts
FN:3,(anonymous_0)
FN:14,setEdgeMetric
FNF:2
FNH:2
FNDA:144,(anonymous_0)
FNDA:1440,setEdgeMetric
DA:3,144
DA:4,144
DA:15,1440
DA:21,144
LF:4
LH:4
BRDA:3,0,0,144
BRDA:3,0,1,144
BRDA:14,1,0,1404
BRF:3
BRH:3
end_of_record
TN:
SF:app/codeCharta/state/store/dynamicSettings/edgeMetric/edgeMetric.reducer.ts
FN:3,edgeMetric
FNF:1
FNH:1
FNDA:4240,edgeMetric
DA:1,143
DA:4,4240
DA:6,38
DA:8,4202
LF:4
LH:4
BRDA:3,0,0,1403
BRDA:5,1,0,38
BRDA:5,1,1,4202
BRF:3
BRH:3
end_of_record
TN:
SF:app/codeCharta/state/store/dynamicSettings/edgeMetric/edgeMetric.service.ts
FN:15,(anonymous_0)
FN:20,(anonymous_1)
FN:26,(anonymous_2)
FN:28,(anonymous_3)
FN:33,(anonymous_4)
FN:37,(anonymous_5)
FN:41,(anonymous_6)
FN:45,(anonymous_7)
FN:46,(anonymous_8)
FNF:9
FNH:8
FNDA:16,(anonymous_0)
FNDA:284,(anonymous_1)
FNDA:2,(anonymous_2)
FNDA:3,(anonymous_3)
FNDA:1,(anonymous_4)
FNDA:1,(anonymous_5)
FNDA:1,(anonymous_6)
FNDA:24,(anonymous_7)
FNDA:0,(anonymous_8)
DA:1,108
DA:3,108
DA:5,108
DA:6,108
DA:13,108
DA:15,16
DA:16,16
DA:17,16
DA:21,284
DA:22,1
DA:27,2
DA:28,3
DA:29,1
DA:34,1
DA:38,1
DA:42,1
DA:46,24
DA:47,0
LF:18
LH:17
BRDA:21,0,0,1
BRDA:21,0,1,283
BRDA:28,1,0,1
BRDA:28,1,1,1
BRF:4
BRH:4
end_of_record
TN:
SF:app/codeCharta/state/store/dynamicSettings/edgeMetric/edgeMetric.splitter.ts
FN:3,splitEdgeMetricAction
FNF:1
FNH:1
FNDA:30,splitEdgeMetricAction
DA:1,143
DA:4,30
LF:2
LH:2
BRF:0
BRH:0
end_of_record
TN:
SF:app/codeCharta/state/store/dynamicSettings/focusedNodePath/focusedNodePath.actions.ts
FN:3,(anonymous_0)
FN:20,focusNode
FN:27,unfocusNode
FNF:3
FNH:3
FNDA:143,(anonymous_0)
FNDA:1445,focusNode
FNDA:16,unfocusNode
DA:3,143
DA:4,143
DA:5,143
DA:21,1445
DA:28,16
DA:34,143
LF:6
LH:6
BRDA:3,0,0,143
BRDA:3,0,1,143
BRDA:20,1,0,1405
BRF:3
BRH:3
end_of_record
TN:
SF:app/codeCharta/state/store/dynamicSettings/focusedNodePath/focusedNodePath.reducer.ts
FN:4,focusedNodePath
FNF:1
FNH:1
FNDA:4242,focusedNodePath
DA:1,142
DA:2,142
DA:5,4242
DA:7,41
DA:9,17
DA:11,4184
LF:6
LH:6
BRDA:4,0,0,1403
BRDA:6,1,0,41
BRDA:6,1,1,17
BRDA:6,1,2,4184
BRDA:7,2,0,1
BRDA:7,2,1,40
BRF:6
BRH:6
end_of_record
TN:
SF:app/codeCharta/state/store/dynamicSettings/focusedNodePath/focusedNodePath.service.ts
FN:18,(anonymous_0)
FN:23,(anonymous_1)
FN:31,(anonymous_2)
FN:37,(anonymous_3)
FN:41,(anonymous_4)
FN:45,(anonymous_5)
FN:49,(anonymous_6)
FN:53,(anonymous_7)
FN:54,(anonymous_8)
FN:59,(anonymous_9)
FN:60,(anonymous_10)
FNF:11
FNH:9
FNDA:16,(anonymous_0)
FNDA:285,(anonymous_1)
FNDA:1,(anonymous_2)
FNDA:1,(anonymous_3)
FNDA:1,(anonymous_4)
FNDA:1,(anonymous_5)
FNDA:1,(anonymous_6)
FNDA:42,(anonymous_7)
FNDA:0,(anonymous_8)
FNDA:44,(anonymous_9)
FNDA:0,(anonymous_10)
DA:1,108
DA:3,108
DA:4,108
DA:15,108
DA:16,108
DA:18,16
DA:19,16
DA:20,16
DA:24,285
DA:25,1
DA:26,284
DA:27,1
DA:32,1
DA:33,1
DA:38,1
DA:42,1
DA:46,1
DA:50,1
DA:54,42
DA:55,0
DA:60,44
DA:61,0
LF:22
LH:20
BRDA:24,0,0,1
BRDA:24,0,1,284
BRDA:26,1,0,1
BRDA:26,1,1,283
BRDA:32,2,0,1
BRDA:32,2,1,0
BRF:6
BRH:5
end_of_record
TN:
SF:app/codeCharta/state/store/dynamicSettings/focusedNodePath/focusedNodePath.splitter.ts
FN:3,splitFocusedNodePathAction
FNF:1
FNH:1
FNDA:32,splitFocusedNodePathAction
DA:1,143
DA:4,32
DA:5,1
DA:7,31
LF:4
LH:4
BRDA:4,0,0,1
BRDA:4,0,1,31
BRF:2
BRH:2
end_of_record
TN:
SF:app/codeCharta/state/store/dynamicSettings/heightMetric/heightMetric.actions.ts
FN:3,(anonymous_0)
FN:14,setHeightMetric
FNF:2
FNH:2
FNDA:144,(anonymous_0)
FNDA:1454,setHeightMetric
DA:3,144
DA:4,144
DA:15,1454
DA:21,144
LF:4
LH:4
BRDA:3,0,0,144
BRDA:3,0,1,144
BRDA:14,1,0,1404
BRF:3
BRH:3
end_of_record
TN:
SF:app/codeCharta/state/store/dynamicSettings/heightMetric/heightMetric.reducer.ts
FN:3,heightMetric
FNF:1
FNH:1
FNDA:4240,heightMetric
DA:1,143
DA:4,4240
DA:6,50
DA:8,4190
LF:4
LH:4
BRDA:3,0,0,1403
BRDA:5,1,0,50
BRDA:5,1,1,4190
BRF:3
BRH:3
end_of_record
TN:
SF:app/codeCharta/state/store/dynamicSettings/heightMetric/heightMetric.service.ts
FN:16,(anonymous_0)
FN:21,(anonymous_1)
FN:27,(anonymous_2)
FN:33,(anonymous_3)
FN:42,(anonymous_4)
FN:46,(anonymous_5)
FN:50,(anonymous_6)
FN:51,(anonymous_7)
FNF:8
FNH:7
FNDA:18,(anonymous_0)
FNDA:284,(anonymous_1)
FNDA:4,(anonymous_2)
FNDA:3,(anonymous_3)
FNDA:1,(anonymous_4)
FNDA:1,(anonymous_5)
FNDA:10,(anonymous_6)
FNDA:0,(anonymous_7)
DA:1,108
DA:3,108
DA:5,108
DA:6,108
DA:7,108
DA:14,108
DA:16,18
DA:17,18
DA:18,18
DA:22,284
DA:23,1
DA:28,4
DA:29,3
DA:34,3
DA:36,3
DA:37,2
DA:38,2
DA:43,1
DA:47,1
DA:51,10
DA:52,0
LF:21
LH:20
BRDA:22,0,0,1
BRDA:22,0,1,283
BRDA:28,1,0,3
BRDA:28,1,1,1
BRDA:36,2,0,2
BRDA:36,2,1,1
BRF:6
BRH:6
end_of_record
TN:
SF:app/codeCharta/state/store/dynamicSettings/heightMetric/heightMetric.splitter.ts
FN:3,splitHeightMetricAction
FNF:1
FNH:1
FNDA:35,splitHeightMetricAction
DA:1,143
DA:4,35
LF:2
LH:2
BRF:0
BRH:0
end_of_record
TN:
SF:app/codeCharta/state/store/dynamicSettings/margin/margin.actions.ts
FN:3,(anonymous_0)
FN:14,setMargin
FNF:2
FNH:2
FNDA:144,(anonymous_0)
FNDA:1442,setMargin
DA:3,144
DA:4,144
DA:15,1442
DA:21,144
LF:4
LH:4
BRDA:3,0,0,144
BRDA:3,0,1,144
BRDA:14,1,0,1404
BRF:3
BRH:3
end_of_record
TN:
SF:app/codeCharta/state/store/dynamicSettings/margin/margin.reducer.ts
FN:3,margin
FNF:1
FNH:1
FNDA:4240,margin
DA:1,143
DA:4,4240
DA:6,38
DA:8,4202
LF:4
LH:4
BRDA:3,0,0,1403
BRDA:5,1,0,38
BRDA:5,1,1,4202
BRF:3
BRH:3
end_of_record
TN:
SF:app/codeCharta/state/store/dynamicSettings/margin/margin.reset.ts
FN:9,getResetMargin
FN:16,calculateMargin
FNF:2
FNH:2
FNDA:14,getResetMargin
FNDA:3,calculateMargin
DA:1,108
DA:3,108
DA:5,108
DA:6,108
DA:7,108
DA:10,14
DA:11,3
DA:13,11
DA:17,3
DA:18,3
DA:20,3
DA:21,18
DA:22,12
DA:23,12
DA:24,9
DA:29,3
DA:30,3
LF:17
LH:17
BRDA:10,0,0,3
BRDA:10,0,1,11
BRDA:10,1,0,14
BRDA:10,1,1,13
BRDA:21,2,0,12
BRDA:21,2,1,6
BRDA:23,3,0,9
BRDA:23,3,1,3
BRDA:23,4,0,0
BRDA:23,4,1,12
BRDA:23,5,0,12
BRDA:23,5,1,12
BRF:12
BRH:11
end_of_record
TN:
SF:app/codeCharta/state/store/dynamicSettings/margin/margin.service.ts
FN:17,(anonymous_0)
FN:27,(anonymous_1)
FN:33,(anonymous_2)
FN:37,(anonymous_3)
FN:41,(anonymous_4)
FN:53,(anonymous_5)
FN:57,(anonymous_6)
FN:61,(anonymous_7)
FN:62,(anonymous_8)
FNF:9
FNH:7
FNDA:20,(anonymous_0)
FNDA:284,(anonymous_1)
FNDA:0,(anonymous_2)
FNDA:10,(anonymous_3)
FNDA:14,(anonymous_4)
FNDA:1,(anonymous_5)
FNDA:1,(anonymous_6)
FNDA:3,(anonymous_7)
FNDA:0,(anonymous_8)
DA:1,108
DA:3,108
DA:4,108
DA:6,108
DA:7,108
DA:8,108
DA:15,108
DA:18,20
DA:19,20
DA:20,20
DA:22,20
DA:23,20
DA:24,20
DA:28,284
DA:29,1
DA:34,0
DA:38,10
DA:42,14
DA:43,14
DA:44,14
DA:46,14
DA:48,14
DA:49,2
DA:54,1
DA:58,1
DA:62,3
DA:63,0
LF:27
LH:25
BRDA:28,0,0,1
BRDA:28,0,1,283
BRDA:48,1,0,2
BRDA:48,1,1,12
BRDA:48,2,0,14
BRDA:48,2,1,3
BRF:6
BRH:6
end_of_record
TN:
SF:app/codeCharta/state/store/dynamicSettings/margin/margin.splitter.ts
FN:3,splitMarginAction
FNF:1
FNH:1
FNDA:30,splitMarginAction
DA:1,143
DA:4,30
LF:2
LH:2
BRF:0
BRH:0
end_of_record
TN:
SF:app/codeCharta/state/store/dynamicSettings/searchPattern/searchPattern.actions.ts
FN:3,(anonymous_0)
FN:14,setSearchPattern
FNF:2
FNH:2
FNDA:144,(anonymous_0)
FNDA:1442,setSearchPattern
DA:3,144
DA:4,144
DA:15,1442
DA:21,144
LF:4
LH:4
BRDA:3,0,0,144
BRDA:3,0,1,144
BRDA:14,1,0,1406
BRF:3
BRH:3
end_of_record
TN:
SF:app/codeCharta/state/store/dynamicSettings/searchPattern/searchPattern.reducer.ts
FN:3,searchPattern
FNF:1
FNH:1
FNDA:4240,searchPattern
DA:1,143
DA:4,4240
DA:6,40
DA:8,4200
LF:4
LH:4
BRDA:3,0,0,1403
BRDA:5,1,0,40
BRDA:5,1,1,4200
BRF:3
BRH:3
end_of_record
TN:
SF:app/codeCharta/state/store/dynamicSettings/searchPattern/searchPattern.service.ts
FN:14,(anonymous_0)
FN:19,(anonymous_1)
FN:25,(anonymous_2)
FN:29,(anonymous_3)
FN:33,(anonymous_4)
FN:37,(anonymous_5)
FN:38,(anonymous_6)
FNF:7
FNH:6
FNDA:15,(anonymous_0)
FNDA:284,(anonymous_1)
FNDA:1,(anonymous_2)
FNDA:1,(anonymous_3)
FNDA:1,(anonymous_4)
FNDA:13,(anonymous_5)
FNDA:0,(anonymous_6)
DA:1,108
DA:3,108
DA:4,108
DA:5,108
DA:12,108
DA:14,15
DA:15,15
DA:16,15
DA:20,284
DA:21,1
DA:26,1
DA:30,1
DA:34,1
DA:38,13
DA:39,0
LF:15
LH:14
BRDA:20,0,0,1
BRDA:20,0,1,283
BRF:2
BRH:2
end_of_record
TN:
SF:app/codeCharta/state/store/dynamicSettings/searchPattern/searchPattern.splitter.ts
FN:3,splitSearchPatternAction
FNF:1
FNH:1
FNDA:30,splitSearchPatternAction
DA:1,143
DA:4,30
LF:2
LH:2
BRF:0
BRH:0
end_of_record
TN:
SF:app/codeCharta/state/store/dynamicSettings/searchedNodePaths/searchedNodePaths.actions.ts
FN:3,(anonymous_0)
FN:14,setSearchedNodePaths
FNF:2
FNH:2
FNDA:144,(anonymous_0)
FNDA:1451,setSearchedNodePaths
DA:3,144
DA:4,144
DA:15,1451
DA:21,144
LF:4
LH:4
BRDA:3,0,0,144
BRDA:3,0,1,144
BRDA:14,1,0,1404
BRF:3
BRH:3
end_of_record
TN:
SF:app/codeCharta/state/store/dynamicSettings/searchedNodePaths/searchedNodePaths.reducer.ts
FN:3,searchedNodePaths
FNF:1
FNH:1
FNDA:4240,searchedNodePaths
DA:1,143
DA:4,4240
DA:6,49
DA:8,4191
LF:4
LH:4
BRDA:3,0,0,1403
BRDA:5,1,0,49
BRDA:5,1,1,4191
BRF:3
BRH:3
end_of_record
TN:
SF:app/codeCharta/state/store/dynamicSettings/searchedNodePaths/searchedNodePaths.service.ts
FN:13,(anonymous_0)
FN:17,(anonymous_1)
FN:23,(anonymous_2)
FN:27,(anonymous_3)
FN:33,(anonymous_4)
FN:34,(anonymous_5)
FNF:6
FNH:4
FNDA:12,(anonymous_0)
FNDA:284,(anonymous_1)
FNDA:1,(anonymous_2)
FNDA:1,(anonymous_3)
FNDA:0,(anonymous_4)
FNDA:0,(anonymous_5)
DA:1,108
DA:3,108
DA:4,108
DA:11,108
DA:13,12
DA:14,12
DA:18,284
DA:19,1
DA:24,1
DA:28,1
DA:34,0
DA:35,0
LF:12
LH:10
BRDA:18,0,0,1
BRDA:18,0,1,283
BRF:2
BRH:2
end_of_record
TN:
SF:app/codeCharta/state/store/dynamicSettings/searchedNodePaths/searchedNodePaths.splitter.ts
FN:3,splitSearchedNodePathsAction
FNF:1
FNH:1
FNDA:30,splitSearchedNodePathsAction
DA:1,143
DA:4,30
LF:2
LH:2
BRF:0
BRH:0
end_of_record
TN:
SF:app/codeCharta/state/store/dynamicSettings/sortingOption/sortingOption.actions.ts
FN:4,(anonymous_0)
FN:15,setSortingOption
FNF:2
FNH:2
FNDA:144,(anonymous_0)
FNDA:1436,setSortingOption
DA:2,144
DA:4,144
DA:5,144
DA:16,1436
DA:22,144
LF:5
LH:5
BRDA:4,0,0,144
BRDA:4,0,1,144
BRDA:15,1,0,1404
BRF:3
BRH:3
end_of_record
TN:
SF:app/codeCharta/state/store/dynamicSettings/sortingOption/sortingOption.reducer.ts
FN:3,sortingOption
FNF:1
FNH:1
FNDA:4240,sortingOption
DA:1,143
DA:4,4240
DA:6,34
DA:8,4206
LF:4
LH:4
BRDA:3,0,0,1403
BRDA:5,1,0,34
BRDA:5,1,1,4206
BRF:3
BRH:3
end_of_record
TN:
SF:app/codeCharta/state/store/dynamicSettings/sortingOption/sortingOption.service.ts
FN:14,(anonymous_0)
FN:18,(anonymous_1)
FN:24,(anonymous_2)
FN:28,(anonymous_3)
FN:32,(anonymous_4)
FN:33,(anonymous_5)
FNF:6
FNH:5
FNDA:12,(anonymous_0)
FNDA:284,(anonymous_1)
FNDA:1,(anonymous_2)
FNDA:1,(anonymous_3)
FNDA:4,(anonymous_4)
FNDA:0,(anonymous_5)
DA:1,108
DA:3,108
DA:4,108
DA:12,108
DA:14,12
DA:15,12
DA:19,284
DA:20,1
DA:25,1
DA:29,1
DA:33,4
DA:34,0
LF:12
LH:11
BRDA:19,0,0,1
BRDA:19,0,1,283
BRF:2
BRH:2
end_of_record
TN:
SF:app/codeCharta/state/store/dynamicSettings/sortingOption/sortingOption.splitter.ts
FN:4,splitSortingOptionAction
FNF:1
FNH:1
FNDA:30,splitSortingOptionAction
DA:1,143
DA:5,30
LF:2
LH:2
BRF:0
BRH:0
end_of_record
TN:
SF:app/codeCharta/state/store/fileSettings/fileSettings.actions.ts
FN:9,(anonymous_0)
FN:20,setFileSettings
FNF:2
FNH:2
FNDA:143,(anonymous_0)
FNDA:1,setFileSettings
DA:4,143
DA:5,143
DA:6,143
DA:7,143
DA:9,143
DA:10,143
DA:21,1
DA:27,143
LF:8
LH:8
BRDA:9,0,0,143
BRDA:9,0,1,143
BRDA:20,1,0,0
BRF:3
BRH:2
end_of_record
TN:
SF:app/codeCharta/state/store/fileSettings/fileSettings.reducer.ts
FNF:0
FNH:0
DA:2,142
DA:3,142
DA:4,142
DA:5,142
DA:6,142
DA:8,142
DA:16,142
LF:7
LH:7
BRF:0
BRH:0
end_of_record
TN:
SF:app/codeCharta/state/store/fileSettings/fileSettings.splitter.ts
FN:9,splitFileSettingsActions
FNF:1
FNH:1
FNDA:19,splitFileSettingsActions
DA:4,143
DA:5,143
DA:6,143
DA:7,143
DA:10,19
DA:13,19
DA:14,17
DA:17,19
DA:18,17
DA:21,19
DA:22,17
DA:25,19
DA:26,19
DA:29,19
LF:14
LH:14
BRDA:13,0,0,17
BRDA:13,0,1,2
BRDA:17,1,0,17
BRDA:17,1,1,2
BRDA:21,2,0,17
BRDA:21,2,1,2
BRDA:25,3,0,19
BRDA:25,3,1,0
BRF:8
BRH:7
end_of_record
TN:
SF:app/codeCharta/state/store/fileSettings/attributeTypes/attributeTypes.actions.ts
FN:3,(anonymous_0)
FN:20,setAttributeTypes
FN:27,updateAttributeType
FNF:3
FNH:3
FNDA:143,(anonymous_0)
FNDA:1433,setAttributeTypes
FNDA:4,updateAttributeType
DA:3,143
DA:4,143
DA:5,143
DA:21,1433
DA:28,4
DA:34,143
LF:6
LH:6
BRDA:3,0,0,143
BRDA:3,0,1,143
BRDA:20,1,0,1405
BRF:3
BRH:3
end_of_record
TN:
SF:app/codeCharta/state/store/fileSettings/attributeTypes/attributeTypes.merger.ts
FN:3,getMergedAttributeTypes
FNF:1
FNH:1
FNDA:2,getMergedAttributeTypes
DA:4,2
DA:5,2
DA:7,2
DA:8,4
DA:9,11
DA:10,7
DA:14,4
DA:15,7
DA:16,6
DA:21,2
LF:10
LH:10
BRDA:9,0,0,7
BRDA:9,0,1,4
BRDA:15,1,0,6
BRDA:15,1,1,1
BRF:4
BRH:4
end_of_record
TN:
SF:app/codeCharta/state/store/fileSettings/attributeTypes/attributeTypes.reducer.ts
FN:4,attributeTypes
FN:15,updateAttributeType
FNF:2
FNH:2
FNDA:4242,attributeTypes
FNDA:4,updateAttributeType
DA:1,142
DA:5,4242
DA:7,31
DA:9,4
DA:11,4207
DA:16,4
LF:6
LH:6
BRDA:4,0,0,1403
BRDA:6,1,0,31
BRDA:6,1,1,4
BRDA:6,1,2,4207
BRF:4
BRH:4
end_of_record
TN:
SF:app/codeCharta/state/store/fileSettings/attributeTypes/attributeTypes.service.ts
FN:18,(anonymous_0)
FN:23,(anonymous_1)
FN:29,(anonymous_2)
FN:33,(anonymous_3)
FN:34,(anonymous_4)
FN:40,(anonymous_5)
FN:44,(anonymous_6)
FN:48,(anonymous_7)
FN:49,(anonymous_8)
FNF:9
FNH:5
FNDA:14,(anonymous_0)
FNDA:284,(anonymous_1)
FNDA:0,(anonymous_2)
FNDA:0,(anonymous_3)
FNDA:0,(anonymous_4)
FNDA:1,(anonymous_5)
FNDA:1,(anonymous_6)
FNDA:407,(anonymous_7)
FNDA:0,(anonymous_8)
DA:1,142
DA:3,142
DA:4,142
DA:5,142
DA:7,142
DA:8,142
DA:16,142
DA:18,14
DA:19,14
DA:20,14
DA:24,284
DA:25,1
DA:30,0
DA:34,0
DA:36,0
DA:37,0
DA:41,1
DA:45,1
DA:49,407
DA:50,0
LF:20
LH:15
BRDA:24,0,0,1
BRDA:24,0,1,283
BRF:2
BRH:2
end_of_record
TN:
SF:app/codeCharta/state/store/fileSettings/attributeTypes/attributeTypes.splitter.ts
FN:4,splitAttributeTypesAction
FNF:1
FNH:1
FNDA:17,splitAttributeTypesAction
DA:1,143
DA:5,17
LF:2
LH:2
BRF:0
BRH:0
end_of_record
TN:
SF:app/codeCharta/state/store/fileSettings/blacklist/blacklist.actions.ts
FN:3,(anonymous_0)
FN:26,addBlacklistItem
FN:33,removeBlacklistItem
FN:40,setBlacklist
FNF:4
FNH:4
FNDA:144,(anonymous_0)
FNDA:9,addBlacklistItem
FNDA:3,removeBlacklistItem
FNDA:1453,setBlacklist
DA:3,144
DA:4,144
DA:5,144
DA:6,144
DA:27,9
DA:34,3
DA:41,1453
DA:47,144
LF:8
LH:8
BRDA:3,0,0,144
BRDA:3,0,1,144
BRDA:40,1,0,1424
BRF:3
BRH:3
end_of_record
TN:
SF:app/codeCharta/state/store/fileSettings/blacklist/blacklist.merger.ts
FN:4,getMergedBlacklist
FNF:1
FNH:1
FNDA:2,getMergedBlacklist
DA:1,142
DA:5,2
DA:7,2
DA:8,0
DA:11,2
DA:12,4
DA:13,4
DA:14,8
DA:20,8
DA:24,2
LF:10
LH:9
BRDA:7,0,0,0
BRDA:7,0,1,2
BRDA:12,1,0,4
BRDA:12,1,1,0
BRDA:16,2,0,0
BRDA:16,2,1,8
BRF:6
BRH:3
end_of_record
TN:
SF:app/codeCharta/state/store/fileSettings/blacklist/blacklist.reducer.ts
FN:4,blacklist
FNF:1
FNH:1
FNDA:4242,blacklist
DA:1,143
DA:2,143
DA:5,4242
DA:7,11
DA:9,3
DA:11,48
DA:13,4180
LF:7
LH:7
BRDA:4,0,0,1403
BRDA:6,1,0,11
BRDA:6,1,1,3
BRDA:6,1,2,48
BRDA:6,1,3,4180
BRF:5
BRH:5
end_of_record
TN:
SF:app/codeCharta/state/store/fileSettings/blacklist/blacklist.service.ts
FN:18,(anonymous_0)
FN:23,(anonymous_1)
FN:29,(anonymous_2)
FN:33,(anonymous_3)
FN:40,(anonymous_4)
FN:44,(anonymous_5)
FN:48,(anonymous_6)
FN:49,(anonymous_7)
FNF:8
FNH:5
FNDA:14,(anonymous_0)
FNDA:284,(anonymous_1)
FNDA:0,(anonymous_2)
FNDA:0,(anonymous_3)
FNDA:1,(anonymous_4)
FNDA:1,(anonymous_5)
FNDA:451,(anonymous_6)
FNDA:0,(anonymous_7)
DA:1,142
DA:4,142
DA:5,142
DA:6,142
DA:7,142
DA:8,142
DA:16,142
DA:18,14
DA:19,14
DA:20,14
DA:24,284
DA:25,1
DA:30,0
DA:34,0
DA:35,0
DA:36,0
DA:37,0
DA:41,1
DA:45,1
DA:49,451
DA:50,0
LF:21
LH:15
BRDA:24,0,0,1
BRDA:24,0,1,283
BRF:2
BRH:2
end_of_record
TN:
SF:app/codeCharta/state/store/fileSettings/blacklist/blacklist.splitter.ts
FN:4,splitBlacklistAction
FNF:1
FNH:1
FNDA:19,splitBlacklistAction
DA:2,143
DA:5,19
LF:2
LH:2
BRF:0
BRH:0
end_of_record
TN:
SF:app/codeCharta/state/store/fileSettings/edges/edges.actions.ts
FN:3,(anonymous_0)
FN:26,setEdges
FN:33,addEdge
FN:40,removeEdge
FNF:4
FNH:4
FNDA:143,(anonymous_0)
FNDA:1433,setEdges
FNDA:1,addEdge
FNDA:1,removeEdge
DA:3,143
DA:4,143
DA:5,143
DA:6,143
DA:27,1433
DA:34,1
DA:41,1
DA:47,143
LF:8
LH:8
BRDA:3,0,0,143
BRDA:3,0,1,143
BRDA:26,1,0,1407
BRF:3
BRH:3
end_of_record
TN:
SF:app/codeCharta/state/store/fileSettings/edges/edges.merger.ts
FN:4,getMergedEdges
FNF:1
FNH:1
FNDA:5,getMergedEdges
DA:1,109
DA:5,5
DA:7,5
DA:8,0
DA:11,5
DA:12,10
DA:13,9
DA:14,8
DA:22,8
DA:24,8
DA:25,2
DA:26,4
DA:29,6
DA:34,5
LF:14
LH:13
BRDA:7,0,0,0
BRDA:7,0,1,5
BRDA:12,1,0,9
BRDA:12,1,1,1
BRDA:16,2,0,0
BRDA:16,2,1,8
BRDA:18,3,0,0
BRDA:18,3,1,8
BRDA:24,4,0,2
BRDA:24,4,1,6
BRF:10
BRH:7
end_of_record
TN:
SF:app/codeCharta/state/store/fileSettings/edges/edges.reducer.ts
FN:4,edges
FNF:1
FNH:1
FNDA:4242,edges
DA:1,142
DA:2,142
DA:5,4242
DA:7,31
DA:9,1
DA:11,1
DA:13,4209
LF:7
LH:7
BRDA:4,0,0,1403
BRDA:6,1,0,31
BRDA:6,1,1,1
BRDA:6,1,2,1
BRDA:6,1,3,4209
BRF:5
BRH:5
end_of_record
TN:
SF:app/codeCharta/state/store/fileSettings/edges/edges.service.ts
FN:18,(anonymous_0)
FN:23,(anonymous_1)
FN:29,(anonymous_2)
FN:33,(anonymous_3)
FN:40,(anonymous_4)
FN:44,(anonymous_5)
FN:48,(anonymous_6)
FN:49,(anonymous_7)
FNF:8
FNH:4
FNDA:14,(anonymous_0)
FNDA:284,(anonymous_1)
FNDA:0,(anonymous_2)
FNDA:0,(anonymous_3)
FNDA:1,(anonymous_4)
FNDA:1,(anonymous_5)
FNDA:0,(anonymous_6)
FNDA:0,(anonymous_7)
DA:1,108
DA:3,108
DA:5,108
DA:6,108
DA:7,108
DA:8,108
DA:16,108
DA:18,14
DA:19,14
DA:20,14
DA:24,284
DA:25,1
DA:30,0
DA:34,0
DA:35,0
DA:36,0
DA:37,0
DA:41,1
DA:45,1
DA:49,0
DA:50,0
LF:21
LH:14
BRDA:24,0,0,1
BRDA:24,0,1,283
BRF:2
BRH:2
end_of_record
TN:
SF:app/codeCharta/state/store/fileSettings/edges/edges.splitter.ts
FN:4,splitEdgesAction
FNF:1
FNH:1
FNDA:17,splitEdgesAction
DA:1,143
DA:5,17
LF:2
LH:2
BRF:0
BRH:0
end_of_record
TN:
SF:app/codeCharta/state/store/fileSettings/markedPackages/markedPackages.actions.ts
FN:3,(anonymous_0)
FN:21,setMarkedPackages
FN:28,unmarkPackage
FNF:3
FNH:3
FNDA:143,(anonymous_0)
FNDA:1458,setMarkedPackages
FNDA:2,unmarkPackage
DA:3,143
DA:4,143
DA:5,143
DA:6,143
DA:22,1458
DA:29,2
DA:35,143
LF:7
LH:7
BRDA:3,0,0,143
BRDA:3,0,1,143
BRDA:21,1,0,1417
BRF:3
BRH:3
end_of_record
TN:
SF:app/codeCharta/state/store/fileSettings/markedPackages/markedPackages.merger.ts
FN:4,getMergedMarkedPackages
FNF:1
FNH:1
FNDA:5,getMergedMarkedPackages
DA:1,109
DA:5,5
DA:6,0
DA:9,5
DA:11,5
DA:12,10
DA:13,9
DA:14,8
DA:20,8
DA:24,5
LF:10
LH:9
BRDA:5,0,0,0
BRDA:5,0,1,5
BRDA:12,1,0,9
BRDA:12,1,1,1
BRDA:16,2,0,0
BRDA:16,2,1,8
BRF:6
BRH:4
end_of_record
TN:
SF:app/codeCharta/state/store/fileSettings/markedPackages/markedPackages.reducer.ts
FN:4,markedPackages
FNF:1
FNH:1
FNDA:4241,markedPackages
DA:1,142
DA:2,142
DA:5,4241
DA:7,56
DA:9,2
DA:11,4183
LF:6
LH:6
BRDA:4,0,0,1403
BRDA:6,1,0,56
BRDA:6,1,1,2
BRDA:6,1,2,4183
BRF:4
BRH:4
end_of_record
TN:
SF:app/codeCharta/state/store/fileSettings/markedPackages/markedPackages.service.ts
FN:18,(anonymous_0)
FN:23,(anonymous_1)
FN:29,(anonymous_2)
FN:33,(anonymous_3)
FN:40,(anonymous_4)
FN:44,(anonymous_5)
FN:48,(anonymous_6)
FN:49,(anonymous_7)
FNF:8
FNH:5
FNDA:14,(anonymous_0)
FNDA:284,(anonymous_1)
FNDA:0,(anonymous_2)
FNDA:0,(anonymous_3)
FNDA:1,(anonymous_4)
FNDA:1,(anonymous_5)
FNDA:9,(anonymous_6)
FNDA:0,(anonymous_7)
DA:1,108
DA:3,108
DA:5,108
DA:6,108
DA:7,108
DA:8,108
DA:16,108
DA:18,14
DA:19,14
DA:20,14
DA:24,284
DA:25,1
DA:30,0
DA:34,0
DA:35,0
DA:36,0
DA:37,0
DA:41,1
DA:45,1
DA:49,9
DA:50,0
LF:21
LH:15
BRDA:24,0,0,1
BRDA:24,0,1,283
BRF:2
BRH:2
end_of_record
TN:
SF:app/codeCharta/state/store/fileSettings/markedPackages/markedPackages.splitter.ts
FN:4,splitMarkedPackagesAction
FNF:1
FNH:1
FNDA:17,splitMarkedPackagesAction
DA:1,143
DA:5,17
LF:2
LH:2
BRF:0
BRH:0
end_of_record
TN:
SF:app/codeCharta/state/store/files/files.actions.ts
FN:4,(anonymous_0)
FN:14,(anonymous_1)
FN:80,setFiles
FN:87,resetFiles
FN:93,resetSelection
FN:99,addFile
FN:106,setSingle
FN:113,setSingleByName
FN:120,setMultiple
FN:127,setMultipleByNames
FN:134,setDelta
FN:141,setDeltaByNames
FNF:12
FNH:12
FNDA:143,(anonymous_0)
FNDA:143,(anonymous_1)
FNDA:1158,setFiles
FNDA:102,resetFiles
FNDA:2,resetSelection
FNDA:164,addFile
FNDA:56,setSingle
FNDA:15,setSingleByName
FNDA:7,setMultiple
FNDA:4,setMultipleByNames
FNDA:9,setDelta
FNDA:3,setDeltaByNames
DA:4,143
DA:5,143
DA:6,143
DA:7,143
DA:8,143
DA:9,143
DA:10,143
DA:11,143
DA:14,143
DA:15,143
DA:16,143
DA:17,143
DA:81,1158
DA:88,102
DA:94,2
DA:100,164
DA:107,56
DA:114,15
DA:121,7
DA:128,4
DA:135,9
DA:142,3
DA:148,143
LF:23
LH:23
BRDA:4,0,0,143
BRDA:4,0,1,143
BRDA:14,1,0,143
BRDA:14,1,1,143
BRDA:80,2,0,1119
BRF:5
BRH:5
end_of_record
TN:
SF:app/codeCharta/state/store/files/files.reducer.ts
FN:5,files
FN:32,reset
FN:36,resetSelection
FN:37,(anonymous_3)
FN:42,addFile
FN:46,setSingleByName
FN:47,(anonymous_6)
FN:56,setSingle
FN:60,setDeltaByNames
FN:61,(anonymous_9)
FN:72,setDelta
FN:76,setMultipleByNames
FN:77,(anonymous_12)
FN:86,setMultiple
FN:89,(anonymous_14)
FNF:15
FNH:15
FNDA:3997,files
FNDA:102,reset
FNDA:2,resetSelection
FNDA:4,(anonymous_3)
FNDA:164,addFile
FNDA:69,setSingleByName
FNDA:129,(anonymous_6)
FNDA:56,setSingle
FNDA:12,setDeltaByNames
FNDA:22,(anonymous_9)
FNDA:9,setDelta
FNDA:11,setMultipleByNames
FNDA:22,(anonymous_12)
FNDA:7,setMultiple
FNDA:12,(anonymous_14)
DA:1,142
DA:3,142
DA:6,3997
DA:8,40
DA:10,164
DA:12,102
DA:14,2
DA:16,56
DA:18,15
DA:20,9
DA:22,3
DA:24,7
DA:26,4
DA:28,3595
DA:33,102
DA:37,2
DA:38,4
DA:43,164
DA:47,69
DA:48,129
DA:49,129
DA:50,68
DA:52,129
DA:57,56
DA:61,12
DA:62,22
DA:63,22
DA:64,12
DA:65,10
DA:66,10
DA:68,22
DA:73,9
DA:77,11
DA:78,22
DA:79,22
DA:80,19
DA:82,22
DA:87,7
DA:89,12
LF:39
LH:39
BRDA:5,0,0,1118
BRDA:7,1,0,40
BRDA:7,1,1,164
BRDA:7,1,2,102
BRDA:7,1,3,2
BRDA:7,1,4,56
BRDA:7,1,5,15
BRDA:7,1,6,9
BRDA:7,1,7,3
BRDA:7,1,8,7
BRDA:7,1,9,4
BRDA:7,1,10,3595
BRDA:49,2,0,68
BRDA:49,2,1,61
BRDA:63,3,0,12
BRDA:63,3,1,10
BRDA:65,4,0,10
BRDA:65,4,1,0
BRDA:79,5,0,19
BRDA:79,5,1,3
BRF:20
BRH:19
end_of_record
TN:
SF:app/codeCharta/state/store/files/files.service.ts
FN:14,(anonymous_0)
FN:18,(anonymous_1)
FN:24,(anonymous_2)
FN:28,(anonymous_3)
FN:32,(anonymous_4)
FN:33,(anonymous_5)
FNF:6
FNH:5
FNDA:12,(anonymous_0)
FNDA:284,(anonymous_1)
FNDA:1,(anonymous_2)
FNDA:1,(anonymous_3)
FNDA:539,(anonymous_4)
FNDA:0,(anonymous_5)
DA:1,142
DA:3,142
DA:4,142
DA:12,142
DA:14,12
DA:15,12
DA:19,284
DA:20,1
DA:25,1
DA:29,1
DA:33,539
DA:34,0
LF:12
LH:11
BRDA:19,0,0,1
BRDA:19,0,1,283
BRF:2
BRH:2
end_of_record
TN:
SF:app/codeCharta/state/store/files/files.splitter.ts
FN:4,splitFilesAction
FNF:1
FNH:1
FNDA:17,splitFilesAction
DA:1,143
DA:5,17
LF:2
LH:2
BRF:0
BRH:0
end_of_record
TN:
SF:app/codeCharta/state/store/lookUp/lookUp.actions.ts
FN:7,(anonymous_0)
FN:18,setLookUp
FNF:2
FNH:1
FNDA:143,(anonymous_0)
FNDA:0,setLookUp
DA:4,143
DA:5,143
DA:7,143
DA:8,143
DA:19,0
DA:25,143
LF:6
LH:5
BRDA:7,0,0,143
BRDA:7,0,1,143
BRDA:18,1,0,0
BRF:3
BRH:2
end_of_record
TN:
SF:app/codeCharta/state/store/lookUp/lookUp.reducer.ts
FNF:0
FNH:0
DA:2,142
DA:3,142
DA:4,142
DA:6,142
DA:12,142
LF:5
LH:5
BRF:0
BRH:0
end_of_record
TN:
SF:app/codeCharta/state/store/lookUp/lookUp.splitter.ts
FN:8,splitLookUpActions
FNF:1
FNH:1
FNDA:17,splitLookUpActions
DA:4,143
DA:5,143
DA:9,17
DA:12,17
DA:13,17
DA:16,17
DA:17,17
DA:20,17
LF:8
LH:8
BRDA:12,0,0,17
BRDA:12,0,1,0
BRDA:16,1,0,17
BRDA:16,1,1,0
BRF:4
BRH:2
end_of_record
TN:
SF:app/codeCharta/state/store/lookUp/idToBuilding/idToBuilding.actions.ts
FN:4,(anonymous_0)
FN:15,setIdToBuilding
FNF:2
FNH:2
FNDA:143,(anonymous_0)
FNDA:1436,setIdToBuilding
DA:4,143
DA:5,143
DA:16,1436
DA:22,143
LF:4
LH:4
BRDA:4,0,0,143
BRDA:4,0,1,143
[...]
FNF:3
FNH:3
FNDA:24,getCCFile
FNDA:24,getAttributeTypes
FNDA:24,potentiallyUpdateBlacklistTypes
DA:1,142
DA:2,142
DA:5,24
DA:6,24
DA:27,24
DA:28,23
DA:34,1
DA:41,24
DA:42,2
DA:43,2
DA:46,24
LF:11
LH:11
BRDA:16,0,0,24
BRDA:16,0,1,12
BRDA:18,1,0,24
BRDA:18,1,1,22
BRDA:19,2,0,24
BRDA:19,2,1,24
BRDA:27,3,0,23
BRDA:27,3,1,1
BRDA:27,4,0,24
BRDA:27,4,1,2
BRDA:27,4,2,1
BRDA:35,5,0,0
BRDA:35,5,1,1
BRDA:35,6,0,1
BRDA:35,6,1,1
BRDA:36,7,0,0
BRDA:36,7,1,1
BRDA:36,8,0,1
BRDA:36,8,1,1
BRDA:42,9,0,2
BRDA:42,9,1,0
BRF:21
BRH:18
end_of_record
TN:
SF:app/codeCharta/util/fileNameHelper.ts
FN:8,(anonymous_0)
FN:12,(anonymous_1)
FN:17,(anonymous_2)
FN:33,(anonymous_3)
FNF:4
FNH:4
FNDA:58,(anonymous_0)
FNDA:58,(anonymous_1)
FNDA:58,(anonymous_2)
FNDA:17,(anonymous_3)
DA:1,112
DA:3,112
DA:6,112
DA:9,58
DA:13,58
DA:14,58
DA:18,58
DA:19,58
DA:20,58
DA:21,2
DA:23,56
DA:24,1
DA:26,55
DA:27,1
DA:30,54
DA:34,17
LF:16
LH:16
BRDA:18,0,0,58
BRDA:18,0,1,0
BRDA:20,1,0,2
BRDA:20,1,1,56
BRDA:23,2,0,1
BRDA:23,2,1,55
BRDA:26,3,0,1
BRDA:26,3,1,54
BRF:8
BRH:7
end_of_record
TN:
SF:app/codeCharta/util/fileValidator.ts
FN:33,validate
FN:56,(anonymous_2)
FN:70,isValidApiVersion
FN:78,fileHasHigherMajorVersion
FN:83,fileHasHigherMinorVersion
FN:88,getAsApiVersion
FN:95,getValidationMessage
FN:101,validateAllNodesAreUnique
FN:107,validateChildrenAreUniqueRecursive
FN:123,validateFixedFolders
FN:174,getFoundFolderMessage
FN:178,rectanglesIntersect
FN:187,isInRectangle
FN:191,isOutOfBounds
FNF:14
FNH:14
FNDA:35,validate
FNDA:4,(anonymous_2)
FNDA:32,isValidApiVersion
FNDA:29,fileHasHigherMajorVersion
FNDA:28,fileHasHigherMinorVersion
FNDA:167,getAsApiVersion
FNDA:4,getValidationMessage
FNDA:24,validateAllNodesAreUnique
FNDA:275,validateChildrenAreUniqueRecursive
FNDA:202,validateFixedFolders
FNDA:31,getFoundFolderMessage
FNDA:234,rectanglesIntersect
FNDA:915,isInRectangle
FNDA:51,isOutOfBounds
DA:2,142
DA:3,142
DA:5,142
DA:6,142
DA:8,142
DA:20,142
DA:34,35
DA:36,35
DA:38,3
DA:39,3
DA:41,3
DA:42,3
DA:44,1
DA:45,1
DA:47,1
DA:50,35
DA:51,28
DA:52,28
DA:53,28
DA:55,28
DA:56,4
DA:57,25
DA:58,1
DA:60,24
DA:61,24
DA:65,35
DA:66,25
DA:71,32
DA:72,32
DA:73,32
DA:74,32
DA:75,32
DA:79,29
DA:80,29
DA:84,28
DA:85,28
DA:89,167
DA:96,4
DA:97,4
DA:98,4
DA:102,24
DA:103,24
DA:104,24
DA:108,275
DA:109,173
DA:112,102
DA:113,253
DA:114,253
DA:115,2
DA:117,251
DA:118,251
DA:124,202
DA:125,202
DA:126,202
DA:128,202
DA:129,219
DA:130,166
DA:132,53
DA:133,53
DA:134,2
DA:135,2
DA:138,51
DA:139,3
DA:142,51
DA:143,290
DA:149,5
DA:155,200
DA:156,1
DA:159,200
DA:160,3
DA:163,200
DA:164,5
DA:167,200
DA:168,217
DA:169,178
DA:175,31
DA:179,234
DA:188,915
DA:192,51
LF:79
LH:79
BRDA:37,0,0,3
BRDA:37,0,1,3
BRDA:37,0,2,1
BRDA:37,0,3,1
BRDA:50,1,0,28
BRDA:50,1,1,7
BRDA:55,2,0,3
BRDA:55,2,1,25
BRDA:57,3,0,1
BRDA:57,3,1,24
BRDA:65,4,0,25
BRDA:65,4,1,10
BRDA:65,5,0,35
BRDA:65,5,1,11
BRDA:75,6,0,32
BRDA:75,6,1,30
BRDA:108,7,0,173
BRDA:108,7,1,102
BRDA:114,8,0,2
BRDA:114,8,1,251
BRDA:123,9,0,24
BRDA:129,10,0,166
BRDA:129,10,1,53
BRDA:133,11,0,2
BRDA:133,11,1,51
BRDA:133,12,0,53
BRDA:133,12,1,52
BRDA:133,12,2,52
BRDA:138,13,0,3
BRDA:138,13,1,48
BRDA:143,14,0,5
BRDA:143,14,1,285
BRDA:144,15,0,290
BRDA:144,15,1,285
BRDA:144,15,2,234
BRDA:144,15,3,9
BRDA:155,16,0,1
BRDA:155,16,1,199
BRDA:155,17,0,200
BRDA:155,17,1,80
BRDA:159,18,0,3
BRDA:159,18,1,197
BRDA:163,19,0,5
BRDA:163,19,1,195
BRDA:168,20,0,178
BRDA:168,20,1,39
BRDA:180,21,0,234
BRDA:180,21,1,228
BRDA:180,21,2,227
BRDA:180,21,3,226
BRDA:188,22,0,915
BRDA:188,22,1,509
BRDA:188,22,2,117
BRDA:188,22,3,47
BRDA:192,23,0,51
BRDA:192,23,1,50
BRDA:192,23,2,50
BRDA:192,23,3,49
BRDA:192,23,4,49
BRDA:192,23,5,48
BRF:60
BRH:60
end_of_record
TN:
SF:app/codeCharta/util/metricHelper.ts
FN:3,isAnyMetricAvailable
FN:4,(anonymous_1)
FN:7,isMetricUnavailable
FN:8,(anonymous_3)
FN:11,getMetricNameFromIndexOrLast
FN:24,resetToDefaultDistribution
FN:25,(anonymous_6)
FNF:7
FNH:7
FNDA:14,isAnyMetricAvailable
FNDA:10,(anonymous_1)
FNDA:8,isMetricUnavailable
FNDA:18,(anonymous_3)
FNDA:5,getMetricNameFromIndexOrLast
FNDA:4,resetToDefaultDistribution
FNDA:14,(anonymous_6)
DA:4,14
DA:8,18
DA:13,5
DA:14,8
DA:15,8
DA:16,3
DA:18,5
DA:21,2
DA:25,14
LF:9
LH:9
BRDA:8,0,0,18
BRDA:8,0,1,18
BRDA:14,1,0,8
BRDA:14,1,1,0
BRDA:15,2,0,3
BRDA:15,2,1,5
BRDA:25,3,0,2
BRDA:25,3,1,2
BRF:8
BRH:7
end_of_record
TN:
SF:app/codeCharta/util/nodeDecorator.ts
FN:8,(anonymous_1)
FN:15,(anonymous_2)
FN:21,(anonymous_3)
FN:96,(anonymous_4)
FN:107,(anonymous_5)
FN:114,decorateNode
FN:201,collectEdgeMediansOnParent
FN:213,collectNodeMediansOnParent
FN:229,setNodeMediansToParent
FN:256,setEdgeMediansToParent
FN:275,setMediansToParents
FN:284,collectMedians
FN:297,getMedian
FN:306,pushSorted
FN:336,pushSortedArray
FNF:15
FNH:15
FNDA:142,(anonymous_1)
FNDA:142,(anonymous_2)
FNDA:86,(anonymous_3)
FNDA:126,(anonymous_4)
FNDA:24,(anonymous_5)
FNDA:140,decorateNode
FNDA:92,collectEdgeMediansOnParent
FNDA:46,collectNodeMediansOnParent
FNDA:46,setNodeMediansToParent
FNDA:92,setEdgeMediansToParent
FNDA:15,setMediansToParents
FNDA:61,collectMedians
FNDA:50,getMedian
FNDA:17,pushSorted
FNDA:14,pushSortedArray
DA:2,142
DA:3,142
DA:4,142
DA:5,142
DA:6,142
DA:8,142
DA:9,142
DA:10,142
DA:11,142
DA:12,142
DA:15,142
DA:16,142
DA:17,142
DA:22,86
DA:23,86
DA:25,86
DA:26,86
DA:28,86
DA:29,1
DA:31,1
DA:32,0
DA:33,0
DA:35,1
DA:36,1
DA:40,86
DA:41,86
DA:42,86
DA:43,496
DA:44,496
DA:46,496
DA:47,2
DA:50,496
DA:51,319
DA:54,496
DA:55,579
DA:56,294
DA:59,579
DA:60,36
DA:61,12
DA:66,496
DA:67,195
DA:70,496
DA:71,280
DA:72,276
DA:76,496
DA:77,5
DA:78,5
DA:79,5
DA:84,496
DA:85,6
DA:86,6
DA:87,6
DA:88,6
DA:89,6
DA:90,1
DA:97,126
DA:98,841
DA:99,715
DA:101,126
DA:104,126
DA:108,24
DA:112,24
DA:113,24
DA:114,24
DA:116,140
DA:117,28
DA:120,112
DA:121,360
DA:122,360
DA:123,360
DA:124,46
DA:125,46
DA:127,314
DA:128,314
DA:129,20
DA:130,20
DA:135,112
DA:136,156
DA:138,156
DA:139,37
DA:142,119
DA:143,119
DA:144,119
DA:145,46
DA:153,46
DA:161,46
DA:168,46
DA:176,73
DA:177,73
DA:183,24
DA:184,34
DA:185,11
DA:186,11
DA:190,24
DA:191,77
DA:192,11
DA:193,11
DA:194,2
DA:208,92
DA:209,6
DA:220,46
DA:221,45
DA:224,46
DA:225,10
DA:237,46
DA:238,35
DA:241,11
DA:242,11
DA:243,11
DA:244,11
DA:247,11
DA:248,2
DA:249,2
DA:250,2
DA:251,2
DA:264,92
DA:265,70
DA:268,22
DA:269,22
DA:270,2
DA:271,2
DA:276,15
DA:277,15
DA:278,1
DA:280,14
DA:286,61
DA:287,61
DA:288,29
DA:289,32
DA:290,17
DA:298,50
DA:299,20
DA:302,30
DA:303,30
DA:307,17
DA:308,17
DA:309,17
DA:311,17
DA:312,15
DA:313,15
DA:315,2
DA:316,2
DA:317,2
DA:321,0
DA:322,0
DA:324,0
DA:325,0
DA:327,0
DA:328,0
DA:329,0
DA:330,0
DA:337,14
DA:338,14
DA:339,20
DA:341,20
DA:342,4
DA:343,4
DA:344,4
DA:345,2
DA:349,20
DA:350,4
DA:351,4
DA:352,2
DA:356,12
LF:164
LH:154
BRDA:8,0,0,142
BRDA:8,0,1,142
BRDA:15,1,0,142
BRDA:15,1,1,142
BRDA:31,2,0,0
BRDA:31,2,1,1
BRDA:46,3,0,2
BRDA:46,3,1,494
BRDA:50,4,0,319
BRDA:50,4,1,177
BRDA:55,5,0,294
BRDA:55,5,1,285
BRDA:59,6,0,36
BRDA:59,6,1,543
BRDA:60,7,0,12
BRDA:60,7,1,24
BRDA:66,8,0,195
BRDA:66,8,1,301
BRDA:71,9,0,276
BRDA:71,9,1,4
BRDA:76,10,0,5
BRDA:76,10,1,491
BRDA:78,11,0,5
BRDA:78,11,1,0
BRDA:79,12,0,5
BRDA:79,12,1,5
BRDA:84,13,0,6
BRDA:84,13,1,490
BRDA:84,14,0,496
BRDA:84,14,1,7
BRDA:84,15,0,260
BRDA:84,15,1,236
BRDA:84,16,0,496
BRDA:84,16,1,496
BRDA:84,17,0,1
BRDA:84,17,1,6
BRDA:84,18,0,7
BRDA:84,18,1,7
BRDA:89,19,0,1
BRDA:89,19,1,5
BRDA:98,20,0,715
BRDA:98,20,1,126
BRDA:116,21,0,28
BRDA:116,21,1,112
BRDA:116,22,0,140
BRDA:116,22,1,135
BRDA:123,23,0,46
BRDA:123,23,1,314
BRDA:128,24,0,20
BRDA:128,24,1,294
BRDA:129,25,0,20
BRDA:129,25,1,0
BRDA:129,26,0,20
BRDA:129,26,1,20
BRDA:130,27,0,20
BRDA:130,27,1,0
BRDA:130,28,0,20
BRDA:130,28,1,20
BRDA:138,29,0,37
BRDA:138,29,1,119
BRDA:144,30,0,46
BRDA:144,30,1,73
BRDA:184,31,0,11
BRDA:184,31,1,23
BRDA:191,32,0,11
BRDA:191,32,1,66
BRDA:193,33,0,2
BRDA:193,33,1,9
BRDA:208,34,0,6
BRDA:208,34,1,86
BRDA:220,35,0,45
BRDA:220,35,1,1
BRDA:224,36,0,10
BRDA:224,36,1,36
BRDA:224,37,0,46
BRDA:224,37,1,10
BRDA:237,38,0,35
BRDA:237,38,1,11
BRDA:242,39,0,11
BRDA:242,39,1,0
BRDA:247,40,0,2
BRDA:247,40,1,9
BRDA:249,41,0,2
BRDA:249,41,1,0
BRDA:264,42,0,70
BRDA:264,42,1,22
BRDA:269,43,0,2
BRDA:269,43,1,20
BRDA:277,44,0,1
BRDA:277,44,1,14
BRDA:287,45,0,29
BRDA:287,45,1,32
BRDA:289,46,0,17
BRDA:289,46,1,15
BRDA:298,47,0,20
BRDA:298,47,1,30
BRDA:298,48,0,50
BRDA:298,48,1,30
BRDA:311,49,0,15
BRDA:311,49,1,2
BRDA:315,50,0,2
BRDA:315,50,1,0
BRDA:324,51,0,0
BRDA:324,51,1,0
BRDA:328,52,0,0
BRDA:328,52,1,0
BRDA:344,53,0,2
BRDA:344,53,1,2
BRDA:349,54,0,4
BRDA:349,54,1,16
BRDA:351,55,0,2
BRDA:351,55,1,2
BRF:112
BRH:101
end_of_record
TN:
SF:app/codeCharta/util/nodePathHelper.ts
FN:3,getUpdatedBlacklistItemPath
FN:10,getUpdatedPath
FN:16,isAbsoluteRootPath
FN:20,getParent
FNF:4
FNH:2
FNDA:0,getUpdatedBlacklistItemPath
FNDA:44,getUpdatedPath
FNDA:0,isAbsoluteRootPath
FNDA:35,getParent
DA:1,142
DA:4,0
DA:5,0
DA:7,0
DA:11,44
DA:12,44
DA:13,44
DA:17,0
DA:21,35
DA:23,35
DA:25,35
DA:26,35
DA:27,23
LF:13
LH:9
BRDA:4,0,0,0
BRDA:4,0,1,0
BRDA:12,1,0,10
BRDA:12,1,1,34
BRDA:29,2,0,12
BRDA:29,2,1,9
BRDA:26,3,0,23
BRDA:26,3,1,12
BRF:8
BRH:6
end_of_record
TN:
SF:app/codeCharta/util/reduxHelper.ts
FN:4,removeItemFromArray
FN:5,(anonymous_2)
FN:8,removeEntryAtIndexFromArray
FN:12,addItemToArray
FN:19,isActionOfType
FN:23,arrayContainsItem
FN:24,(anonymous_7)
FNF:7
FNH:7
FNDA:5,removeItemFromArray
FNDA:6,(anonymous_2)
FNDA:2,removeEntryAtIndexFromArray
FNDA:13,addItemToArray
FNDA:21065,isActionOfType
FNDA:13,arrayContainsItem
FNDA:2,(anonymous_7)
DA:1,144
DA:2,144
DA:5,6
DA:9,2
DA:13,13
DA:14,13
DA:16,0
DA:20,21065
DA:24,13
LF:9
LH:8
BRDA:13,0,0,13
BRDA:13,0,1,0
BRF:2
BRH:1
end_of_record
TN:
SF:app/codeCharta/util/scenarioHelper.ts
FN:15,(anonymous_1)
FN:54,(anonymous_2)
FN:58,(anonymous_3)
FN:69,(anonymous_4)
FN:72,(anonymous_5)
FN:81,(anonymous_6)
FN:121,(anonymous_7)
FN:129,(anonymous_8)
FN:139,(anonymous_9)
FN:144,(anonymous_10)
FN:194,(anonymous_11)
FN:199,(anonymous_12)
FN:203,(anonymous_13)
FN:236,(anonymous_14)
FN:243,(anonymous_15)
FNF:15
FNH:15
FNDA:3,(anonymous_1)
FNDA:3,(anonymous_2)
FNDA:4,(anonymous_3)
FNDA:1,(anonymous_4)
FNDA:142,(anonymous_5)
FNDA:568,(anonymous_6)
FNDA:143,(anonymous_7)
FNDA:142,(anonymous_8)
FNDA:2,(anonymous_9)
FNDA:2,(anonymous_10)
FNDA:4,(anonymous_11)
FNDA:9,(anonymous_12)
FNDA:11,(anonymous_13)
FNDA:144,(anonymous_14)
FNDA:2,(anonymous_15)
DA:3,142
DA:4,142
DA:6,142
DA:10,142
DA:11,142
DA:13,142
DA:16,3
DA:18,3
DA:19,3
DA:51,3
DA:55,3
DA:57,3
DA:58,4
DA:60,3
DA:65,1
DA:69,2
DA:73,142
DA:74,142
DA:75,142
DA:76,568
DA:78,142
DA:82,568
DA:83,568
DA:85,568
DA:86,568
DA:91,568
DA:92,568
DA:98,568
DA:99,568
DA:104,568
DA:105,0
DA:111,568
DA:112,0
DA:118,568
DA:122,143
DA:126,143
DA:130,142
DA:131,142
DA:132,0
DA:134,142
DA:135,142
DA:136,142
DA:140,2
DA:141,2
DA:145,2
DA:147,2
DA:148,6
DA:150,1
DA:154,1
DA:157,1
DA:161,1
DA:164,2
DA:169,2
DA:172,1
DA:176,1
DA:179,1
DA:184,1
DA:187,0
DA:191,2
DA:195,4
DA:196,4
DA:200,9
DA:204,11
DA:205,11
DA:206,11
DA:208,11
DA:209,10
DA:210,9
DA:211,9
DA:213,10
DA:214,10
DA:215,10
DA:216,10
DA:218,10
DA:219,9
DA:220,9
DA:222,10
DA:223,1
DA:224,1
DA:225,1
DA:227,10
DA:228,1
DA:229,1
DA:233,11
DA:237,144
DA:238,576
DA:240,144
DA:244,2
LF:88
LH:84
BRDA:57,0,0,3
BRDA:57,0,1,0
BRDA:57,1,0,3
BRDA:57,1,1,1
BRDA:57,1,2,1
BRDA:60,2,0,1
BRDA:60,2,1,2
BRDA:61,3,0,3
BRDA:61,3,1,2
BRDA:61,3,2,2
BRDA:61,3,3,1
BRDA:61,3,4,2
BRDA:61,3,5,2
BRDA:69,4,0,2
BRDA:69,4,1,1
BRDA:85,5,0,568
BRDA:85,5,1,0
BRDA:91,6,0,568
BRDA:91,6,1,0
BRDA:98,7,0,568
BRDA:98,7,1,0
BRDA:104,8,0,0
BRDA:104,8,1,568
BRDA:111,9,0,0
BRDA:111,9,1,568
BRDA:131,10,0,0
BRDA:131,10,1,142
BRDA:149,11,0,1
BRDA:149,11,1,1
BRDA:149,11,2,2
BRDA:149,11,3,1
BRDA:149,11,4,1
BRDA:149,11,5,0
BRDA:208,12,0,10
BRDA:208,12,1,1
BRDA:209,13,0,9
BRDA:209,13,1,1
BRDA:213,14,0,10
BRDA:213,14,1,0
BRDA:218,15,0,9
BRDA:218,15,1,1
BRDA:222,16,0,1
BRDA:222,16,1,9
BRDA:227,17,0,1
BRDA:227,17,1,9
BRF:45
BRH:36
end_of_record
TN:
SF:app/codeCharta/util/settingsHelper.ts
FN:4,convertToVectors
FNF:1
FNH:1
FNDA:1738,convertToVectors
DA:2,143
DA:5,1738
DA:7,1738
DA:8,4049
DA:9,1163
DA:10,1163
DA:11,6
DA:13,1157
LF:8
LH:8
BRDA:8,0,0,1163
BRDA:8,0,1,2886
BRDA:8,1,0,4049
BRDA:8,1,1,1163
BRDA:10,2,0,6
BRDA:10,2,1,1157
BRDA:10,3,0,1163
BRDA:10,3,1,1160
BRDA:10,3,2,1157
BRDA:11,4,0,3
BRDA:11,4,1,3
BRDA:11,5,0,6
BRDA:11,5,1,6
BRDA:11,6,0,6
BRDA:11,6,1,0
BRDA:11,7,0,6
BRDA:11,7,1,6
BRDA:11,8,0,3
BRDA:11,8,1,3
BRDA:11,9,0,6
BRDA:11,9,1,6
BRF:21
BRH:20
end_of_record
TN:
SF:app/codeCharta/util/treeMapGenerator.ts
FN:13,createTreemapNodes
FN:15,(anonymous_1)
FN:59,buildSquarifiedTreeMapsForFixedFolders
FN:139,hasFixedFolders
FN:145,scaleRoot
FN:152,getSquarifiedTreeMap
FN:168,(anonymous_6)
FN:192,(anonymous_7)
FN:205,(anonymous_8)
FN:208,getEstimatedNodesPerSide
FN:211,(anonymous_10)
FN:225,isOnlyVisibleInComparisonMap
FN:230,calculateAreaValue
FNF:13
FNH:13
FNDA:12,createTreemapNodes
FNDA:14,(anonymous_1)
FNDA:5,buildSquarifiedTreeMapsForFixedFolders
FNDA:58,hasFixedFolders
FNDA:3,scaleRoot
FNDA:23,getSquarifiedTreeMap
FNDA:99,(anonymous_6)
FNDA:31,(anonymous_7)
FNDA:99,(anonymous_8)
FNDA:26,getEstimatedNodesPerSide
FNDA:148,(anonymous_10)
FNDA:3,isOnlyVisibleInComparisonMap
FNDA:100,calculateAreaValue
DA:1,112
DA:2,112
DA:4,112
DA:5,112
DA:9,112
DA:10,112
DA:11,112
DA:14,12
DA:15,14
DA:16,12
DA:18,12
DA:19,3
DA:22,3
DA:25,3
DA:28,3
DA:29,3
DA:32,3
DA:34,3
DA:50,9
DA:52,9
DA:53,9
DA:54,36
DA:56,9
DA:71,5
DA:73,5
DA:74,14
DA:75,14
DA:77,14
DA:82,46
DA:83,46
DA:87,46
DA:88,46
DA:89,46
DA:90,46
DA:93,46
DA:94,46
DA:95,46
DA:96,46
DA:98,46
DA:99,46
DA:101,46
DA:107,2
DA:108,2
DA:110,2
DA:131,2
DA:136,5
DA:142,58
DA:146,3
DA:147,3
DA:148,3
DA:149,3
DA:153,23
DA:154,23
DA:155,23
DA:159,23
DA:160,14
DA:161,14
DA:163,9
DA:164,9
DA:167,23
DA:168,23
DA:170,99
DA:171,31
DA:172,20
DA:174,31
DA:175,11
DA:185,23
DA:186,23
DA:188,23
DA:194,31
DA:196,20
DA:198,11
DA:199,11
DA:202,0
DA:205,99
DA:209,26
DA:210,26
DA:211,26
DA:212,148
DA:213,0
DA:215,148
DA:222,26
DA:226,3
DA:231,100
DA:232,0
DA:235,100
DA:236,1
DA:239,99
DA:240,38
DA:242,61
LF:90
LH:87
BRDA:18,0,0,3
BRDA:18,0,1,9
BRDA:101,1,0,2
BRDA:101,1,1,44
BRDA:142,2,0,3
BRDA:142,2,1,55
BRDA:142,3,0,58
BRDA:142,3,1,58
BRDA:159,4,0,14
BRDA:159,4,1,9
BRDA:170,5,0,31
BRDA:170,5,1,68
BRDA:171,6,0,20
BRDA:171,6,1,11
BRDA:174,7,0,11
BRDA:174,7,1,20
BRDA:174,8,0,31
BRDA:174,8,1,11
BRDA:194,9,0,20
BRDA:194,9,1,11
BRDA:198,10,0,11
BRDA:198,10,1,0
BRDA:198,11,0,11
BRDA:198,11,1,11
BRDA:212,12,0,0
BRDA:212,12,1,148
BRDA:212,13,0,148
BRDA:212,13,1,148
BRDA:226,14,0,3
BRDA:226,14,1,1
BRDA:231,15,0,0
BRDA:231,15,1,100
BRDA:235,16,0,1
BRDA:235,16,1,99
BRDA:235,17,0,100
BRDA:235,17,1,3
BRDA:239,18,0,38
BRDA:239,18,1,61
BRDA:239,19,0,99
BRDA:239,19,1,68
BRDA:239,20,0,0
BRDA:239,20,1,68
BRDA:239,21,0,68
BRDA:239,21,1,68
BRF:44
BRH:40
end_of_record
TN:
SF:app/codeCharta/util/treeMapHelper.ts
FN:12,countNodes
FN:22,buildingArrayToMap
FN:32,buildRootFolderForFixedFolders
FN:64,buildNodeFrom
FN:111,getHeightValue
FN:127,isVisible
FN:139,getIncomingEdgePoint
FN:146,getOutgoingEdgePoint
FN:153,isNodeFlat
FN:162,(anonymous_9)
FN:169,nodeHasNoVisibleEdges
FN:172,(anonymous_11)
FN:176,isNodeNonSearched
FN:180,getBuildingColor
FNF:14
FNH:14
FNDA:9,countNodes
FNDA:4,buildingArrayToMap
FNDA:3,buildRootFolderForFixedFolders
FNDA:109,buildNodeFrom
FNDA:109,getHeightValue
FNDA:112,isVisible
FNDA:112,getIncomingEdgePoint
FNDA:112,getOutgoingEdgePoint
FNDA:112,isNodeFlat
FNDA:12,(anonymous_9)
FNDA:1,nodeHasNoVisibleEdges
FNDA:1,(anonymous_11)
FNDA:2,isNodeNonSearched
FNDA:112,getBuildingColor
DA:1,112
DA:3,112
DA:6,112
DA:8,112
DA:9,112
DA:10,112
DA:13,9
DA:14,9
DA:15,4
DA:16,5
DA:19,9
DA:23,4
DA:25,4
DA:26,4
DA:29,4
DA:33,3
DA:34,3
DA:35,3
DA:36,3
DA:38,3
DA:71,109
DA:72,109
DA:73,109
DA:74,109
DA:75,109
DA:76,109
DA:77,109
DA:80,109
DA:81,109
DA:82,109
DA:84,109
DA:112,109
DA:114,109
DA:115,4
DA:118,105
DA:119,105
DA:121,105
DA:122,83
DA:124,22
DA:128,112
DA:129,5
DA:132,107
DA:133,1
DA:136,106
DA:140,112
DA:141,19
DA:143,93
DA:147,112
DA:148,19
DA:150,93
DA:154,112
DA:155,2
DA:158,110
DA:159,2
DA:162,108
DA:163,1
DA:166,107
DA:170,1
DA:172,1
DA:177,2
DA:181,112
DA:183,112
DA:184,0
DA:186,112
DA:188,112
DA:189,86
DA:191,26
DA:192,1
DA:194,25
DA:195,25
DA:196,14
DA:198,11
DA:199,10
DA:201,1
DA:204,112
LF:75
LH:74
BRDA:14,0,0,4
BRDA:14,0,1,5
BRDA:52,1,0,0
BRDA:52,1,1,3
BRDA:52,2,0,3
BRDA:52,2,1,3
BRDA:52,3,0,3
BRDA:52,3,1,0
BRDA:52,4,0,3
BRDA:52,4,1,3
BRDA:78,5,0,82
BRDA:78,5,1,27
BRDA:99,6,0,4
BRDA:99,6,1,105
BRDA:99,7,0,109
BRDA:99,7,1,109
BRDA:99,8,0,104
BRDA:99,8,1,5
BRDA:99,9,0,109
BRDA:99,9,1,109
BRDA:114,10,0,4
BRDA:114,10,1,105
BRDA:118,11,0,105
BRDA:118,11,1,84
BRDA:121,12,0,83
BRDA:121,12,1,22
BRDA:128,13,0,5
BRDA:128,13,1,107
BRDA:128,14,0,112
BRDA:128,14,1,111
BRDA:128,14,2,81
BRDA:128,14,3,81
BRDA:132,15,0,1
BRDA:132,15,1,106
BRDA:140,16,0,19
BRDA:140,16,1,93
BRDA:147,17,0,19
BRDA:147,17,1,93
BRDA:154,18,0,2
BRDA:154,18,1,110
BRDA:158,19,0,2
BRDA:158,19,1,108
BRDA:158,20,0,110
BRDA:158,20,1,110
BRDA:158,21,0,0
BRDA:158,21,1,110
BRDA:158,22,0,110
BRDA:158,22,1,110
BRDA:159,23,0,2
BRDA:159,23,1,2
BRDA:162,24,0,1
BRDA:162,24,1,107
BRDA:162,25,0,108
BRDA:162,25,1,12
BRDA:171,26,0,1
BRDA:171,26,1,1
BRDA:172,27,0,1
BRDA:172,27,1,1
BRDA:183,28,0,0
BRDA:183,28,1,112
BRDA:188,29,0,86
BRDA:188,29,1,26
BRDA:191,30,0,1
BRDA:191,30,1,25
BRDA:194,31,0,20
BRDA:194,31,1,5
BRDA:195,32,0,14
BRDA:195,32,1,11
BRDA:196,33,0,1
BRDA:196,33,1,13
BRDA:198,34,0,10
BRDA:198,34,1,1
BRDA:199,35,0,2
BRDA:199,35,1,8
BRF:74
BRH:70
end_of_record
TN:
SF:app/codeCharta/util/urlExtractor.ts
FN:7,(anonymous_7)
FN:9,(anonymous_8)
FN:23,(anonymous_9)
FN:31,(anonymous_11)
FN:31,(anonymous_12)
FN:37,(anonymous_13)
FNF:6
FNH:6
FNDA:20,(anonymous_7)
FNDA:4,(anonymous_8)
FNDA:14,(anonymous_9)
FNDA:16,(anonymous_11)
FNDA:16,(anonymous_12)
FNDA:15,(anonymous_13)
DA:7,20
DA:10,4
DA:11,4
DA:12,4
DA:14,4
DA:15,2
DA:17,2
DA:18,0
DA:20,2
DA:24,14
DA:26,14
DA:27,12
DA:30,14
DA:31,16
DA:32,16
DA:38,15
DA:39,13
DA:41,2
DA:42,2
DA:43,1
DA:45,1
LF:21
LH:20
BRDA:14,0,0,2
BRDA:14,0,1,2
BRDA:17,1,0,0
BRDA:17,1,1,2
BRDA:26,2,0,12
BRDA:26,2,1,2
BRDA:38,3,0,13
BRDA:38,3,1,2
BRDA:42,4,0,1
BRDA:42,4,1,1
BRDA:42,5,0,2
BRDA:42,5,1,2
BRF:12
BRH:11
end_of_record
TN:
SF:app/codeCharta/util/color/colorConverter.ts
FN:9,(anonymous_1)
FN:19,(anonymous_2)
FN:29,(anonymous_3)
FN:33,(anonymous_4)
FN:39,(anonymous_5)
FN:44,(anonymous_6)
FN:49,(anonymous_7)
FN:56,(anonymous_8)
FN:61,(anonymous_9)
FN:66,(anonymous_10)
FN:74,(anonymous_11)
FN:88,(anonymous_12)
FN:94,(anonymous_13)
FN:109,(anonymous_14)
FN:113,(anonymous_15)
FN:122,(anonymous_16)
FNF:16
FNH:16
FNDA:828,(anonymous_1)
FNDA:6,(anonymous_2)
FNDA:22,(anonymous_3)
FNDA:2,(anonymous_4)
FNDA:168,(anonymous_5)
FNDA:34,(anonymous_6)
FNDA:85,(anonymous_7)
FNDA:18,(anonymous_8)
FNDA:17,(anonymous_9)
FNDA:1,(anonymous_10)
FNDA:17,(anonymous_11)
FNDA:35,(anonymous_12)
FNDA:237,(anonymous_13)
FNDA:35,(anonymous_14)
FNDA:70,(anonymous_15)
FNDA:35,(anonymous_16)
DA:1,140
DA:2,140
DA:3,140
DA:6,140
DA:7,140
DA:10,828
DA:11,828
DA:12,16
DA:13,16
DA:16,828
DA:20,6
DA:21,6
DA:22,2
DA:23,2
DA:26,6
DA:30,22
DA:34,2
DA:35,2
DA:36,2
DA:40,168
DA:41,168
DA:45,34
DA:46,34
DA:50,85
DA:57,18
DA:58,18
DA:62,17
DA:63,17
DA:67,1
DA:68,1
DA:69,1
DA:71,1
DA:75,17
DA:76,17
DA:77,17
DA:78,17
DA:80,17
DA:81,85
DA:82,85
DA:83,85
DA:85,17
DA:89,35
DA:90,35
DA:91,35
DA:96,237
DA:97,237
DA:100,2
DA:102,237
DA:110,35
DA:114,70
DA:115,70
DA:116,70
DA:117,70
DA:118,70
DA:119,70
DA:123,35
LF:56
LH:56
BRDA:11,0,0,16
BRDA:11,0,1,812
BRDA:21,1,0,2
BRDA:21,1,1,4
BRDA:39,2,0,167
BRDA:97,3,0,2
BRDA:97,3,1,235
BRF:7
BRH:7
end_of_record
TN:
SF:app/codeCharta/util/color/hsl.ts
FN:4,(anonymous_1)
FN:6,(anonymous_2)
FN:10,(anonymous_3)
FN:14,(anonymous_4)
FN:18,(anonymous_5)
FN:22,(anonymous_6)
FNF:6
FNH:6
FNDA:24,(anonymous_1)
FNDA:19,(anonymous_2)
FNDA:19,(anonymous_3)
FNDA:26,(anonymous_4)
FNDA:18,(anonymous_5)
FNDA:2,(anonymous_6)
DA:1,141
DA:4,24
DA:7,19
DA:11,19
DA:15,26
DA:19,18
DA:23,2
LF:7
LH:7
BRF:0
BRH:0
end_of_record
